{"C:\\Users\\suned\\Desktop\\321projectlocal\\321-project\\server\\dbInterface\\serviceDB.js": {"path":"C:\\Users\\suned\\Desktop\\321projectlocal\\321-project\\server\\dbInterface\\serviceDB.js","statementMap":{"0":{"start":{"line":9,"column":12},"end":{"line":9,"column":28}},"1":{"start":{"line":10,"column":15},"end":{"line":10,"column":36}},"2":{"start":{"line":23,"column":0},"end":{"line":78,"column":2}},"3":{"start":{"line":25,"column":15},"end":{"line":25,"column":57}},"4":{"start":{"line":28,"column":2},"end":{"line":76,"column":5}},"5":{"start":{"line":29,"column":4},"end":{"line":32,"column":5}},"6":{"start":{"line":30,"column":6},"end":{"line":30,"column":54}},"7":{"start":{"line":31,"column":6},"end":{"line":31,"column":13}},"8":{"start":{"line":35,"column":17},"end":{"line":43,"column":38}},"9":{"start":{"line":46,"column":16},"end":{"line":47,"column":51}},"10":{"start":{"line":49,"column":4},"end":{"line":74,"column":7}},"11":{"start":{"line":50,"column":6},"end":{"line":53,"column":7}},"12":{"start":{"line":51,"column":8},"end":{"line":51,"column":56}},"13":{"start":{"line":52,"column":8},"end":{"line":52,"column":15}},"14":{"start":{"line":55,"column":15},"end":{"line":55,"column":31}},"15":{"start":{"line":57,"column":23},"end":{"line":57,"column":51}},"16":{"start":{"line":58,"column":6},"end":{"line":64,"column":9}},"17":{"start":{"line":59,"column":8},"end":{"line":62,"column":9}},"18":{"start":{"line":60,"column":10},"end":{"line":60,"column":58}},"19":{"start":{"line":61,"column":10},"end":{"line":61,"column":17}},"20":{"start":{"line":63,"column":8},"end":{"line":63,"column":27}},"21":{"start":{"line":67,"column":6},"end":{"line":72,"column":9}},"22":{"start":{"line":68,"column":8},"end":{"line":71,"column":9}},"23":{"start":{"line":69,"column":10},"end":{"line":69,"column":58}},"24":{"start":{"line":70,"column":10},"end":{"line":70,"column":17}},"25":{"start":{"line":90,"column":0},"end":{"line":128,"column":2}},"26":{"start":{"line":92,"column":15},"end":{"line":92,"column":57}},"27":{"start":{"line":95,"column":2},"end":{"line":126,"column":5}},"28":{"start":{"line":96,"column":4},"end":{"line":99,"column":5}},"29":{"start":{"line":97,"column":6},"end":{"line":97,"column":54}},"30":{"start":{"line":98,"column":6},"end":{"line":98,"column":13}},"31":{"start":{"line":102,"column":16},"end":{"line":102,"column":47}},"32":{"start":{"line":104,"column":19},"end":{"line":104,"column":29}},"33":{"start":{"line":106,"column":4},"end":{"line":106,"column":36}},"34":{"start":{"line":109,"column":4},"end":{"line":116,"column":7}},"35":{"start":{"line":110,"column":6},"end":{"line":113,"column":7}},"36":{"start":{"line":111,"column":8},"end":{"line":111,"column":56}},"37":{"start":{"line":112,"column":8},"end":{"line":112,"column":15}},"38":{"start":{"line":115,"column":6},"end":{"line":115,"column":23}},"39":{"start":{"line":119,"column":4},"end":{"line":124,"column":7}},"40":{"start":{"line":120,"column":6},"end":{"line":123,"column":7}},"41":{"start":{"line":121,"column":8},"end":{"line":121,"column":56}},"42":{"start":{"line":122,"column":8},"end":{"line":122,"column":15}},"43":{"start":{"line":141,"column":0},"end":{"line":168,"column":2}},"44":{"start":{"line":143,"column":15},"end":{"line":143,"column":57}},"45":{"start":{"line":146,"column":2},"end":{"line":166,"column":5}},"46":{"start":{"line":147,"column":4},"end":{"line":150,"column":5}},"47":{"start":{"line":148,"column":6},"end":{"line":148,"column":54}},"48":{"start":{"line":149,"column":6},"end":{"line":149,"column":13}},"49":{"start":{"line":153,"column":16},"end":{"line":153,"column":64}},"50":{"start":{"line":156,"column":4},"end":{"line":163,"column":7}},"51":{"start":{"line":157,"column":6},"end":{"line":160,"column":7}},"52":{"start":{"line":158,"column":8},"end":{"line":158,"column":56}},"53":{"start":{"line":159,"column":8},"end":{"line":159,"column":15}},"54":{"start":{"line":161,"column":6},"end":{"line":161,"column":23}},"55":{"start":{"line":182,"column":0},"end":{"line":228,"column":2}},"56":{"start":{"line":184,"column":15},"end":{"line":184,"column":57}},"57":{"start":{"line":187,"column":2},"end":{"line":226,"column":5}},"58":{"start":{"line":188,"column":4},"end":{"line":191,"column":5}},"59":{"start":{"line":189,"column":6},"end":{"line":189,"column":54}},"60":{"start":{"line":190,"column":6},"end":{"line":190,"column":13}},"61":{"start":{"line":194,"column":17},"end":{"line":201,"column":38}},"62":{"start":{"line":204,"column":16},"end":{"line":205,"column":54}},"63":{"start":{"line":207,"column":4},"end":{"line":214,"column":7}},"64":{"start":{"line":208,"column":6},"end":{"line":211,"column":7}},"65":{"start":{"line":209,"column":8},"end":{"line":209,"column":56}},"66":{"start":{"line":210,"column":8},"end":{"line":210,"column":15}},"67":{"start":{"line":213,"column":6},"end":{"line":213,"column":27}},"68":{"start":{"line":218,"column":4},"end":{"line":224,"column":7}},"69":{"start":{"line":219,"column":6},"end":{"line":222,"column":7}},"70":{"start":{"line":220,"column":8},"end":{"line":220,"column":56}},"71":{"start":{"line":221,"column":8},"end":{"line":221,"column":15}},"72":{"start":{"line":231,"column":0},"end":{"line":270,"column":2}},"73":{"start":{"line":233,"column":15},"end":{"line":233,"column":54}},"74":{"start":{"line":236,"column":2},"end":{"line":268,"column":5}},"75":{"start":{"line":237,"column":4},"end":{"line":240,"column":5}},"76":{"start":{"line":238,"column":6},"end":{"line":238,"column":50}},"77":{"start":{"line":239,"column":6},"end":{"line":239,"column":13}},"78":{"start":{"line":242,"column":17},"end":{"line":246,"column":5}},"79":{"start":{"line":249,"column":16},"end":{"line":249,"column":88}},"80":{"start":{"line":251,"column":4},"end":{"line":257,"column":7}},"81":{"start":{"line":252,"column":6},"end":{"line":255,"column":7}},"82":{"start":{"line":253,"column":8},"end":{"line":253,"column":52}},"83":{"start":{"line":254,"column":8},"end":{"line":254,"column":15}},"84":{"start":{"line":256,"column":6},"end":{"line":256,"column":17}},"85":{"start":{"line":261,"column":4},"end":{"line":266,"column":7}},"86":{"start":{"line":262,"column":6},"end":{"line":265,"column":7}},"87":{"start":{"line":263,"column":8},"end":{"line":263,"column":52}},"88":{"start":{"line":264,"column":8},"end":{"line":264,"column":15}},"89":{"start":{"line":281,"column":17},"end":{"line":316,"column":1}},"90":{"start":{"line":282,"column":2},"end":{"line":314,"column":5}},"91":{"start":{"line":283,"column":17},"end":{"line":283,"column":59}},"92":{"start":{"line":286,"column":4},"end":{"line":312,"column":7}},"93":{"start":{"line":287,"column":6},"end":{"line":289,"column":7}},"94":{"start":{"line":288,"column":8},"end":{"line":288,"column":50}},"95":{"start":{"line":291,"column":18},"end":{"line":291,"column":81}},"96":{"start":{"line":292,"column":6},"end":{"line":301,"column":9}},"97":{"start":{"line":293,"column":8},"end":{"line":298,"column":9}},"98":{"start":{"line":294,"column":10},"end":{"line":294,"column":57}},"99":{"start":{"line":295,"column":15},"end":{"line":298,"column":9}},"100":{"start":{"line":296,"column":2},"end":{"line":296,"column":19}},"101":{"start":{"line":297,"column":10},"end":{"line":297,"column":52}},"102":{"start":{"line":300,"column":8},"end":{"line":300,"column":27}},"103":{"start":{"line":305,"column":6},"end":{"line":310,"column":9}},"104":{"start":{"line":306,"column":8},"end":{"line":308,"column":9}},"105":{"start":{"line":307,"column":10},"end":{"line":307,"column":52}},"106":{"start":{"line":318,"column":0},"end":{"line":365,"column":2}},"107":{"start":{"line":320,"column":2},"end":{"line":363,"column":5}},"108":{"start":{"line":322,"column":17},"end":{"line":322,"column":56}},"109":{"start":{"line":325,"column":4},"end":{"line":358,"column":7}},"110":{"start":{"line":326,"column":6},"end":{"line":329,"column":7}},"111":{"start":{"line":327,"column":8},"end":{"line":327,"column":56}},"112":{"start":{"line":328,"column":8},"end":{"line":328,"column":15}},"113":{"start":{"line":331,"column":19},"end":{"line":335,"column":7}},"114":{"start":{"line":338,"column":18},"end":{"line":338,"column":90}},"115":{"start":{"line":340,"column":6},"end":{"line":356,"column":9}},"116":{"start":{"line":341,"column":8},"end":{"line":344,"column":9}},"117":{"start":{"line":342,"column":10},"end":{"line":342,"column":58}},"118":{"start":{"line":343,"column":10},"end":{"line":343,"column":17}},"119":{"start":{"line":346,"column":8},"end":{"line":346,"column":34}},"120":{"start":{"line":349,"column":8},"end":{"line":354,"column":11}},"121":{"start":{"line":350,"column":10},"end":{"line":353,"column":11}},"122":{"start":{"line":351,"column":12},"end":{"line":351,"column":60}},"123":{"start":{"line":352,"column":12},"end":{"line":352,"column":19}},"124":{"start":{"line":362,"column":4},"end":{"line":362,"column":22}},"125":{"start":{"line":368,"column":0},"end":{"line":405,"column":2}},"126":{"start":{"line":370,"column":15},"end":{"line":370,"column":54}},"127":{"start":{"line":373,"column":2},"end":{"line":404,"column":5}},"128":{"start":{"line":374,"column":4},"end":{"line":377,"column":5}},"129":{"start":{"line":375,"column":6},"end":{"line":375,"column":54}},"130":{"start":{"line":376,"column":6},"end":{"line":376,"column":13}},"131":{"start":{"line":380,"column":16},"end":{"line":380,"column":51}},"132":{"start":{"line":382,"column":19},"end":{"line":382,"column":29}},"133":{"start":{"line":384,"column":4},"end":{"line":384,"column":36}},"134":{"start":{"line":387,"column":4},"end":{"line":394,"column":7}},"135":{"start":{"line":388,"column":6},"end":{"line":391,"column":7}},"136":{"start":{"line":389,"column":8},"end":{"line":389,"column":56}},"137":{"start":{"line":390,"column":8},"end":{"line":390,"column":15}},"138":{"start":{"line":393,"column":6},"end":{"line":393,"column":23}},"139":{"start":{"line":397,"column":4},"end":{"line":402,"column":7}},"140":{"start":{"line":398,"column":6},"end":{"line":401,"column":7}},"141":{"start":{"line":399,"column":8},"end":{"line":399,"column":56}},"142":{"start":{"line":400,"column":8},"end":{"line":400,"column":15}},"143":{"start":{"line":417,"column":0},"end":{"line":455,"column":2}},"144":{"start":{"line":419,"column":15},"end":{"line":419,"column":57}},"145":{"start":{"line":422,"column":2},"end":{"line":453,"column":5}},"146":{"start":{"line":423,"column":4},"end":{"line":426,"column":5}},"147":{"start":{"line":424,"column":6},"end":{"line":424,"column":54}},"148":{"start":{"line":425,"column":6},"end":{"line":425,"column":13}},"149":{"start":{"line":429,"column":16},"end":{"line":429,"column":47}},"150":{"start":{"line":431,"column":19},"end":{"line":431,"column":29}},"151":{"start":{"line":433,"column":4},"end":{"line":433,"column":35}},"152":{"start":{"line":436,"column":4},"end":{"line":443,"column":7}},"153":{"start":{"line":437,"column":6},"end":{"line":440,"column":7}},"154":{"start":{"line":438,"column":8},"end":{"line":438,"column":56}},"155":{"start":{"line":439,"column":8},"end":{"line":439,"column":15}},"156":{"start":{"line":442,"column":6},"end":{"line":442,"column":23}},"157":{"start":{"line":446,"column":4},"end":{"line":451,"column":7}},"158":{"start":{"line":447,"column":6},"end":{"line":450,"column":7}},"159":{"start":{"line":448,"column":8},"end":{"line":448,"column":56}},"160":{"start":{"line":449,"column":8},"end":{"line":449,"column":15}}},"fnMap":{"0":{"name":"(anonymous_0)","decl":{"start":{"line":23,"column":21},"end":{"line":23,"column":22}},"loc":{"start":{"line":23,"column":50},"end":{"line":78,"column":1}},"line":23},"1":{"name":"(anonymous_1)","decl":{"start":{"line":28,"column":17},"end":{"line":28,"column":18}},"loc":{"start":{"line":28,"column":32},"end":{"line":76,"column":3}},"line":28},"2":{"name":"(anonymous_2)","decl":{"start":{"line":49,"column":32},"end":{"line":49,"column":33}},"loc":{"start":{"line":49,"column":58},"end":{"line":74,"column":5}},"line":49},"3":{"name":"(anonymous_3)","decl":{"start":{"line":58,"column":74},"end":{"line":58,"column":75}},"loc":{"start":{"line":58,"column":100},"end":{"line":64,"column":7}},"line":58},"4":{"name":"(anonymous_4)","decl":{"start":{"line":67,"column":17},"end":{"line":67,"column":18}},"loc":{"start":{"line":67,"column":32},"end":{"line":72,"column":7}},"line":67},"5":{"name":"(anonymous_5)","decl":{"start":{"line":90,"column":21},"end":{"line":90,"column":22}},"loc":{"start":{"line":90,"column":52},"end":{"line":128,"column":1}},"line":90},"6":{"name":"(anonymous_6)","decl":{"start":{"line":95,"column":17},"end":{"line":95,"column":18}},"loc":{"start":{"line":95,"column":32},"end":{"line":126,"column":3}},"line":95},"7":{"name":"(anonymous_7)","decl":{"start":{"line":109,"column":24},"end":{"line":109,"column":25}},"loc":{"start":{"line":109,"column":49},"end":{"line":116,"column":5}},"line":109},"8":{"name":"(anonymous_8)","decl":{"start":{"line":119,"column":15},"end":{"line":119,"column":16}},"loc":{"start":{"line":119,"column":30},"end":{"line":124,"column":5}},"line":119},"9":{"name":"(anonymous_9)","decl":{"start":{"line":141,"column":24},"end":{"line":141,"column":25}},"loc":{"start":{"line":141,"column":54},"end":{"line":168,"column":1}},"line":141},"10":{"name":"(anonymous_10)","decl":{"start":{"line":146,"column":17},"end":{"line":146,"column":18}},"loc":{"start":{"line":146,"column":32},"end":{"line":166,"column":3}},"line":146},"11":{"name":"(anonymous_11)","decl":{"start":{"line":156,"column":24},"end":{"line":156,"column":25}},"loc":{"start":{"line":156,"column":49},"end":{"line":163,"column":5}},"line":156},"12":{"name":"(anonymous_12)","decl":{"start":{"line":182,"column":24},"end":{"line":182,"column":25}},"loc":{"start":{"line":182,"column":64},"end":{"line":228,"column":1}},"line":182},"13":{"name":"(anonymous_13)","decl":{"start":{"line":187,"column":17},"end":{"line":187,"column":18}},"loc":{"start":{"line":187,"column":32},"end":{"line":226,"column":3}},"line":187},"14":{"name":"(anonymous_14)","decl":{"start":{"line":207,"column":32},"end":{"line":207,"column":33}},"loc":{"start":{"line":207,"column":58},"end":{"line":214,"column":5}},"line":207},"15":{"name":"(anonymous_15)","decl":{"start":{"line":218,"column":15},"end":{"line":218,"column":16}},"loc":{"start":{"line":218,"column":30},"end":{"line":224,"column":5}},"line":218},"16":{"name":"(anonymous_16)","decl":{"start":{"line":231,"column":33},"end":{"line":231,"column":34}},"loc":{"start":{"line":231,"column":72},"end":{"line":270,"column":1}},"line":231},"17":{"name":"(anonymous_17)","decl":{"start":{"line":236,"column":17},"end":{"line":236,"column":18}},"loc":{"start":{"line":236,"column":32},"end":{"line":268,"column":3}},"line":236},"18":{"name":"(anonymous_18)","decl":{"start":{"line":251,"column":32},"end":{"line":251,"column":33}},"loc":{"start":{"line":251,"column":58},"end":{"line":257,"column":5}},"line":251},"19":{"name":"(anonymous_19)","decl":{"start":{"line":261,"column":15},"end":{"line":261,"column":16}},"loc":{"start":{"line":261,"column":30},"end":{"line":266,"column":5}},"line":261},"20":{"name":"(anonymous_20)","decl":{"start":{"line":281,"column":17},"end":{"line":281,"column":18}},"loc":{"start":{"line":281,"column":37},"end":{"line":316,"column":1}},"line":281},"21":{"name":"(anonymous_21)","decl":{"start":{"line":282,"column":21},"end":{"line":282,"column":22}},"loc":{"start":{"line":282,"column":42},"end":{"line":314,"column":3}},"line":282},"22":{"name":"(anonymous_22)","decl":{"start":{"line":286,"column":19},"end":{"line":286,"column":20}},"loc":{"start":{"line":286,"column":34},"end":{"line":312,"column":5}},"line":286},"23":{"name":"(anonymous_23)","decl":{"start":{"line":292,"column":26},"end":{"line":292,"column":27}},"loc":{"start":{"line":292,"column":52},"end":{"line":301,"column":7}},"line":292},"24":{"name":"(anonymous_24)","decl":{"start":{"line":305,"column":17},"end":{"line":305,"column":18}},"loc":{"start":{"line":305,"column":32},"end":{"line":310,"column":7}},"line":305},"25":{"name":"(anonymous_25)","decl":{"start":{"line":318,"column":25},"end":{"line":318,"column":26}},"loc":{"start":{"line":318,"column":66},"end":{"line":365,"column":1}},"line":318},"26":{"name":"(anonymous_26)","decl":{"start":{"line":320,"column":29},"end":{"line":320,"column":30}},"loc":{"start":{"line":320,"column":44},"end":{"line":359,"column":3}},"line":320},"27":{"name":"(anonymous_27)","decl":{"start":{"line":325,"column":19},"end":{"line":325,"column":20}},"loc":{"start":{"line":325,"column":34},"end":{"line":358,"column":5}},"line":325},"28":{"name":"(anonymous_28)","decl":{"start":{"line":340,"column":34},"end":{"line":340,"column":35}},"loc":{"start":{"line":340,"column":60},"end":{"line":356,"column":7}},"line":340},"29":{"name":"(anonymous_29)","decl":{"start":{"line":349,"column":19},"end":{"line":349,"column":20}},"loc":{"start":{"line":349,"column":34},"end":{"line":354,"column":9}},"line":349},"30":{"name":"(anonymous_30)","decl":{"start":{"line":361,"column":2},"end":{"line":361,"column":3}},"loc":{"start":{"line":361,"column":11},"end":{"line":363,"column":3}},"line":361},"31":{"name":"(anonymous_31)","decl":{"start":{"line":368,"column":32},"end":{"line":368,"column":33}},"loc":{"start":{"line":368,"column":63},"end":{"line":405,"column":1}},"line":368},"32":{"name":"(anonymous_32)","decl":{"start":{"line":373,"column":17},"end":{"line":373,"column":18}},"loc":{"start":{"line":373,"column":32},"end":{"line":404,"column":3}},"line":373},"33":{"name":"(anonymous_33)","decl":{"start":{"line":387,"column":24},"end":{"line":387,"column":25}},"loc":{"start":{"line":387,"column":49},"end":{"line":394,"column":5}},"line":387},"34":{"name":"(anonymous_34)","decl":{"start":{"line":397,"column":15},"end":{"line":397,"column":16}},"loc":{"start":{"line":397,"column":30},"end":{"line":402,"column":5}},"line":397},"35":{"name":"(anonymous_35)","decl":{"start":{"line":417,"column":37},"end":{"line":417,"column":38}},"loc":{"start":{"line":417,"column":68},"end":{"line":455,"column":1}},"line":417},"36":{"name":"(anonymous_36)","decl":{"start":{"line":422,"column":17},"end":{"line":422,"column":18}},"loc":{"start":{"line":422,"column":32},"end":{"line":453,"column":3}},"line":422},"37":{"name":"(anonymous_37)","decl":{"start":{"line":436,"column":24},"end":{"line":436,"column":25}},"loc":{"start":{"line":436,"column":49},"end":{"line":443,"column":5}},"line":436},"38":{"name":"(anonymous_38)","decl":{"start":{"line":446,"column":15},"end":{"line":446,"column":16}},"loc":{"start":{"line":446,"column":30},"end":{"line":451,"column":5}},"line":446}},"branchMap":{"0":{"loc":{"start":{"line":29,"column":4},"end":{"line":32,"column":5}},"type":"if","locations":[{"start":{"line":29,"column":4},"end":{"line":32,"column":5}},{"start":{"line":29,"column":4},"end":{"line":32,"column":5}}],"line":29},"1":{"loc":{"start":{"line":50,"column":6},"end":{"line":53,"column":7}},"type":"if","locations":[{"start":{"line":50,"column":6},"end":{"line":53,"column":7}},{"start":{"line":50,"column":6},"end":{"line":53,"column":7}}],"line":50},"2":{"loc":{"start":{"line":59,"column":8},"end":{"line":62,"column":9}},"type":"if","locations":[{"start":{"line":59,"column":8},"end":{"line":62,"column":9}},{"start":{"line":59,"column":8},"end":{"line":62,"column":9}}],"line":59},"3":{"loc":{"start":{"line":68,"column":8},"end":{"line":71,"column":9}},"type":"if","locations":[{"start":{"line":68,"column":8},"end":{"line":71,"column":9}},{"start":{"line":68,"column":8},"end":{"line":71,"column":9}}],"line":68},"4":{"loc":{"start":{"line":96,"column":4},"end":{"line":99,"column":5}},"type":"if","locations":[{"start":{"line":96,"column":4},"end":{"line":99,"column":5}},{"start":{"line":96,"column":4},"end":{"line":99,"column":5}}],"line":96},"5":{"loc":{"start":{"line":110,"column":6},"end":{"line":113,"column":7}},"type":"if","locations":[{"start":{"line":110,"column":6},"end":{"line":113,"column":7}},{"start":{"line":110,"column":6},"end":{"line":113,"column":7}}],"line":110},"6":{"loc":{"start":{"line":120,"column":6},"end":{"line":123,"column":7}},"type":"if","locations":[{"start":{"line":120,"column":6},"end":{"line":123,"column":7}},{"start":{"line":120,"column":6},"end":{"line":123,"column":7}}],"line":120},"7":{"loc":{"start":{"line":147,"column":4},"end":{"line":150,"column":5}},"type":"if","locations":[{"start":{"line":147,"column":4},"end":{"line":150,"column":5}},{"start":{"line":147,"column":4},"end":{"line":150,"column":5}}],"line":147},"8":{"loc":{"start":{"line":157,"column":6},"end":{"line":160,"column":7}},"type":"if","locations":[{"start":{"line":157,"column":6},"end":{"line":160,"column":7}},{"start":{"line":157,"column":6},"end":{"line":160,"column":7}}],"line":157},"9":{"loc":{"start":{"line":188,"column":4},"end":{"line":191,"column":5}},"type":"if","locations":[{"start":{"line":188,"column":4},"end":{"line":191,"column":5}},{"start":{"line":188,"column":4},"end":{"line":191,"column":5}}],"line":188},"10":{"loc":{"start":{"line":208,"column":6},"end":{"line":211,"column":7}},"type":"if","locations":[{"start":{"line":208,"column":6},"end":{"line":211,"column":7}},{"start":{"line":208,"column":6},"end":{"line":211,"column":7}}],"line":208},"11":{"loc":{"start":{"line":219,"column":6},"end":{"line":222,"column":7}},"type":"if","locations":[{"start":{"line":219,"column":6},"end":{"line":222,"column":7}},{"start":{"line":219,"column":6},"end":{"line":222,"column":7}}],"line":219},"12":{"loc":{"start":{"line":237,"column":4},"end":{"line":240,"column":5}},"type":"if","locations":[{"start":{"line":237,"column":4},"end":{"line":240,"column":5}},{"start":{"line":237,"column":4},"end":{"line":240,"column":5}}],"line":237},"13":{"loc":{"start":{"line":252,"column":6},"end":{"line":255,"column":7}},"type":"if","locations":[{"start":{"line":252,"column":6},"end":{"line":255,"column":7}},{"start":{"line":252,"column":6},"end":{"line":255,"column":7}}],"line":252},"14":{"loc":{"start":{"line":262,"column":6},"end":{"line":265,"column":7}},"type":"if","locations":[{"start":{"line":262,"column":6},"end":{"line":265,"column":7}},{"start":{"line":262,"column":6},"end":{"line":265,"column":7}}],"line":262},"15":{"loc":{"start":{"line":287,"column":6},"end":{"line":289,"column":7}},"type":"if","locations":[{"start":{"line":287,"column":6},"end":{"line":289,"column":7}},{"start":{"line":287,"column":6},"end":{"line":289,"column":7}}],"line":287},"16":{"loc":{"start":{"line":293,"column":8},"end":{"line":298,"column":9}},"type":"if","locations":[{"start":{"line":293,"column":8},"end":{"line":298,"column":9}},{"start":{"line":293,"column":8},"end":{"line":298,"column":9}}],"line":293},"17":{"loc":{"start":{"line":293,"column":12},"end":{"line":293,"column":87}},"type":"binary-expr","locations":[{"start":{"line":293,"column":12},"end":{"line":293,"column":15}},{"start":{"line":293,"column":19},"end":{"line":293,"column":87}}],"line":293},"18":{"loc":{"start":{"line":295,"column":15},"end":{"line":298,"column":9}},"type":"if","locations":[{"start":{"line":295,"column":15},"end":{"line":298,"column":9}},{"start":{"line":295,"column":15},"end":{"line":298,"column":9}}],"line":295},"19":{"loc":{"start":{"line":306,"column":8},"end":{"line":308,"column":9}},"type":"if","locations":[{"start":{"line":306,"column":8},"end":{"line":308,"column":9}},{"start":{"line":306,"column":8},"end":{"line":308,"column":9}}],"line":306},"20":{"loc":{"start":{"line":326,"column":6},"end":{"line":329,"column":7}},"type":"if","locations":[{"start":{"line":326,"column":6},"end":{"line":329,"column":7}},{"start":{"line":326,"column":6},"end":{"line":329,"column":7}}],"line":326},"21":{"loc":{"start":{"line":341,"column":8},"end":{"line":344,"column":9}},"type":"if","locations":[{"start":{"line":341,"column":8},"end":{"line":344,"column":9}},{"start":{"line":341,"column":8},"end":{"line":344,"column":9}}],"line":341},"22":{"loc":{"start":{"line":350,"column":10},"end":{"line":353,"column":11}},"type":"if","locations":[{"start":{"line":350,"column":10},"end":{"line":353,"column":11}},{"start":{"line":350,"column":10},"end":{"line":353,"column":11}}],"line":350},"23":{"loc":{"start":{"line":374,"column":4},"end":{"line":377,"column":5}},"type":"if","locations":[{"start":{"line":374,"column":4},"end":{"line":377,"column":5}},{"start":{"line":374,"column":4},"end":{"line":377,"column":5}}],"line":374},"24":{"loc":{"start":{"line":388,"column":6},"end":{"line":391,"column":7}},"type":"if","locations":[{"start":{"line":388,"column":6},"end":{"line":391,"column":7}},{"start":{"line":388,"column":6},"end":{"line":391,"column":7}}],"line":388},"25":{"loc":{"start":{"line":398,"column":6},"end":{"line":401,"column":7}},"type":"if","locations":[{"start":{"line":398,"column":6},"end":{"line":401,"column":7}},{"start":{"line":398,"column":6},"end":{"line":401,"column":7}}],"line":398},"26":{"loc":{"start":{"line":423,"column":4},"end":{"line":426,"column":5}},"type":"if","locations":[{"start":{"line":423,"column":4},"end":{"line":426,"column":5}},{"start":{"line":423,"column":4},"end":{"line":426,"column":5}}],"line":423},"27":{"loc":{"start":{"line":437,"column":6},"end":{"line":440,"column":7}},"type":"if","locations":[{"start":{"line":437,"column":6},"end":{"line":440,"column":7}},{"start":{"line":437,"column":6},"end":{"line":440,"column":7}}],"line":437},"28":{"loc":{"start":{"line":447,"column":6},"end":{"line":450,"column":7}},"type":"if","locations":[{"start":{"line":447,"column":6},"end":{"line":450,"column":7}},{"start":{"line":447,"column":6},"end":{"line":450,"column":7}}],"line":447}},"s":{"0":1,"1":1,"2":1,"3":2,"4":2,"5":2,"6":0,"7":0,"8":2,"9":2,"10":2,"11":2,"12":0,"13":0,"14":2,"15":2,"16":2,"17":2,"18":0,"19":0,"20":2,"21":2,"22":2,"23":0,"24":0,"25":1,"26":4,"27":4,"28":4,"29":0,"30":0,"31":4,"32":4,"33":4,"34":4,"35":4,"36":0,"37":0,"38":4,"39":4,"40":4,"41":0,"42":0,"43":1,"44":2,"45":2,"46":2,"47":0,"48":0,"49":2,"50":2,"51":2,"52":0,"53":0,"54":2,"55":1,"56":2,"57":2,"58":2,"59":0,"60":0,"61":2,"62":2,"63":2,"64":2,"65":0,"66":0,"67":2,"68":2,"69":2,"70":0,"71":0,"72":1,"73":2,"74":2,"75":2,"76":0,"77":0,"78":2,"79":2,"80":2,"81":2,"82":0,"83":0,"84":2,"85":2,"86":2,"87":0,"88":0,"89":1,"90":6,"91":6,"92":6,"93":6,"94":0,"95":6,"96":6,"97":6,"98":0,"99":6,"100":0,"101":0,"102":6,"103":6,"104":6,"105":0,"106":1,"107":6,"108":6,"109":6,"110":6,"111":0,"112":0,"113":6,"114":6,"115":6,"116":6,"117":4,"118":4,"119":2,"120":2,"121":2,"122":0,"123":0,"124":0,"125":1,"126":6,"127":6,"128":6,"129":0,"130":0,"131":6,"132":6,"133":6,"134":6,"135":6,"136":0,"137":0,"138":6,"139":6,"140":6,"141":0,"142":0,"143":1,"144":6,"145":6,"146":6,"147":0,"148":0,"149":6,"150":6,"151":6,"152":6,"153":6,"154":4,"155":4,"156":2,"157":6,"158":6,"159":0,"160":0},"f":{"0":2,"1":2,"2":2,"3":2,"4":2,"5":4,"6":4,"7":4,"8":4,"9":2,"10":2,"11":2,"12":2,"13":2,"14":2,"15":2,"16":2,"17":2,"18":2,"19":2,"20":6,"21":6,"22":6,"23":6,"24":6,"25":6,"26":6,"27":6,"28":6,"29":2,"30":0,"31":6,"32":6,"33":6,"34":6,"35":6,"36":6,"37":6,"38":6},"b":{"0":[0,2],"1":[0,2],"2":[0,2],"3":[0,2],"4":[0,4],"5":[0,4],"6":[0,4],"7":[0,2],"8":[0,2],"9":[0,2],"10":[0,2],"11":[0,2],"12":[0,2],"13":[0,2],"14":[0,2],"15":[0,6],"16":[0,6],"17":[6,0],"18":[0,6],"19":[0,6],"20":[0,6],"21":[4,2],"22":[0,2],"23":[0,6],"24":[0,6],"25":[0,6],"26":[0,6],"27":[4,2],"28":[0,6]},"_coverageSchema":"1a1c01bbd47fc00a2c39e90264f33305004495a9","hash":"35c6459191f26a55ceadac6375cc2ddaf27c9784"}
,"C:\\Users\\suned\\Desktop\\321projectlocal\\321-project\\server\\dbInterface\\userDB.js": {"path":"C:\\Users\\suned\\Desktop\\321projectlocal\\321-project\\server\\dbInterface\\userDB.js","statementMap":{"0":{"start":{"line":8,"column":12},"end":{"line":8,"column":28}},"1":{"start":{"line":9,"column":15},"end":{"line":9,"column":36}},"2":{"start":{"line":22,"column":0},"end":{"line":70,"column":2}},"3":{"start":{"line":24,"column":15},"end":{"line":24,"column":54}},"4":{"start":{"line":27,"column":2},"end":{"line":68,"column":5}},"5":{"start":{"line":28,"column":4},"end":{"line":31,"column":5}},"6":{"start":{"line":29,"column":6},"end":{"line":29,"column":54}},"7":{"start":{"line":30,"column":6},"end":{"line":30,"column":13}},"8":{"start":{"line":33,"column":17},"end":{"line":37,"column":5}},"9":{"start":{"line":40,"column":16},"end":{"line":40,"column":85}},"10":{"start":{"line":42,"column":4},"end":{"line":56,"column":7}},"11":{"start":{"line":43,"column":6},"end":{"line":50,"column":7}},"12":{"start":{"line":44,"column":8},"end":{"line":44,"column":66}},"13":{"start":{"line":45,"column":8},"end":{"line":45,"column":15}},"14":{"start":{"line":46,"column":13},"end":{"line":50,"column":7}},"15":{"start":{"line":48,"column":8},"end":{"line":48,"column":56}},"16":{"start":{"line":49,"column":8},"end":{"line":49,"column":15}},"17":{"start":{"line":52,"column":6},"end":{"line":55,"column":9}},"18":{"start":{"line":60,"column":4},"end":{"line":66,"column":7}},"19":{"start":{"line":61,"column":6},"end":{"line":64,"column":7}},"20":{"start":{"line":62,"column":8},"end":{"line":62,"column":56}},"21":{"start":{"line":63,"column":8},"end":{"line":63,"column":15}},"22":{"start":{"line":84,"column":0},"end":{"line":118,"column":2}},"23":{"start":{"line":86,"column":15},"end":{"line":86,"column":54}},"24":{"start":{"line":89,"column":2},"end":{"line":116,"column":5}},"25":{"start":{"line":90,"column":4},"end":{"line":93,"column":5}},"26":{"start":{"line":91,"column":6},"end":{"line":91,"column":54}},"27":{"start":{"line":92,"column":6},"end":{"line":92,"column":13}},"28":{"start":{"line":96,"column":16},"end":{"line":96,"column":71}},"29":{"start":{"line":99,"column":4},"end":{"line":106,"column":7}},"30":{"start":{"line":100,"column":6},"end":{"line":103,"column":7}},"31":{"start":{"line":101,"column":8},"end":{"line":101,"column":56}},"32":{"start":{"line":102,"column":8},"end":{"line":102,"column":15}},"33":{"start":{"line":105,"column":6},"end":{"line":105,"column":23}},"34":{"start":{"line":109,"column":4},"end":{"line":114,"column":7}},"35":{"start":{"line":110,"column":6},"end":{"line":113,"column":7}},"36":{"start":{"line":111,"column":8},"end":{"line":111,"column":56}},"37":{"start":{"line":112,"column":8},"end":{"line":112,"column":15}},"38":{"start":{"line":132,"column":0},"end":{"line":175,"column":2}},"39":{"start":{"line":134,"column":15},"end":{"line":134,"column":54}},"40":{"start":{"line":137,"column":2},"end":{"line":173,"column":5}},"41":{"start":{"line":138,"column":4},"end":{"line":141,"column":5}},"42":{"start":{"line":139,"column":6},"end":{"line":139,"column":54}},"43":{"start":{"line":140,"column":6},"end":{"line":140,"column":13}},"44":{"start":{"line":143,"column":17},"end":{"line":147,"column":5}},"45":{"start":{"line":150,"column":16},"end":{"line":150,"column":119}},"46":{"start":{"line":152,"column":4},"end":{"line":162,"column":7}},"47":{"start":{"line":153,"column":6},"end":{"line":156,"column":7}},"48":{"start":{"line":154,"column":8},"end":{"line":154,"column":56}},"49":{"start":{"line":155,"column":8},"end":{"line":155,"column":15}},"50":{"start":{"line":158,"column":6},"end":{"line":161,"column":9}},"51":{"start":{"line":166,"column":4},"end":{"line":171,"column":7}},"52":{"start":{"line":167,"column":6},"end":{"line":170,"column":7}},"53":{"start":{"line":168,"column":8},"end":{"line":168,"column":56}},"54":{"start":{"line":169,"column":8},"end":{"line":169,"column":15}},"55":{"start":{"line":178,"column":0},"end":{"line":223,"column":2}},"56":{"start":{"line":180,"column":15},"end":{"line":180,"column":54}},"57":{"start":{"line":183,"column":2},"end":{"line":221,"column":5}},"58":{"start":{"line":184,"column":4},"end":{"line":187,"column":5}},"59":{"start":{"line":185,"column":6},"end":{"line":185,"column":54}},"60":{"start":{"line":186,"column":6},"end":{"line":186,"column":13}},"61":{"start":{"line":190,"column":17},"end":{"line":190,"column":89}},"62":{"start":{"line":191,"column":4},"end":{"line":202,"column":7}},"63":{"start":{"line":192,"column":6},"end":{"line":195,"column":7}},"64":{"start":{"line":193,"column":8},"end":{"line":193,"column":56}},"65":{"start":{"line":194,"column":8},"end":{"line":194,"column":15}},"66":{"start":{"line":197,"column":6},"end":{"line":201,"column":7}},"67":{"start":{"line":198,"column":8},"end":{"line":198,"column":79}},"68":{"start":{"line":200,"column":8},"end":{"line":200,"column":88}},"69":{"start":{"line":204,"column":17},"end":{"line":204,"column":126}},"70":{"start":{"line":205,"column":4},"end":{"line":210,"column":7}},"71":{"start":{"line":206,"column":6},"end":{"line":209,"column":7}},"72":{"start":{"line":207,"column":8},"end":{"line":207,"column":56}},"73":{"start":{"line":208,"column":8},"end":{"line":208,"column":15}},"74":{"start":{"line":214,"column":4},"end":{"line":219,"column":7}},"75":{"start":{"line":215,"column":6},"end":{"line":218,"column":7}},"76":{"start":{"line":216,"column":8},"end":{"line":216,"column":56}},"77":{"start":{"line":217,"column":8},"end":{"line":217,"column":15}},"78":{"start":{"line":234,"column":0},"end":{"line":269,"column":2}},"79":{"start":{"line":236,"column":15},"end":{"line":236,"column":54}},"80":{"start":{"line":239,"column":2},"end":{"line":268,"column":5}},"81":{"start":{"line":240,"column":4},"end":{"line":243,"column":5}},"82":{"start":{"line":241,"column":6},"end":{"line":241,"column":54}},"83":{"start":{"line":242,"column":6},"end":{"line":242,"column":13}},"84":{"start":{"line":247,"column":17},"end":{"line":247,"column":73}},"85":{"start":{"line":249,"column":4},"end":{"line":259,"column":7}},"86":{"start":{"line":250,"column":6},"end":{"line":256,"column":7}},"87":{"start":{"line":251,"column":8},"end":{"line":251,"column":56}},"88":{"start":{"line":252,"column":8},"end":{"line":252,"column":15}},"89":{"start":{"line":253,"column":13},"end":{"line":256,"column":7}},"90":{"start":{"line":254,"column":8},"end":{"line":254,"column":63}},"91":{"start":{"line":255,"column":8},"end":{"line":255,"column":15}},"92":{"start":{"line":258,"column":6},"end":{"line":258,"column":27}},"93":{"start":{"line":261,"column":4},"end":{"line":266,"column":7}},"94":{"start":{"line":262,"column":6},"end":{"line":265,"column":7}},"95":{"start":{"line":263,"column":8},"end":{"line":263,"column":56}},"96":{"start":{"line":264,"column":8},"end":{"line":264,"column":15}}},"fnMap":{"0":{"name":"(anonymous_0)","decl":{"start":{"line":22,"column":21},"end":{"line":22,"column":22}},"loc":{"start":{"line":22,"column":47},"end":{"line":70,"column":1}},"line":22},"1":{"name":"(anonymous_1)","decl":{"start":{"line":27,"column":17},"end":{"line":27,"column":18}},"loc":{"start":{"line":27,"column":32},"end":{"line":68,"column":3}},"line":27},"2":{"name":"(anonymous_2)","decl":{"start":{"line":42,"column":32},"end":{"line":42,"column":33}},"loc":{"start":{"line":42,"column":58},"end":{"line":56,"column":5}},"line":42},"3":{"name":"(anonymous_3)","decl":{"start":{"line":60,"column":15},"end":{"line":60,"column":16}},"loc":{"start":{"line":60,"column":30},"end":{"line":66,"column":5}},"line":60},"4":{"name":"(anonymous_4)","decl":{"start":{"line":84,"column":24},"end":{"line":84,"column":25}},"loc":{"start":{"line":84,"column":53},"end":{"line":118,"column":1}},"line":84},"5":{"name":"(anonymous_5)","decl":{"start":{"line":89,"column":17},"end":{"line":89,"column":18}},"loc":{"start":{"line":89,"column":32},"end":{"line":116,"column":3}},"line":89},"6":{"name":"(anonymous_6)","decl":{"start":{"line":99,"column":24},"end":{"line":99,"column":25}},"loc":{"start":{"line":99,"column":49},"end":{"line":106,"column":5}},"line":99},"7":{"name":"(anonymous_7)","decl":{"start":{"line":109,"column":15},"end":{"line":109,"column":16}},"loc":{"start":{"line":109,"column":30},"end":{"line":114,"column":5}},"line":109},"8":{"name":"(anonymous_8)","decl":{"start":{"line":132,"column":24},"end":{"line":132,"column":25}},"loc":{"start":{"line":132,"column":51},"end":{"line":175,"column":1}},"line":132},"9":{"name":"(anonymous_9)","decl":{"start":{"line":137,"column":17},"end":{"line":137,"column":18}},"loc":{"start":{"line":137,"column":32},"end":{"line":173,"column":3}},"line":137},"10":{"name":"(anonymous_10)","decl":{"start":{"line":152,"column":32},"end":{"line":152,"column":33}},"loc":{"start":{"line":152,"column":58},"end":{"line":162,"column":5}},"line":152},"11":{"name":"(anonymous_11)","decl":{"start":{"line":166,"column":15},"end":{"line":166,"column":16}},"loc":{"start":{"line":166,"column":30},"end":{"line":171,"column":5}},"line":166},"12":{"name":"(anonymous_12)","decl":{"start":{"line":178,"column":28},"end":{"line":178,"column":29}},"loc":{"start":{"line":178,"column":59},"end":{"line":223,"column":1}},"line":178},"13":{"name":"(anonymous_13)","decl":{"start":{"line":183,"column":17},"end":{"line":183,"column":18}},"loc":{"start":{"line":183,"column":32},"end":{"line":221,"column":3}},"line":183},"14":{"name":"(anonymous_14)","decl":{"start":{"line":191,"column":25},"end":{"line":191,"column":26}},"loc":{"start":{"line":191,"column":51},"end":{"line":202,"column":5}},"line":191},"15":{"name":"(anonymous_15)","decl":{"start":{"line":205,"column":25},"end":{"line":205,"column":26}},"loc":{"start":{"line":205,"column":51},"end":{"line":210,"column":5}},"line":205},"16":{"name":"(anonymous_16)","decl":{"start":{"line":214,"column":15},"end":{"line":214,"column":16}},"loc":{"start":{"line":214,"column":30},"end":{"line":219,"column":5}},"line":214},"17":{"name":"(anonymous_17)","decl":{"start":{"line":234,"column":21},"end":{"line":234,"column":22}},"loc":{"start":{"line":234,"column":50},"end":{"line":269,"column":1}},"line":234},"18":{"name":"(anonymous_18)","decl":{"start":{"line":239,"column":17},"end":{"line":239,"column":18}},"loc":{"start":{"line":239,"column":32},"end":{"line":268,"column":3}},"line":239},"19":{"name":"(anonymous_19)","decl":{"start":{"line":249,"column":25},"end":{"line":249,"column":26}},"loc":{"start":{"line":249,"column":51},"end":{"line":259,"column":5}},"line":249},"20":{"name":"(anonymous_20)","decl":{"start":{"line":261,"column":15},"end":{"line":261,"column":16}},"loc":{"start":{"line":261,"column":30},"end":{"line":266,"column":5}},"line":261}},"branchMap":{"0":{"loc":{"start":{"line":28,"column":4},"end":{"line":31,"column":5}},"type":"if","locations":[{"start":{"line":28,"column":4},"end":{"line":31,"column":5}},{"start":{"line":28,"column":4},"end":{"line":31,"column":5}}],"line":28},"1":{"loc":{"start":{"line":43,"column":6},"end":{"line":50,"column":7}},"type":"if","locations":[{"start":{"line":43,"column":6},"end":{"line":50,"column":7}},{"start":{"line":43,"column":6},"end":{"line":50,"column":7}}],"line":43},"2":{"loc":{"start":{"line":43,"column":10},"end":{"line":43,"column":44}},"type":"binary-expr","locations":[{"start":{"line":43,"column":10},"end":{"line":43,"column":13}},{"start":{"line":43,"column":17},"end":{"line":43,"column":44}}],"line":43},"3":{"loc":{"start":{"line":46,"column":13},"end":{"line":50,"column":7}},"type":"if","locations":[{"start":{"line":46,"column":13},"end":{"line":50,"column":7}},{"start":{"line":46,"column":13},"end":{"line":50,"column":7}}],"line":46},"4":{"loc":{"start":{"line":61,"column":6},"end":{"line":64,"column":7}},"type":"if","locations":[{"start":{"line":61,"column":6},"end":{"line":64,"column":7}},{"start":{"line":61,"column":6},"end":{"line":64,"column":7}}],"line":61},"5":{"loc":{"start":{"line":90,"column":4},"end":{"line":93,"column":5}},"type":"if","locations":[{"start":{"line":90,"column":4},"end":{"line":93,"column":5}},{"start":{"line":90,"column":4},"end":{"line":93,"column":5}}],"line":90},"6":{"loc":{"start":{"line":100,"column":6},"end":{"line":103,"column":7}},"type":"if","locations":[{"start":{"line":100,"column":6},"end":{"line":103,"column":7}},{"start":{"line":100,"column":6},"end":{"line":103,"column":7}}],"line":100},"7":{"loc":{"start":{"line":110,"column":6},"end":{"line":113,"column":7}},"type":"if","locations":[{"start":{"line":110,"column":6},"end":{"line":113,"column":7}},{"start":{"line":110,"column":6},"end":{"line":113,"column":7}}],"line":110},"8":{"loc":{"start":{"line":138,"column":4},"end":{"line":141,"column":5}},"type":"if","locations":[{"start":{"line":138,"column":4},"end":{"line":141,"column":5}},{"start":{"line":138,"column":4},"end":{"line":141,"column":5}}],"line":138},"9":{"loc":{"start":{"line":153,"column":6},"end":{"line":156,"column":7}},"type":"if","locations":[{"start":{"line":153,"column":6},"end":{"line":156,"column":7}},{"start":{"line":153,"column":6},"end":{"line":156,"column":7}}],"line":153},"10":{"loc":{"start":{"line":167,"column":6},"end":{"line":170,"column":7}},"type":"if","locations":[{"start":{"line":167,"column":6},"end":{"line":170,"column":7}},{"start":{"line":167,"column":6},"end":{"line":170,"column":7}}],"line":167},"11":{"loc":{"start":{"line":184,"column":4},"end":{"line":187,"column":5}},"type":"if","locations":[{"start":{"line":184,"column":4},"end":{"line":187,"column":5}},{"start":{"line":184,"column":4},"end":{"line":187,"column":5}}],"line":184},"12":{"loc":{"start":{"line":192,"column":6},"end":{"line":195,"column":7}},"type":"if","locations":[{"start":{"line":192,"column":6},"end":{"line":195,"column":7}},{"start":{"line":192,"column":6},"end":{"line":195,"column":7}}],"line":192},"13":{"loc":{"start":{"line":197,"column":6},"end":{"line":201,"column":7}},"type":"if","locations":[{"start":{"line":197,"column":6},"end":{"line":201,"column":7}},{"start":{"line":197,"column":6},"end":{"line":201,"column":7}}],"line":197},"14":{"loc":{"start":{"line":197,"column":10},"end":{"line":197,"column":66}},"type":"binary-expr","locations":[{"start":{"line":197,"column":10},"end":{"line":197,"column":20}},{"start":{"line":197,"column":24},"end":{"line":197,"column":66}}],"line":197},"15":{"loc":{"start":{"line":206,"column":6},"end":{"line":209,"column":7}},"type":"if","locations":[{"start":{"line":206,"column":6},"end":{"line":209,"column":7}},{"start":{"line":206,"column":6},"end":{"line":209,"column":7}}],"line":206},"16":{"loc":{"start":{"line":215,"column":6},"end":{"line":218,"column":7}},"type":"if","locations":[{"start":{"line":215,"column":6},"end":{"line":218,"column":7}},{"start":{"line":215,"column":6},"end":{"line":218,"column":7}}],"line":215},"17":{"loc":{"start":{"line":240,"column":4},"end":{"line":243,"column":5}},"type":"if","locations":[{"start":{"line":240,"column":4},"end":{"line":243,"column":5}},{"start":{"line":240,"column":4},"end":{"line":243,"column":5}}],"line":240},"18":{"loc":{"start":{"line":250,"column":6},"end":{"line":256,"column":7}},"type":"if","locations":[{"start":{"line":250,"column":6},"end":{"line":256,"column":7}},{"start":{"line":250,"column":6},"end":{"line":256,"column":7}}],"line":250},"19":{"loc":{"start":{"line":253,"column":13},"end":{"line":256,"column":7}},"type":"if","locations":[{"start":{"line":253,"column":13},"end":{"line":256,"column":7}},{"start":{"line":253,"column":13},"end":{"line":256,"column":7}}],"line":253},"20":{"loc":{"start":{"line":262,"column":6},"end":{"line":265,"column":7}},"type":"if","locations":[{"start":{"line":262,"column":6},"end":{"line":265,"column":7}},{"start":{"line":262,"column":6},"end":{"line":265,"column":7}}],"line":262}},"s":{"0":1,"1":1,"2":1,"3":5,"4":5,"5":5,"6":0,"7":0,"8":5,"9":5,"10":5,"11":5,"12":1,"13":1,"14":4,"15":0,"16":0,"17":4,"18":5,"19":5,"20":0,"21":0,"22":1,"23":2,"24":2,"25":2,"26":0,"27":0,"28":2,"29":2,"30":2,"31":0,"32":0,"33":2,"34":2,"35":2,"36":0,"37":0,"38":1,"39":4,"40":4,"41":4,"42":0,"43":0,"44":4,"45":4,"46":4,"47":4,"48":0,"49":0,"50":4,"51":4,"52":4,"53":0,"54":0,"55":1,"56":4,"57":4,"58":4,"59":0,"60":0,"61":4,"62":4,"63":4,"64":0,"65":0,"66":4,"67":2,"68":2,"69":4,"70":4,"71":4,"72":0,"73":0,"74":4,"75":4,"76":0,"77":0,"78":1,"79":0,"80":0,"81":0,"82":0,"83":0,"84":0,"85":0,"86":0,"87":0,"88":0,"89":0,"90":0,"91":0,"92":0,"93":0,"94":0,"95":0,"96":0},"f":{"0":5,"1":5,"2":5,"3":5,"4":2,"5":2,"6":2,"7":2,"8":4,"9":4,"10":4,"11":4,"12":4,"13":4,"14":4,"15":4,"16":4,"17":0,"18":0,"19":0,"20":0},"b":{"0":[0,5],"1":[1,4],"2":[5,1],"3":[0,4],"4":[0,5],"5":[0,2],"6":[0,2],"7":[0,2],"8":[0,4],"9":[0,4],"10":[0,4],"11":[0,4],"12":[0,4],"13":[2,2],"14":[4,4],"15":[0,4],"16":[0,4],"17":[0,0],"18":[0,0],"19":[0,0],"20":[0,0]},"_coverageSchema":"1a1c01bbd47fc00a2c39e90264f33305004495a9","hash":"cc1a28cb7c3cb56f2f4439742ab2594a88929e21"}
,"C:\\Users\\suned\\Desktop\\321projectlocal\\321-project\\server\\serviceHandler\\requestData.js": {"path":"C:\\Users\\suned\\Desktop\\321projectlocal\\321-project\\server\\serviceHandler\\requestData.js","statementMap":{"0":{"start":{"line":2,"column":24},"end":{"line":2,"column":118}},"1":{"start":{"line":3,"column":23},"end":{"line":3,"column":93}},"2":{"start":{"line":4,"column":23},"end":{"line":4,"column":86}},"3":{"start":{"line":5,"column":23},"end":{"line":5,"column":60}},"4":{"start":{"line":6,"column":25},"end":{"line":6,"column":63}},"5":{"start":{"line":7,"column":17},"end":{"line":7,"column":31}},"6":{"start":{"line":15,"column":20},"end":{"line":25,"column":1}},"7":{"start":{"line":17,"column":2},"end":{"line":21,"column":3}},"8":{"start":{"line":18,"column":4},"end":{"line":18,"column":80}},"9":{"start":{"line":19,"column":9},"end":{"line":21,"column":3}},"10":{"start":{"line":20,"column":4},"end":{"line":20,"column":80}},"11":{"start":{"line":23,"column":2},"end":{"line":23,"column":14}},"12":{"start":{"line":33,"column":21},"end":{"line":48,"column":1}},"13":{"start":{"line":35,"column":15},"end":{"line":35,"column":35}},"14":{"start":{"line":36,"column":2},"end":{"line":44,"column":3}},"15":{"start":{"line":38,"column":4},"end":{"line":40,"column":5}},"16":{"start":{"line":39,"column":6},"end":{"line":39,"column":54}},"17":{"start":{"line":42,"column":4},"end":{"line":42,"column":45}},"18":{"start":{"line":46,"column":2},"end":{"line":46,"column":14}},"19":{"start":{"line":50,"column":0},"end":{"line":50,"column":47}},"20":{"start":{"line":53,"column":0},"end":{"line":70,"column":2}},"21":{"start":{"line":56,"column":2},"end":{"line":60,"column":3}},"22":{"start":{"line":57,"column":4},"end":{"line":57,"column":31}},"23":{"start":{"line":59,"column":4},"end":{"line":59,"column":19}},"24":{"start":{"line":62,"column":2},"end":{"line":64,"column":3}},"25":{"start":{"line":63,"column":4},"end":{"line":63,"column":22}},"26":{"start":{"line":66,"column":2},"end":{"line":68,"column":3}},"27":{"start":{"line":67,"column":4},"end":{"line":67,"column":19}},"28":{"start":{"line":72,"column":22},"end":{"line":84,"column":1}},"29":{"start":{"line":76,"column":2},"end":{"line":80,"column":3}},"30":{"start":{"line":77,"column":4},"end":{"line":77,"column":55}},"31":{"start":{"line":79,"column":4},"end":{"line":79,"column":66}},"32":{"start":{"line":82,"column":2},"end":{"line":82,"column":13}},"33":{"start":{"line":86,"column":22},"end":{"line":98,"column":1}},"34":{"start":{"line":90,"column":2},"end":{"line":94,"column":3}},"35":{"start":{"line":91,"column":4},"end":{"line":91,"column":55}},"36":{"start":{"line":93,"column":4},"end":{"line":93,"column":66}},"37":{"start":{"line":96,"column":2},"end":{"line":96,"column":13}},"38":{"start":{"line":105,"column":28},"end":{"line":121,"column":1}},"39":{"start":{"line":108,"column":14},"end":{"line":108,"column":28}},"40":{"start":{"line":109,"column":18},"end":{"line":109,"column":26}},"41":{"start":{"line":111,"column":2},"end":{"line":117,"column":3}},"42":{"start":{"line":112,"column":4},"end":{"line":112,"column":59}},"43":{"start":{"line":113,"column":9},"end":{"line":117,"column":3}},"44":{"start":{"line":114,"column":4},"end":{"line":114,"column":54}},"45":{"start":{"line":115,"column":9},"end":{"line":117,"column":3}},"46":{"start":{"line":116,"column":4},"end":{"line":116,"column":54}},"47":{"start":{"line":119,"column":2},"end":{"line":119,"column":13}},"48":{"start":{"line":124,"column":25},"end":{"line":134,"column":1}},"49":{"start":{"line":126,"column":2},"end":{"line":130,"column":3}},"50":{"start":{"line":127,"column":4},"end":{"line":127,"column":55}},"51":{"start":{"line":128,"column":9},"end":{"line":130,"column":3}},"52":{"start":{"line":129,"column":4},"end":{"line":129,"column":76}},"53":{"start":{"line":132,"column":2},"end":{"line":132,"column":14}},"54":{"start":{"line":137,"column":21},"end":{"line":143,"column":1}},"55":{"start":{"line":138,"column":2},"end":{"line":140,"column":3}},"56":{"start":{"line":139,"column":4},"end":{"line":139,"column":80}},"57":{"start":{"line":142,"column":2},"end":{"line":142,"column":14}},"58":{"start":{"line":146,"column":23},"end":{"line":155,"column":1}},"59":{"start":{"line":148,"column":14},"end":{"line":148,"column":34}},"60":{"start":{"line":149,"column":2},"end":{"line":151,"column":3}},"61":{"start":{"line":150,"column":4},"end":{"line":150,"column":53}},"62":{"start":{"line":153,"column":2},"end":{"line":153,"column":72}},"63":{"start":{"line":164,"column":28},"end":{"line":181,"column":1}},"64":{"start":{"line":166,"column":15},"end":{"line":166,"column":38}},"65":{"start":{"line":168,"column":22},"end":{"line":168,"column":24}},"66":{"start":{"line":170,"column":2},"end":{"line":177,"column":3}},"67":{"start":{"line":172,"column":4},"end":{"line":175,"column":5}},"68":{"start":{"line":173,"column":16},"end":{"line":173,"column":54}},"69":{"start":{"line":174,"column":6},"end":{"line":174,"column":30}},"70":{"start":{"line":179,"column":2},"end":{"line":179,"column":23}},"71":{"start":{"line":184,"column":0},"end":{"line":184,"column":62}}},"fnMap":{"0":{"name":"(anonymous_0)","decl":{"start":{"line":15,"column":20},"end":{"line":15,"column":21}},"loc":{"start":{"line":15,"column":42},"end":{"line":25,"column":1}},"line":15},"1":{"name":"(anonymous_1)","decl":{"start":{"line":33,"column":21},"end":{"line":33,"column":22}},"loc":{"start":{"line":33,"column":40},"end":{"line":48,"column":1}},"line":33},"2":{"name":"(anonymous_2)","decl":{"start":{"line":53,"column":35},"end":{"line":53,"column":36}},"loc":{"start":{"line":53,"column":50},"end":{"line":70,"column":1}},"line":53},"3":{"name":"(anonymous_3)","decl":{"start":{"line":72,"column":22},"end":{"line":72,"column":23}},"loc":{"start":{"line":72,"column":60},"end":{"line":84,"column":1}},"line":72},"4":{"name":"(anonymous_4)","decl":{"start":{"line":86,"column":22},"end":{"line":86,"column":23}},"loc":{"start":{"line":86,"column":60},"end":{"line":98,"column":1}},"line":86},"5":{"name":"(anonymous_5)","decl":{"start":{"line":105,"column":28},"end":{"line":105,"column":29}},"loc":{"start":{"line":105,"column":53},"end":{"line":121,"column":1}},"line":105},"6":{"name":"(anonymous_6)","decl":{"start":{"line":124,"column":25},"end":{"line":124,"column":26}},"loc":{"start":{"line":124,"column":41},"end":{"line":134,"column":1}},"line":124},"7":{"name":"(anonymous_7)","decl":{"start":{"line":137,"column":21},"end":{"line":137,"column":22}},"loc":{"start":{"line":137,"column":43},"end":{"line":143,"column":1}},"line":137},"8":{"name":"(anonymous_8)","decl":{"start":{"line":146,"column":23},"end":{"line":146,"column":24}},"loc":{"start":{"line":146,"column":51},"end":{"line":155,"column":1}},"line":146},"9":{"name":"(anonymous_9)","decl":{"start":{"line":164,"column":28},"end":{"line":164,"column":29}},"loc":{"start":{"line":164,"column":50},"end":{"line":181,"column":1}},"line":164}},"branchMap":{"0":{"loc":{"start":{"line":17,"column":2},"end":{"line":21,"column":3}},"type":"if","locations":[{"start":{"line":17,"column":2},"end":{"line":21,"column":3}},{"start":{"line":17,"column":2},"end":{"line":21,"column":3}}],"line":17},"1":{"loc":{"start":{"line":17,"column":6},"end":{"line":17,"column":65}},"type":"binary-expr","locations":[{"start":{"line":17,"column":6},"end":{"line":17,"column":36}},{"start":{"line":17,"column":40},"end":{"line":17,"column":65}}],"line":17},"2":{"loc":{"start":{"line":19,"column":9},"end":{"line":21,"column":3}},"type":"if","locations":[{"start":{"line":19,"column":9},"end":{"line":21,"column":3}},{"start":{"line":19,"column":9},"end":{"line":21,"column":3}}],"line":19},"3":{"loc":{"start":{"line":19,"column":13},"end":{"line":19,"column":72}},"type":"binary-expr","locations":[{"start":{"line":19,"column":13},"end":{"line":19,"column":43}},{"start":{"line":19,"column":47},"end":{"line":19,"column":72}}],"line":19},"4":{"loc":{"start":{"line":38,"column":4},"end":{"line":40,"column":5}},"type":"if","locations":[{"start":{"line":38,"column":4},"end":{"line":40,"column":5}},{"start":{"line":38,"column":4},"end":{"line":40,"column":5}}],"line":38},"5":{"loc":{"start":{"line":56,"column":2},"end":{"line":60,"column":3}},"type":"if","locations":[{"start":{"line":56,"column":2},"end":{"line":60,"column":3}},{"start":{"line":56,"column":2},"end":{"line":60,"column":3}}],"line":56},"6":{"loc":{"start":{"line":62,"column":2},"end":{"line":64,"column":3}},"type":"if","locations":[{"start":{"line":62,"column":2},"end":{"line":64,"column":3}},{"start":{"line":62,"column":2},"end":{"line":64,"column":3}}],"line":62},"7":{"loc":{"start":{"line":66,"column":2},"end":{"line":68,"column":3}},"type":"if","locations":[{"start":{"line":66,"column":2},"end":{"line":68,"column":3}},{"start":{"line":66,"column":2},"end":{"line":68,"column":3}}],"line":66},"8":{"loc":{"start":{"line":76,"column":2},"end":{"line":80,"column":3}},"type":"if","locations":[{"start":{"line":76,"column":2},"end":{"line":80,"column":3}},{"start":{"line":76,"column":2},"end":{"line":80,"column":3}}],"line":76},"9":{"loc":{"start":{"line":90,"column":2},"end":{"line":94,"column":3}},"type":"if","locations":[{"start":{"line":90,"column":2},"end":{"line":94,"column":3}},{"start":{"line":90,"column":2},"end":{"line":94,"column":3}}],"line":90},"10":{"loc":{"start":{"line":111,"column":2},"end":{"line":117,"column":3}},"type":"if","locations":[{"start":{"line":111,"column":2},"end":{"line":117,"column":3}},{"start":{"line":111,"column":2},"end":{"line":117,"column":3}}],"line":111},"11":{"loc":{"start":{"line":113,"column":9},"end":{"line":117,"column":3}},"type":"if","locations":[{"start":{"line":113,"column":9},"end":{"line":117,"column":3}},{"start":{"line":113,"column":9},"end":{"line":117,"column":3}}],"line":113},"12":{"loc":{"start":{"line":115,"column":9},"end":{"line":117,"column":3}},"type":"if","locations":[{"start":{"line":115,"column":9},"end":{"line":117,"column":3}},{"start":{"line":115,"column":9},"end":{"line":117,"column":3}}],"line":115},"13":{"loc":{"start":{"line":126,"column":2},"end":{"line":130,"column":3}},"type":"if","locations":[{"start":{"line":126,"column":2},"end":{"line":130,"column":3}},{"start":{"line":126,"column":2},"end":{"line":130,"column":3}}],"line":126},"14":{"loc":{"start":{"line":126,"column":5},"end":{"line":126,"column":66}},"type":"binary-expr","locations":[{"start":{"line":126,"column":5},"end":{"line":126,"column":23}},{"start":{"line":126,"column":27},"end":{"line":126,"column":66}}],"line":126},"15":{"loc":{"start":{"line":128,"column":9},"end":{"line":130,"column":3}},"type":"if","locations":[{"start":{"line":128,"column":9},"end":{"line":130,"column":3}},{"start":{"line":128,"column":9},"end":{"line":130,"column":3}}],"line":128},"16":{"loc":{"start":{"line":128,"column":13},"end":{"line":128,"column":64}},"type":"binary-expr","locations":[{"start":{"line":128,"column":13},"end":{"line":128,"column":30}},{"start":{"line":128,"column":34},"end":{"line":128,"column":64}}],"line":128},"17":{"loc":{"start":{"line":138,"column":2},"end":{"line":140,"column":3}},"type":"if","locations":[{"start":{"line":138,"column":2},"end":{"line":140,"column":3}},{"start":{"line":138,"column":2},"end":{"line":140,"column":3}}],"line":138},"18":{"loc":{"start":{"line":138,"column":6},"end":{"line":138,"column":60}},"type":"binary-expr","locations":[{"start":{"line":138,"column":6},"end":{"line":138,"column":36}},{"start":{"line":138,"column":40},"end":{"line":138,"column":60}}],"line":138},"19":{"loc":{"start":{"line":149,"column":2},"end":{"line":151,"column":3}},"type":"if","locations":[{"start":{"line":149,"column":2},"end":{"line":151,"column":3}},{"start":{"line":149,"column":2},"end":{"line":151,"column":3}}],"line":149},"20":{"loc":{"start":{"line":153,"column":10},"end":{"line":153,"column":70}},"type":"binary-expr","locations":[{"start":{"line":153,"column":10},"end":{"line":153,"column":35}},{"start":{"line":153,"column":39},"end":{"line":153,"column":70}}],"line":153},"21":{"loc":{"start":{"line":172,"column":4},"end":{"line":175,"column":5}},"type":"if","locations":[{"start":{"line":172,"column":4},"end":{"line":175,"column":5}},{"start":{"line":172,"column":4},"end":{"line":175,"column":5}}],"line":172}},"s":{"0":1,"1":1,"2":1,"3":1,"4":1,"5":1,"6":1,"7":48,"8":2,"9":46,"10":1,"11":45,"12":1,"13":13,"14":13,"15":54,"16":6,"17":48,"18":4,"19":1,"20":1,"21":7,"22":0,"23":7,"24":7,"25":7,"26":7,"27":2,"28":1,"29":6,"30":4,"31":2,"32":6,"33":1,"34":6,"35":4,"36":2,"37":6,"38":1,"39":16,"40":16,"41":16,"42":4,"43":12,"44":6,"45":6,"46":6,"47":16,"48":1,"49":22,"50":2,"51":20,"52":3,"53":17,"54":1,"55":17,"56":1,"57":16,"58":1,"59":25,"60":25,"61":3,"62":22,"63":1,"64":13,"65":13,"66":13,"67":25,"68":16,"69":16,"70":4,"71":1},"f":{"0":48,"1":13,"2":7,"3":6,"4":6,"5":16,"6":22,"7":17,"8":25,"9":13},"b":{"0":[2,46],"1":[48,37],"2":[1,45],"3":[46,11],"4":[6,48],"5":[0,7],"6":[7,0],"7":[2,0],"8":[4,2],"9":[4,2],"10":[4,12],"11":[6,6],"12":[6,0],"13":[2,20],"14":[22,6],"15":[3,17],"16":[20,16],"17":[1,16],"18":[17,9],"19":[3,22],"20":[22,17],"21":[16,0]},"_coverageSchema":"1a1c01bbd47fc00a2c39e90264f33305004495a9","hash":"2b858fe50831235b5925f7110594c6deff2643a4"}
,"C:\\Users\\suned\\Desktop\\321projectlocal\\321-project\\server\\serviceHandler\\serviceHandler.js": {"path":"C:\\Users\\suned\\Desktop\\321projectlocal\\321-project\\server\\serviceHandler\\serviceHandler.js","statementMap":{"0":{"start":{"line":9,"column":9},"end":{"line":9,"column":47}},"1":{"start":{"line":10,"column":14},"end":{"line":10,"column":41}},"2":{"start":{"line":12,"column":0},"end":{"line":33,"column":2}},"3":{"start":{"line":14,"column":2},"end":{"line":19,"column":3}},"4":{"start":{"line":15,"column":21},"end":{"line":15,"column":62}},"5":{"start":{"line":17,"column":4},"end":{"line":17,"column":52}},"6":{"start":{"line":18,"column":4},"end":{"line":18,"column":11}},"7":{"start":{"line":21,"column":2},"end":{"line":31,"column":5}},"8":{"start":{"line":23,"column":4},"end":{"line":29,"column":5}},"9":{"start":{"line":24,"column":6},"end":{"line":24,"column":37}},"10":{"start":{"line":25,"column":6},"end":{"line":25,"column":13}},"11":{"start":{"line":27,"column":6},"end":{"line":27,"column":25}},"12":{"start":{"line":28,"column":6},"end":{"line":28,"column":13}},"13":{"start":{"line":37,"column":0},"end":{"line":66,"column":2}},"14":{"start":{"line":39,"column":2},"end":{"line":44,"column":3}},"15":{"start":{"line":40,"column":18},"end":{"line":40,"column":53}},"16":{"start":{"line":42,"column":4},"end":{"line":42,"column":52}},"17":{"start":{"line":43,"column":4},"end":{"line":43,"column":11}},"18":{"start":{"line":46,"column":2},"end":{"line":64,"column":5}},"19":{"start":{"line":47,"column":4},"end":{"line":62,"column":5}},"20":{"start":{"line":48,"column":6},"end":{"line":48,"column":37}},"21":{"start":{"line":49,"column":6},"end":{"line":49,"column":13}},"22":{"start":{"line":52,"column":6},"end":{"line":60,"column":9}},"23":{"start":{"line":53,"column":8},"end":{"line":59,"column":9}},"24":{"start":{"line":54,"column":10},"end":{"line":54,"column":41}},"25":{"start":{"line":55,"column":10},"end":{"line":55,"column":17}},"26":{"start":{"line":57,"column":10},"end":{"line":57,"column":23}},"27":{"start":{"line":58,"column":10},"end":{"line":58,"column":17}},"28":{"start":{"line":69,"column":0},"end":{"line":95,"column":2}},"29":{"start":{"line":71,"column":13},"end":{"line":71,"column":22}},"30":{"start":{"line":72,"column":15},"end":{"line":72,"column":30}},"31":{"start":{"line":73,"column":2},"end":{"line":77,"column":3}},"32":{"start":{"line":75,"column":4},"end":{"line":75,"column":101}},"33":{"start":{"line":76,"column":4},"end":{"line":76,"column":11}},"34":{"start":{"line":81,"column":14},"end":{"line":81,"column":38}},"35":{"start":{"line":83,"column":2},"end":{"line":93,"column":5}},"36":{"start":{"line":85,"column":4},"end":{"line":91,"column":5}},"37":{"start":{"line":86,"column":6},"end":{"line":86,"column":37}},"38":{"start":{"line":87,"column":6},"end":{"line":87,"column":13}},"39":{"start":{"line":89,"column":6},"end":{"line":89,"column":19}},"40":{"start":{"line":90,"column":6},"end":{"line":90,"column":13}},"41":{"start":{"line":98,"column":0},"end":{"line":128,"column":2}},"42":{"start":{"line":100,"column":22},"end":{"line":100,"column":30}},"43":{"start":{"line":101,"column":15},"end":{"line":101,"column":37}},"44":{"start":{"line":102,"column":2},"end":{"line":105,"column":3}},"45":{"start":{"line":103,"column":4},"end":{"line":103,"column":97}},"46":{"start":{"line":104,"column":4},"end":{"line":104,"column":11}},"47":{"start":{"line":107,"column":18},"end":{"line":107,"column":41}},"48":{"start":{"line":109,"column":2},"end":{"line":114,"column":3}},"49":{"start":{"line":110,"column":4},"end":{"line":110,"column":41}},"50":{"start":{"line":112,"column":4},"end":{"line":112,"column":52}},"51":{"start":{"line":113,"column":4},"end":{"line":113,"column":11}},"52":{"start":{"line":116,"column":2},"end":{"line":126,"column":5}},"53":{"start":{"line":118,"column":4},"end":{"line":124,"column":5}},"54":{"start":{"line":119,"column":6},"end":{"line":119,"column":37}},"55":{"start":{"line":120,"column":6},"end":{"line":120,"column":13}},"56":{"start":{"line":122,"column":6},"end":{"line":122,"column":24}},"57":{"start":{"line":123,"column":6},"end":{"line":123,"column":13}},"58":{"start":{"line":131,"column":0},"end":{"line":147,"column":2}},"59":{"start":{"line":133,"column":20},"end":{"line":133,"column":28}},"60":{"start":{"line":135,"column":2},"end":{"line":145,"column":5}},"61":{"start":{"line":137,"column":4},"end":{"line":143,"column":5}},"62":{"start":{"line":138,"column":6},"end":{"line":138,"column":37}},"63":{"start":{"line":139,"column":6},"end":{"line":139,"column":13}},"64":{"start":{"line":141,"column":6},"end":{"line":141,"column":23}},"65":{"start":{"line":142,"column":6},"end":{"line":142,"column":13}},"66":{"start":{"line":150,"column":0},"end":{"line":184,"column":2}},"67":{"start":{"line":152,"column":19},"end":{"line":152,"column":97}},"68":{"start":{"line":155,"column":2},"end":{"line":155,"column":25}},"69":{"start":{"line":157,"column":2},"end":{"line":182,"column":5}},"70":{"start":{"line":159,"column":4},"end":{"line":180,"column":5}},"71":{"start":{"line":160,"column":6},"end":{"line":160,"column":37}},"72":{"start":{"line":161,"column":6},"end":{"line":161,"column":13}},"73":{"start":{"line":163,"column":23},"end":{"line":163,"column":25}},"74":{"start":{"line":165,"column":6},"end":{"line":167,"column":7}},"75":{"start":{"line":166,"column":8},"end":{"line":166,"column":51}},"76":{"start":{"line":168,"column":6},"end":{"line":178,"column":9}},"77":{"start":{"line":170,"column":8},"end":{"line":176,"column":9}},"78":{"start":{"line":171,"column":10},"end":{"line":171,"column":41}},"79":{"start":{"line":172,"column":10},"end":{"line":172,"column":17}},"80":{"start":{"line":174,"column":10},"end":{"line":174,"column":29}},"81":{"start":{"line":175,"column":10},"end":{"line":175,"column":17}}},"fnMap":{"0":{"name":"(anonymous_0)","decl":{"start":{"line":12,"column":29},"end":{"line":12,"column":30}},"loc":{"start":{"line":12,"column":49},"end":{"line":33,"column":1}},"line":12},"1":{"name":"(anonymous_1)","decl":{"start":{"line":21,"column":21},"end":{"line":21,"column":22}},"loc":{"start":{"line":21,"column":40},"end":{"line":31,"column":3}},"line":21},"2":{"name":"(anonymous_2)","decl":{"start":{"line":37,"column":28},"end":{"line":37,"column":29}},"loc":{"start":{"line":37,"column":48},"end":{"line":66,"column":1}},"line":37},"3":{"name":"(anonymous_3)","decl":{"start":{"line":46,"column":18},"end":{"line":46,"column":19}},"loc":{"start":{"line":46,"column":31},"end":{"line":64,"column":3}},"line":46},"4":{"name":"(anonymous_4)","decl":{"start":{"line":52,"column":38},"end":{"line":52,"column":39}},"loc":{"start":{"line":52,"column":47},"end":{"line":60,"column":7}},"line":52},"5":{"name":"(anonymous_5)","decl":{"start":{"line":69,"column":31},"end":{"line":69,"column":32}},"loc":{"start":{"line":69,"column":51},"end":{"line":95,"column":1}},"line":69},"6":{"name":"(anonymous_6)","decl":{"start":{"line":83,"column":19},"end":{"line":83,"column":20}},"loc":{"start":{"line":83,"column":32},"end":{"line":93,"column":3}},"line":83},"7":{"name":"(anonymous_7)","decl":{"start":{"line":98,"column":31},"end":{"line":98,"column":32}},"loc":{"start":{"line":98,"column":51},"end":{"line":128,"column":1}},"line":98},"8":{"name":"(anonymous_8)","decl":{"start":{"line":116,"column":38},"end":{"line":116,"column":39}},"loc":{"start":{"line":116,"column":56},"end":{"line":126,"column":3}},"line":116},"9":{"name":"(anonymous_9)","decl":{"start":{"line":131,"column":32},"end":{"line":131,"column":33}},"loc":{"start":{"line":131,"column":52},"end":{"line":147,"column":1}},"line":131},"10":{"name":"(anonymous_10)","decl":{"start":{"line":135,"column":59},"end":{"line":135,"column":60}},"loc":{"start":{"line":135,"column":76},"end":{"line":145,"column":3}},"line":135},"11":{"name":"(anonymous_11)","decl":{"start":{"line":150,"column":37},"end":{"line":150,"column":38}},"loc":{"start":{"line":150,"column":57},"end":{"line":184,"column":1}},"line":150},"12":{"name":"(anonymous_12)","decl":{"start":{"line":157,"column":32},"end":{"line":157,"column":33}},"loc":{"start":{"line":157,"column":51},"end":{"line":182,"column":3}},"line":157},"13":{"name":"(anonymous_13)","decl":{"start":{"line":168,"column":41},"end":{"line":168,"column":42}},"loc":{"start":{"line":168,"column":60},"end":{"line":178,"column":7}},"line":168}},"branchMap":{"0":{"loc":{"start":{"line":23,"column":4},"end":{"line":29,"column":5}},"type":"if","locations":[{"start":{"line":23,"column":4},"end":{"line":29,"column":5}},{"start":{"line":23,"column":4},"end":{"line":29,"column":5}}],"line":23},"1":{"loc":{"start":{"line":47,"column":4},"end":{"line":62,"column":5}},"type":"if","locations":[{"start":{"line":47,"column":4},"end":{"line":62,"column":5}},{"start":{"line":47,"column":4},"end":{"line":62,"column":5}}],"line":47},"2":{"loc":{"start":{"line":53,"column":8},"end":{"line":59,"column":9}},"type":"if","locations":[{"start":{"line":53,"column":8},"end":{"line":59,"column":9}},{"start":{"line":53,"column":8},"end":{"line":59,"column":9}}],"line":53},"3":{"loc":{"start":{"line":73,"column":2},"end":{"line":77,"column":3}},"type":"if","locations":[{"start":{"line":73,"column":2},"end":{"line":77,"column":3}},{"start":{"line":73,"column":2},"end":{"line":77,"column":3}}],"line":73},"4":{"loc":{"start":{"line":73,"column":5},"end":{"line":73,"column":38}},"type":"binary-expr","locations":[{"start":{"line":73,"column":5},"end":{"line":73,"column":20}},{"start":{"line":73,"column":24},"end":{"line":73,"column":38}}],"line":73},"5":{"loc":{"start":{"line":85,"column":4},"end":{"line":91,"column":5}},"type":"if","locations":[{"start":{"line":85,"column":4},"end":{"line":91,"column":5}},{"start":{"line":85,"column":4},"end":{"line":91,"column":5}}],"line":85},"6":{"loc":{"start":{"line":102,"column":2},"end":{"line":105,"column":3}},"type":"if","locations":[{"start":{"line":102,"column":2},"end":{"line":105,"column":3}},{"start":{"line":102,"column":2},"end":{"line":105,"column":3}}],"line":102},"7":{"loc":{"start":{"line":102,"column":5},"end":{"line":102,"column":38}},"type":"binary-expr","locations":[{"start":{"line":102,"column":5},"end":{"line":102,"column":20}},{"start":{"line":102,"column":24},"end":{"line":102,"column":38}}],"line":102},"8":{"loc":{"start":{"line":118,"column":4},"end":{"line":124,"column":5}},"type":"if","locations":[{"start":{"line":118,"column":4},"end":{"line":124,"column":5}},{"start":{"line":118,"column":4},"end":{"line":124,"column":5}}],"line":118},"9":{"loc":{"start":{"line":137,"column":4},"end":{"line":143,"column":5}},"type":"if","locations":[{"start":{"line":137,"column":4},"end":{"line":143,"column":5}},{"start":{"line":137,"column":4},"end":{"line":143,"column":5}}],"line":137},"10":{"loc":{"start":{"line":159,"column":4},"end":{"line":180,"column":5}},"type":"if","locations":[{"start":{"line":159,"column":4},"end":{"line":180,"column":5}},{"start":{"line":159,"column":4},"end":{"line":180,"column":5}}],"line":159},"11":{"loc":{"start":{"line":170,"column":8},"end":{"line":176,"column":9}},"type":"if","locations":[{"start":{"line":170,"column":8},"end":{"line":176,"column":9}},{"start":{"line":170,"column":8},"end":{"line":176,"column":9}}],"line":170}},"s":{"0":1,"1":1,"2":1,"3":13,"4":13,"5":9,"6":9,"7":4,"8":4,"9":0,"10":0,"11":4,"12":4,"13":1,"14":7,"15":7,"16":5,"17":5,"18":2,"19":2,"20":0,"21":0,"22":2,"23":2,"24":0,"25":0,"26":2,"27":2,"28":1,"29":4,"30":4,"31":4,"32":2,"33":2,"34":2,"35":2,"36":2,"37":0,"38":0,"39":2,"40":2,"41":1,"42":8,"43":8,"44":8,"45":2,"46":2,"47":6,"48":6,"49":6,"50":4,"51":4,"52":2,"53":2,"54":0,"55":0,"56":2,"57":2,"58":1,"59":6,"60":6,"61":6,"62":4,"63":4,"64":2,"65":2,"66":1,"67":6,"68":6,"69":6,"70":6,"71":0,"72":0,"73":6,"74":6,"75":3,"76":6,"77":6,"78":4,"79":4,"80":2,"81":2},"f":{"0":13,"1":4,"2":7,"3":2,"4":2,"5":4,"6":2,"7":8,"8":2,"9":6,"10":6,"11":6,"12":6,"13":6},"b":{"0":[0,4],"1":[0,2],"2":[0,2],"3":[2,2],"4":[4,4],"5":[0,2],"6":[2,6],"7":[8,8],"8":[0,2],"9":[4,2],"10":[0,6],"11":[4,2]},"_coverageSchema":"1a1c01bbd47fc00a2c39e90264f33305004495a9","hash":"244d3dc80dcadcdadb3b4bea03f96b153be52dac"}
,"C:\\Users\\suned\\Desktop\\321projectlocal\\321-project\\server\\userHandler\\userHandler.js": {"path":"C:\\Users\\suned\\Desktop\\321projectlocal\\321-project\\server\\userHandler\\userHandler.js","statementMap":{"0":{"start":{"line":10,"column":9},"end":{"line":10,"column":44}},"1":{"start":{"line":11,"column":16},"end":{"line":11,"column":45}},"2":{"start":{"line":14,"column":0},"end":{"line":37,"column":2}},"3":{"start":{"line":15,"column":13},"end":{"line":15,"column":21}},"4":{"start":{"line":17,"column":2},"end":{"line":22,"column":3}},"5":{"start":{"line":18,"column":4},"end":{"line":18,"column":34}},"6":{"start":{"line":20,"column":4},"end":{"line":20,"column":52}},"7":{"start":{"line":21,"column":4},"end":{"line":21,"column":11}},"8":{"start":{"line":24,"column":2},"end":{"line":26,"column":3}},"9":{"start":{"line":25,"column":4},"end":{"line":25,"column":26}},"10":{"start":{"line":28,"column":2},"end":{"line":36,"column":5}},"11":{"start":{"line":29,"column":4},"end":{"line":35,"column":5}},"12":{"start":{"line":30,"column":6},"end":{"line":30,"column":67}},"13":{"start":{"line":31,"column":6},"end":{"line":31,"column":13}},"14":{"start":{"line":33,"column":6},"end":{"line":33,"column":25}},"15":{"start":{"line":34,"column":6},"end":{"line":34,"column":13}},"16":{"start":{"line":40,"column":0},"end":{"line":59,"column":2}},"17":{"start":{"line":41,"column":19},"end":{"line":41,"column":28}},"18":{"start":{"line":42,"column":15},"end":{"line":42,"column":36}},"19":{"start":{"line":43,"column":2},"end":{"line":46,"column":3}},"20":{"start":{"line":44,"column":4},"end":{"line":44,"column":90}},"21":{"start":{"line":45,"column":4},"end":{"line":45,"column":11}},"22":{"start":{"line":49,"column":2},"end":{"line":57,"column":5}},"23":{"start":{"line":50,"column":4},"end":{"line":56,"column":5}},"24":{"start":{"line":51,"column":6},"end":{"line":51,"column":37}},"25":{"start":{"line":52,"column":6},"end":{"line":52,"column":13}},"26":{"start":{"line":54,"column":6},"end":{"line":54,"column":21}},"27":{"start":{"line":55,"column":6},"end":{"line":55,"column":13}},"28":{"start":{"line":62,"column":0},"end":{"line":86,"column":2}},"29":{"start":{"line":63,"column":19},"end":{"line":63,"column":27}},"30":{"start":{"line":65,"column":2},"end":{"line":70,"column":3}},"31":{"start":{"line":66,"column":4},"end":{"line":66,"column":40}},"32":{"start":{"line":68,"column":4},"end":{"line":68,"column":52}},"33":{"start":{"line":69,"column":4},"end":{"line":69,"column":11}},"34":{"start":{"line":72,"column":2},"end":{"line":74,"column":3}},"35":{"start":{"line":73,"column":4},"end":{"line":73,"column":32}},"36":{"start":{"line":76,"column":2},"end":{"line":84,"column":5}},"37":{"start":{"line":77,"column":4},"end":{"line":83,"column":5}},"38":{"start":{"line":78,"column":6},"end":{"line":78,"column":37}},"39":{"start":{"line":79,"column":6},"end":{"line":79,"column":13}},"40":{"start":{"line":81,"column":6},"end":{"line":81,"column":21}},"41":{"start":{"line":82,"column":6},"end":{"line":82,"column":13}},"42":{"start":{"line":89,"column":0},"end":{"line":109,"column":2}},"43":{"start":{"line":91,"column":18},"end":{"line":91,"column":26}},"44":{"start":{"line":93,"column":2},"end":{"line":98,"column":3}},"45":{"start":{"line":94,"column":4},"end":{"line":94,"column":39}},"46":{"start":{"line":96,"column":4},"end":{"line":96,"column":52}},"47":{"start":{"line":97,"column":4},"end":{"line":97,"column":11}},"48":{"start":{"line":100,"column":2},"end":{"line":107,"column":5}},"49":{"start":{"line":101,"column":4},"end":{"line":106,"column":5}},"50":{"start":{"line":102,"column":6},"end":{"line":102,"column":37}},"51":{"start":{"line":103,"column":6},"end":{"line":103,"column":13}},"52":{"start":{"line":105,"column":6},"end":{"line":105,"column":23}}},"fnMap":{"0":{"name":"(anonymous_0)","decl":{"start":{"line":14,"column":25},"end":{"line":14,"column":26}},"loc":{"start":{"line":14,"column":45},"end":{"line":37,"column":1}},"line":14},"1":{"name":"(anonymous_1)","decl":{"start":{"line":28,"column":15},"end":{"line":28,"column":16}},"loc":{"start":{"line":28,"column":34},"end":{"line":36,"column":3}},"line":28},"2":{"name":"(anonymous_2)","decl":{"start":{"line":40,"column":28},"end":{"line":40,"column":29}},"loc":{"start":{"line":40,"column":48},"end":{"line":59,"column":1}},"line":40},"3":{"name":"(anonymous_3)","decl":{"start":{"line":49,"column":31},"end":{"line":49,"column":32}},"loc":{"start":{"line":49,"column":46},"end":{"line":57,"column":3}},"line":49},"4":{"name":"(anonymous_4)","decl":{"start":{"line":62,"column":28},"end":{"line":62,"column":29}},"loc":{"start":{"line":62,"column":48},"end":{"line":86,"column":1}},"line":62},"5":{"name":"(anonymous_5)","decl":{"start":{"line":76,"column":24},"end":{"line":76,"column":25}},"loc":{"start":{"line":76,"column":39},"end":{"line":84,"column":3}},"line":76},"6":{"name":"(anonymous_6)","decl":{"start":{"line":89,"column":28},"end":{"line":89,"column":29}},"loc":{"start":{"line":89,"column":48},"end":{"line":109,"column":1}},"line":89},"7":{"name":"(anonymous_7)","decl":{"start":{"line":100,"column":28},"end":{"line":100,"column":29}},"loc":{"start":{"line":100,"column":45},"end":{"line":107,"column":3}},"line":100}},"branchMap":{"0":{"loc":{"start":{"line":24,"column":2},"end":{"line":26,"column":3}},"type":"if","locations":[{"start":{"line":24,"column":2},"end":{"line":26,"column":3}},{"start":{"line":24,"column":2},"end":{"line":26,"column":3}}],"line":24},"1":{"loc":{"start":{"line":29,"column":4},"end":{"line":35,"column":5}},"type":"if","locations":[{"start":{"line":29,"column":4},"end":{"line":35,"column":5}},{"start":{"line":29,"column":4},"end":{"line":35,"column":5}}],"line":29},"2":{"loc":{"start":{"line":43,"column":2},"end":{"line":46,"column":3}},"type":"if","locations":[{"start":{"line":43,"column":2},"end":{"line":46,"column":3}},{"start":{"line":43,"column":2},"end":{"line":46,"column":3}}],"line":43},"3":{"loc":{"start":{"line":43,"column":5},"end":{"line":43,"column":44}},"type":"binary-expr","locations":[{"start":{"line":43,"column":5},"end":{"line":43,"column":20}},{"start":{"line":43,"column":24},"end":{"line":43,"column":44}}],"line":43},"4":{"loc":{"start":{"line":50,"column":4},"end":{"line":56,"column":5}},"type":"if","locations":[{"start":{"line":50,"column":4},"end":{"line":56,"column":5}},{"start":{"line":50,"column":4},"end":{"line":56,"column":5}}],"line":50},"5":{"loc":{"start":{"line":72,"column":2},"end":{"line":74,"column":3}},"type":"if","locations":[{"start":{"line":72,"column":2},"end":{"line":74,"column":3}},{"start":{"line":72,"column":2},"end":{"line":74,"column":3}}],"line":72},"6":{"loc":{"start":{"line":77,"column":4},"end":{"line":83,"column":5}},"type":"if","locations":[{"start":{"line":77,"column":4},"end":{"line":83,"column":5}},{"start":{"line":77,"column":4},"end":{"line":83,"column":5}}],"line":77},"7":{"loc":{"start":{"line":101,"column":4},"end":{"line":106,"column":5}},"type":"if","locations":[{"start":{"line":101,"column":4},"end":{"line":106,"column":5}},{"start":{"line":101,"column":4},"end":{"line":106,"column":5}}],"line":101}},"s":{"0":1,"1":1,"2":1,"3":9,"4":9,"5":9,"6":4,"7":4,"8":5,"9":1,"10":5,"11":5,"12":1,"13":1,"14":4,"15":4,"16":1,"17":4,"18":4,"19":4,"20":2,"21":2,"22":2,"23":2,"24":0,"25":0,"26":2,"27":2,"28":1,"29":8,"30":8,"31":8,"32":4,"33":4,"34":4,"35":1,"36":4,"37":4,"38":0,"39":0,"40":4,"41":4,"42":1,"43":7,"44":7,"45":7,"46":3,"47":3,"48":4,"49":4,"50":2,"51":2,"52":2},"f":{"0":9,"1":5,"2":4,"3":2,"4":8,"5":4,"6":7,"7":4},"b":{"0":[1,4],"1":[1,4],"2":[2,2],"3":[4,4],"4":[0,2],"5":[1,3],"6":[0,4],"7":[2,2]},"_coverageSchema":"1a1c01bbd47fc00a2c39e90264f33305004495a9","hash":"2816134cabcdbc8bc561ae69530abdf84ace1dfe"}
,"C:\\Users\\suned\\Desktop\\321projectlocal\\321-project\\server\\userHandler\\userInfoCheck.js": {"path":"C:\\Users\\suned\\Desktop\\321projectlocal\\321-project\\server\\userHandler\\userInfoCheck.js","statementMap":{"0":{"start":{"line":1,"column":23},"end":{"line":1,"column":60}},"1":{"start":{"line":2,"column":29},"end":{"line":2,"column":66}},"2":{"start":{"line":6,"column":16},"end":{"line":11,"column":1}},"3":{"start":{"line":7,"column":2},"end":{"line":9,"column":3}},"4":{"start":{"line":8,"column":4},"end":{"line":8,"column":74}},"5":{"start":{"line":10,"column":2},"end":{"line":10,"column":14}},"6":{"start":{"line":15,"column":0},"end":{"line":26,"column":2}},"7":{"start":{"line":17,"column":13},"end":{"line":17,"column":30}},"8":{"start":{"line":18,"column":2},"end":{"line":24,"column":3}},"9":{"start":{"line":19,"column":4},"end":{"line":21,"column":5}},"10":{"start":{"line":20,"column":6},"end":{"line":20,"column":40}},"11":{"start":{"line":23,"column":4},"end":{"line":23,"column":38}},"12":{"start":{"line":25,"column":2},"end":{"line":25,"column":14}}},"fnMap":{"0":{"name":"(anonymous_0)","decl":{"start":{"line":6,"column":16},"end":{"line":6,"column":17}},"loc":{"start":{"line":6,"column":36},"end":{"line":11,"column":1}},"line":6},"1":{"name":"(anonymous_1)","decl":{"start":{"line":15,"column":31},"end":{"line":15,"column":32}},"loc":{"start":{"line":15,"column":46},"end":{"line":26,"column":1}},"line":15}},"branchMap":{"0":{"loc":{"start":{"line":7,"column":2},"end":{"line":9,"column":3}},"type":"if","locations":[{"start":{"line":7,"column":2},"end":{"line":9,"column":3}},{"start":{"line":7,"column":2},"end":{"line":9,"column":3}}],"line":7},"1":{"loc":{"start":{"line":7,"column":5},"end":{"line":7,"column":69}},"type":"binary-expr","locations":[{"start":{"line":7,"column":5},"end":{"line":7,"column":39}},{"start":{"line":7,"column":43},"end":{"line":7,"column":69}}],"line":7},"2":{"loc":{"start":{"line":19,"column":4},"end":{"line":21,"column":5}},"type":"if","locations":[{"start":{"line":19,"column":4},"end":{"line":21,"column":5}},{"start":{"line":19,"column":4},"end":{"line":21,"column":5}}],"line":19}},"s":{"0":1,"1":1,"2":1,"3":45,"4":6,"5":39,"6":1,"7":24,"8":24,"9":50,"10":5,"11":45,"12":13},"f":{"0":45,"1":24},"b":{"0":[6,39],"1":[45,45],"2":[5,45]},"_coverageSchema":"1a1c01bbd47fc00a2c39e90264f33305004495a9","hash":"6b0920260c5803896c7ebd75ccfbd03ee9557ac8"}
}
