{"C:\\Users\\suned\\Desktop\\321projectlocal\\321-project\\server\\dbInterface\\serviceDB.js": {"path":"C:\\Users\\suned\\Desktop\\321projectlocal\\321-project\\server\\dbInterface\\serviceDB.js","statementMap":{"0":{"start":{"line":9,"column":12},"end":{"line":9,"column":28}},"1":{"start":{"line":10,"column":15},"end":{"line":10,"column":36}},"2":{"start":{"line":23,"column":0},"end":{"line":71,"column":2}},"3":{"start":{"line":27,"column":15},"end":{"line":27,"column":57}},"4":{"start":{"line":30,"column":2},"end":{"line":69,"column":5}},"5":{"start":{"line":31,"column":4},"end":{"line":34,"column":5}},"6":{"start":{"line":32,"column":6},"end":{"line":32,"column":54}},"7":{"start":{"line":33,"column":6},"end":{"line":33,"column":13}},"8":{"start":{"line":39,"column":17},"end":{"line":47,"column":38}},"9":{"start":{"line":50,"column":16},"end":{"line":51,"column":51}},"10":{"start":{"line":53,"column":4},"end":{"line":59,"column":7}},"11":{"start":{"line":54,"column":6},"end":{"line":57,"column":7}},"12":{"start":{"line":55,"column":8},"end":{"line":55,"column":56}},"13":{"start":{"line":56,"column":8},"end":{"line":56,"column":15}},"14":{"start":{"line":58,"column":6},"end":{"line":58,"column":39}},"15":{"start":{"line":62,"column":4},"end":{"line":67,"column":7}},"16":{"start":{"line":63,"column":6},"end":{"line":66,"column":7}},"17":{"start":{"line":64,"column":8},"end":{"line":64,"column":56}},"18":{"start":{"line":65,"column":8},"end":{"line":65,"column":15}},"19":{"start":{"line":83,"column":0},"end":{"line":124,"column":2}},"20":{"start":{"line":86,"column":15},"end":{"line":86,"column":57}},"21":{"start":{"line":89,"column":2},"end":{"line":122,"column":5}},"22":{"start":{"line":90,"column":4},"end":{"line":93,"column":5}},"23":{"start":{"line":91,"column":6},"end":{"line":91,"column":54}},"24":{"start":{"line":92,"column":6},"end":{"line":92,"column":13}},"25":{"start":{"line":98,"column":16},"end":{"line":98,"column":47}},"26":{"start":{"line":100,"column":19},"end":{"line":100,"column":29}},"27":{"start":{"line":102,"column":4},"end":{"line":102,"column":36}},"28":{"start":{"line":105,"column":4},"end":{"line":112,"column":7}},"29":{"start":{"line":106,"column":6},"end":{"line":109,"column":7}},"30":{"start":{"line":107,"column":8},"end":{"line":107,"column":56}},"31":{"start":{"line":108,"column":8},"end":{"line":108,"column":15}},"32":{"start":{"line":111,"column":6},"end":{"line":111,"column":23}},"33":{"start":{"line":115,"column":4},"end":{"line":120,"column":7}},"34":{"start":{"line":116,"column":6},"end":{"line":119,"column":7}},"35":{"start":{"line":117,"column":8},"end":{"line":117,"column":56}},"36":{"start":{"line":118,"column":8},"end":{"line":118,"column":15}},"37":{"start":{"line":137,"column":0},"end":{"line":176,"column":2}},"38":{"start":{"line":140,"column":15},"end":{"line":140,"column":57}},"39":{"start":{"line":143,"column":2},"end":{"line":174,"column":5}},"40":{"start":{"line":144,"column":4},"end":{"line":147,"column":5}},"41":{"start":{"line":145,"column":6},"end":{"line":145,"column":54}},"42":{"start":{"line":146,"column":6},"end":{"line":146,"column":13}},"43":{"start":{"line":152,"column":16},"end":{"line":152,"column":62}},"44":{"start":{"line":157,"column":4},"end":{"line":164,"column":7}},"45":{"start":{"line":158,"column":6},"end":{"line":161,"column":7}},"46":{"start":{"line":159,"column":8},"end":{"line":159,"column":56}},"47":{"start":{"line":160,"column":8},"end":{"line":160,"column":15}},"48":{"start":{"line":162,"column":6},"end":{"line":162,"column":23}},"49":{"start":{"line":167,"column":4},"end":{"line":172,"column":7}},"50":{"start":{"line":168,"column":6},"end":{"line":171,"column":7}},"51":{"start":{"line":169,"column":8},"end":{"line":169,"column":56}},"52":{"start":{"line":170,"column":8},"end":{"line":170,"column":15}},"53":{"start":{"line":190,"column":0},"end":{"line":241,"column":2}},"54":{"start":{"line":195,"column":15},"end":{"line":195,"column":57}},"55":{"start":{"line":198,"column":2},"end":{"line":239,"column":5}},"56":{"start":{"line":199,"column":4},"end":{"line":202,"column":5}},"57":{"start":{"line":200,"column":6},"end":{"line":200,"column":54}},"58":{"start":{"line":201,"column":6},"end":{"line":201,"column":13}},"59":{"start":{"line":207,"column":17},"end":{"line":214,"column":38}},"60":{"start":{"line":217,"column":16},"end":{"line":218,"column":54}},"61":{"start":{"line":220,"column":4},"end":{"line":227,"column":7}},"62":{"start":{"line":221,"column":6},"end":{"line":224,"column":7}},"63":{"start":{"line":222,"column":8},"end":{"line":222,"column":56}},"64":{"start":{"line":223,"column":8},"end":{"line":223,"column":15}},"65":{"start":{"line":226,"column":6},"end":{"line":226,"column":27}},"66":{"start":{"line":231,"column":4},"end":{"line":237,"column":7}},"67":{"start":{"line":232,"column":6},"end":{"line":235,"column":7}},"68":{"start":{"line":233,"column":8},"end":{"line":233,"column":56}},"69":{"start":{"line":234,"column":8},"end":{"line":234,"column":15}},"70":{"start":{"line":244,"column":0},"end":{"line":288,"column":2}},"71":{"start":{"line":249,"column":15},"end":{"line":249,"column":54}},"72":{"start":{"line":252,"column":2},"end":{"line":286,"column":5}},"73":{"start":{"line":253,"column":4},"end":{"line":256,"column":5}},"74":{"start":{"line":254,"column":6},"end":{"line":254,"column":50}},"75":{"start":{"line":255,"column":6},"end":{"line":255,"column":13}},"76":{"start":{"line":260,"column":17},"end":{"line":264,"column":5}},"77":{"start":{"line":267,"column":16},"end":{"line":267,"column":88}},"78":{"start":{"line":269,"column":4},"end":{"line":275,"column":7}},"79":{"start":{"line":270,"column":6},"end":{"line":273,"column":7}},"80":{"start":{"line":271,"column":8},"end":{"line":271,"column":52}},"81":{"start":{"line":272,"column":8},"end":{"line":272,"column":15}},"82":{"start":{"line":274,"column":6},"end":{"line":274,"column":17}},"83":{"start":{"line":279,"column":4},"end":{"line":284,"column":7}},"84":{"start":{"line":280,"column":6},"end":{"line":283,"column":7}},"85":{"start":{"line":281,"column":8},"end":{"line":281,"column":52}},"86":{"start":{"line":282,"column":8},"end":{"line":282,"column":15}},"87":{"start":{"line":291,"column":0},"end":{"line":338,"column":2}},"88":{"start":{"line":295,"column":15},"end":{"line":295,"column":54}},"89":{"start":{"line":298,"column":2},"end":{"line":336,"column":5}},"90":{"start":{"line":299,"column":4},"end":{"line":302,"column":5}},"91":{"start":{"line":300,"column":6},"end":{"line":300,"column":54}},"92":{"start":{"line":301,"column":6},"end":{"line":301,"column":13}},"93":{"start":{"line":307,"column":17},"end":{"line":311,"column":5}},"94":{"start":{"line":316,"column":16},"end":{"line":316,"column":88}},"95":{"start":{"line":318,"column":4},"end":{"line":325,"column":7}},"96":{"start":{"line":319,"column":6},"end":{"line":322,"column":7}},"97":{"start":{"line":320,"column":8},"end":{"line":320,"column":56}},"98":{"start":{"line":321,"column":8},"end":{"line":321,"column":15}},"99":{"start":{"line":324,"column":6},"end":{"line":324,"column":24}},"100":{"start":{"line":329,"column":4},"end":{"line":334,"column":7}},"101":{"start":{"line":330,"column":6},"end":{"line":333,"column":7}},"102":{"start":{"line":331,"column":8},"end":{"line":331,"column":56}},"103":{"start":{"line":332,"column":8},"end":{"line":332,"column":15}},"104":{"start":{"line":341,"column":0},"end":{"line":382,"column":2}},"105":{"start":{"line":345,"column":15},"end":{"line":345,"column":54}},"106":{"start":{"line":348,"column":2},"end":{"line":381,"column":5}},"107":{"start":{"line":349,"column":4},"end":{"line":352,"column":5}},"108":{"start":{"line":350,"column":6},"end":{"line":350,"column":54}},"109":{"start":{"line":351,"column":6},"end":{"line":351,"column":13}},"110":{"start":{"line":357,"column":16},"end":{"line":357,"column":51}},"111":{"start":{"line":359,"column":19},"end":{"line":359,"column":29}},"112":{"start":{"line":361,"column":4},"end":{"line":361,"column":36}},"113":{"start":{"line":364,"column":4},"end":{"line":371,"column":7}},"114":{"start":{"line":365,"column":6},"end":{"line":368,"column":7}},"115":{"start":{"line":366,"column":8},"end":{"line":366,"column":56}},"116":{"start":{"line":367,"column":8},"end":{"line":367,"column":15}},"117":{"start":{"line":370,"column":6},"end":{"line":370,"column":23}},"118":{"start":{"line":374,"column":4},"end":{"line":379,"column":7}},"119":{"start":{"line":375,"column":6},"end":{"line":378,"column":7}},"120":{"start":{"line":376,"column":8},"end":{"line":376,"column":56}},"121":{"start":{"line":377,"column":8},"end":{"line":377,"column":15}},"122":{"start":{"line":394,"column":0},"end":{"line":435,"column":2}},"123":{"start":{"line":397,"column":15},"end":{"line":397,"column":57}},"124":{"start":{"line":400,"column":2},"end":{"line":433,"column":5}},"125":{"start":{"line":401,"column":4},"end":{"line":404,"column":5}},"126":{"start":{"line":402,"column":6},"end":{"line":402,"column":54}},"127":{"start":{"line":403,"column":6},"end":{"line":403,"column":13}},"128":{"start":{"line":409,"column":16},"end":{"line":409,"column":47}},"129":{"start":{"line":411,"column":19},"end":{"line":411,"column":29}},"130":{"start":{"line":413,"column":4},"end":{"line":413,"column":35}},"131":{"start":{"line":416,"column":4},"end":{"line":423,"column":7}},"132":{"start":{"line":417,"column":6},"end":{"line":420,"column":7}},"133":{"start":{"line":418,"column":8},"end":{"line":418,"column":56}},"134":{"start":{"line":419,"column":8},"end":{"line":419,"column":15}},"135":{"start":{"line":422,"column":6},"end":{"line":422,"column":23}},"136":{"start":{"line":426,"column":4},"end":{"line":431,"column":7}},"137":{"start":{"line":427,"column":6},"end":{"line":430,"column":7}},"138":{"start":{"line":428,"column":8},"end":{"line":428,"column":56}},"139":{"start":{"line":429,"column":8},"end":{"line":429,"column":15}}},"fnMap":{"0":{"name":"(anonymous_0)","decl":{"start":{"line":23,"column":21},"end":{"line":23,"column":22}},"loc":{"start":{"line":23,"column":50},"end":{"line":71,"column":1}},"line":23},"1":{"name":"(anonymous_1)","decl":{"start":{"line":30,"column":17},"end":{"line":30,"column":18}},"loc":{"start":{"line":30,"column":32},"end":{"line":69,"column":3}},"line":30},"2":{"name":"(anonymous_2)","decl":{"start":{"line":53,"column":32},"end":{"line":53,"column":33}},"loc":{"start":{"line":53,"column":58},"end":{"line":59,"column":5}},"line":53},"3":{"name":"(anonymous_3)","decl":{"start":{"line":62,"column":15},"end":{"line":62,"column":16}},"loc":{"start":{"line":62,"column":30},"end":{"line":67,"column":5}},"line":62},"4":{"name":"(anonymous_4)","decl":{"start":{"line":83,"column":21},"end":{"line":83,"column":22}},"loc":{"start":{"line":83,"column":52},"end":{"line":124,"column":1}},"line":83},"5":{"name":"(anonymous_5)","decl":{"start":{"line":89,"column":17},"end":{"line":89,"column":18}},"loc":{"start":{"line":89,"column":32},"end":{"line":122,"column":3}},"line":89},"6":{"name":"(anonymous_6)","decl":{"start":{"line":105,"column":24},"end":{"line":105,"column":25}},"loc":{"start":{"line":105,"column":49},"end":{"line":112,"column":5}},"line":105},"7":{"name":"(anonymous_7)","decl":{"start":{"line":115,"column":15},"end":{"line":115,"column":16}},"loc":{"start":{"line":115,"column":30},"end":{"line":120,"column":5}},"line":115},"8":{"name":"(anonymous_8)","decl":{"start":{"line":137,"column":24},"end":{"line":137,"column":25}},"loc":{"start":{"line":137,"column":54},"end":{"line":176,"column":1}},"line":137},"9":{"name":"(anonymous_9)","decl":{"start":{"line":143,"column":17},"end":{"line":143,"column":18}},"loc":{"start":{"line":143,"column":32},"end":{"line":174,"column":3}},"line":143},"10":{"name":"(anonymous_10)","decl":{"start":{"line":157,"column":24},"end":{"line":157,"column":25}},"loc":{"start":{"line":157,"column":49},"end":{"line":164,"column":5}},"line":157},"11":{"name":"(anonymous_11)","decl":{"start":{"line":167,"column":15},"end":{"line":167,"column":16}},"loc":{"start":{"line":167,"column":30},"end":{"line":172,"column":5}},"line":167},"12":{"name":"(anonymous_12)","decl":{"start":{"line":190,"column":24},"end":{"line":190,"column":25}},"loc":{"start":{"line":190,"column":64},"end":{"line":241,"column":1}},"line":190},"13":{"name":"(anonymous_13)","decl":{"start":{"line":198,"column":17},"end":{"line":198,"column":18}},"loc":{"start":{"line":198,"column":32},"end":{"line":239,"column":3}},"line":198},"14":{"name":"(anonymous_14)","decl":{"start":{"line":220,"column":32},"end":{"line":220,"column":33}},"loc":{"start":{"line":220,"column":58},"end":{"line":227,"column":5}},"line":220},"15":{"name":"(anonymous_15)","decl":{"start":{"line":231,"column":15},"end":{"line":231,"column":16}},"loc":{"start":{"line":231,"column":30},"end":{"line":237,"column":5}},"line":231},"16":{"name":"(anonymous_16)","decl":{"start":{"line":244,"column":33},"end":{"line":244,"column":34}},"loc":{"start":{"line":244,"column":72},"end":{"line":288,"column":1}},"line":244},"17":{"name":"(anonymous_17)","decl":{"start":{"line":252,"column":17},"end":{"line":252,"column":18}},"loc":{"start":{"line":252,"column":32},"end":{"line":286,"column":3}},"line":252},"18":{"name":"(anonymous_18)","decl":{"start":{"line":269,"column":32},"end":{"line":269,"column":33}},"loc":{"start":{"line":269,"column":58},"end":{"line":275,"column":5}},"line":269},"19":{"name":"(anonymous_19)","decl":{"start":{"line":279,"column":15},"end":{"line":279,"column":16}},"loc":{"start":{"line":279,"column":30},"end":{"line":284,"column":5}},"line":279},"20":{"name":"(anonymous_20)","decl":{"start":{"line":291,"column":25},"end":{"line":291,"column":26}},"loc":{"start":{"line":291,"column":65},"end":{"line":338,"column":1}},"line":291},"21":{"name":"(anonymous_21)","decl":{"start":{"line":298,"column":17},"end":{"line":298,"column":18}},"loc":{"start":{"line":298,"column":32},"end":{"line":336,"column":3}},"line":298},"22":{"name":"(anonymous_22)","decl":{"start":{"line":318,"column":32},"end":{"line":318,"column":33}},"loc":{"start":{"line":318,"column":58},"end":{"line":325,"column":5}},"line":318},"23":{"name":"(anonymous_23)","decl":{"start":{"line":329,"column":15},"end":{"line":329,"column":16}},"loc":{"start":{"line":329,"column":30},"end":{"line":334,"column":5}},"line":329},"24":{"name":"(anonymous_24)","decl":{"start":{"line":341,"column":32},"end":{"line":341,"column":33}},"loc":{"start":{"line":341,"column":63},"end":{"line":382,"column":1}},"line":341},"25":{"name":"(anonymous_25)","decl":{"start":{"line":348,"column":17},"end":{"line":348,"column":18}},"loc":{"start":{"line":348,"column":32},"end":{"line":381,"column":3}},"line":348},"26":{"name":"(anonymous_26)","decl":{"start":{"line":364,"column":24},"end":{"line":364,"column":25}},"loc":{"start":{"line":364,"column":49},"end":{"line":371,"column":5}},"line":364},"27":{"name":"(anonymous_27)","decl":{"start":{"line":374,"column":15},"end":{"line":374,"column":16}},"loc":{"start":{"line":374,"column":30},"end":{"line":379,"column":5}},"line":374},"28":{"name":"(anonymous_28)","decl":{"start":{"line":394,"column":37},"end":{"line":394,"column":38}},"loc":{"start":{"line":394,"column":68},"end":{"line":435,"column":1}},"line":394},"29":{"name":"(anonymous_29)","decl":{"start":{"line":400,"column":17},"end":{"line":400,"column":18}},"loc":{"start":{"line":400,"column":32},"end":{"line":433,"column":3}},"line":400},"30":{"name":"(anonymous_30)","decl":{"start":{"line":416,"column":24},"end":{"line":416,"column":25}},"loc":{"start":{"line":416,"column":49},"end":{"line":423,"column":5}},"line":416},"31":{"name":"(anonymous_31)","decl":{"start":{"line":426,"column":15},"end":{"line":426,"column":16}},"loc":{"start":{"line":426,"column":30},"end":{"line":431,"column":5}},"line":426}},"branchMap":{"0":{"loc":{"start":{"line":31,"column":4},"end":{"line":34,"column":5}},"type":"if","locations":[{"start":{"line":31,"column":4},"end":{"line":34,"column":5}},{"start":{"line":31,"column":4},"end":{"line":34,"column":5}}],"line":31},"1":{"loc":{"start":{"line":54,"column":6},"end":{"line":57,"column":7}},"type":"if","locations":[{"start":{"line":54,"column":6},"end":{"line":57,"column":7}},{"start":{"line":54,"column":6},"end":{"line":57,"column":7}}],"line":54},"2":{"loc":{"start":{"line":63,"column":6},"end":{"line":66,"column":7}},"type":"if","locations":[{"start":{"line":63,"column":6},"end":{"line":66,"column":7}},{"start":{"line":63,"column":6},"end":{"line":66,"column":7}}],"line":63},"3":{"loc":{"start":{"line":90,"column":4},"end":{"line":93,"column":5}},"type":"if","locations":[{"start":{"line":90,"column":4},"end":{"line":93,"column":5}},{"start":{"line":90,"column":4},"end":{"line":93,"column":5}}],"line":90},"4":{"loc":{"start":{"line":106,"column":6},"end":{"line":109,"column":7}},"type":"if","locations":[{"start":{"line":106,"column":6},"end":{"line":109,"column":7}},{"start":{"line":106,"column":6},"end":{"line":109,"column":7}}],"line":106},"5":{"loc":{"start":{"line":116,"column":6},"end":{"line":119,"column":7}},"type":"if","locations":[{"start":{"line":116,"column":6},"end":{"line":119,"column":7}},{"start":{"line":116,"column":6},"end":{"line":119,"column":7}}],"line":116},"6":{"loc":{"start":{"line":144,"column":4},"end":{"line":147,"column":5}},"type":"if","locations":[{"start":{"line":144,"column":4},"end":{"line":147,"column":5}},{"start":{"line":144,"column":4},"end":{"line":147,"column":5}}],"line":144},"7":{"loc":{"start":{"line":158,"column":6},"end":{"line":161,"column":7}},"type":"if","locations":[{"start":{"line":158,"column":6},"end":{"line":161,"column":7}},{"start":{"line":158,"column":6},"end":{"line":161,"column":7}}],"line":158},"8":{"loc":{"start":{"line":168,"column":6},"end":{"line":171,"column":7}},"type":"if","locations":[{"start":{"line":168,"column":6},"end":{"line":171,"column":7}},{"start":{"line":168,"column":6},"end":{"line":171,"column":7}}],"line":168},"9":{"loc":{"start":{"line":199,"column":4},"end":{"line":202,"column":5}},"type":"if","locations":[{"start":{"line":199,"column":4},"end":{"line":202,"column":5}},{"start":{"line":199,"column":4},"end":{"line":202,"column":5}}],"line":199},"10":{"loc":{"start":{"line":221,"column":6},"end":{"line":224,"column":7}},"type":"if","locations":[{"start":{"line":221,"column":6},"end":{"line":224,"column":7}},{"start":{"line":221,"column":6},"end":{"line":224,"column":7}}],"line":221},"11":{"loc":{"start":{"line":232,"column":6},"end":{"line":235,"column":7}},"type":"if","locations":[{"start":{"line":232,"column":6},"end":{"line":235,"column":7}},{"start":{"line":232,"column":6},"end":{"line":235,"column":7}}],"line":232},"12":{"loc":{"start":{"line":253,"column":4},"end":{"line":256,"column":5}},"type":"if","locations":[{"start":{"line":253,"column":4},"end":{"line":256,"column":5}},{"start":{"line":253,"column":4},"end":{"line":256,"column":5}}],"line":253},"13":{"loc":{"start":{"line":270,"column":6},"end":{"line":273,"column":7}},"type":"if","locations":[{"start":{"line":270,"column":6},"end":{"line":273,"column":7}},{"start":{"line":270,"column":6},"end":{"line":273,"column":7}}],"line":270},"14":{"loc":{"start":{"line":280,"column":6},"end":{"line":283,"column":7}},"type":"if","locations":[{"start":{"line":280,"column":6},"end":{"line":283,"column":7}},{"start":{"line":280,"column":6},"end":{"line":283,"column":7}}],"line":280},"15":{"loc":{"start":{"line":299,"column":4},"end":{"line":302,"column":5}},"type":"if","locations":[{"start":{"line":299,"column":4},"end":{"line":302,"column":5}},{"start":{"line":299,"column":4},"end":{"line":302,"column":5}}],"line":299},"16":{"loc":{"start":{"line":319,"column":6},"end":{"line":322,"column":7}},"type":"if","locations":[{"start":{"line":319,"column":6},"end":{"line":322,"column":7}},{"start":{"line":319,"column":6},"end":{"line":322,"column":7}}],"line":319},"17":{"loc":{"start":{"line":330,"column":6},"end":{"line":333,"column":7}},"type":"if","locations":[{"start":{"line":330,"column":6},"end":{"line":333,"column":7}},{"start":{"line":330,"column":6},"end":{"line":333,"column":7}}],"line":330},"18":{"loc":{"start":{"line":349,"column":4},"end":{"line":352,"column":5}},"type":"if","locations":[{"start":{"line":349,"column":4},"end":{"line":352,"column":5}},{"start":{"line":349,"column":4},"end":{"line":352,"column":5}}],"line":349},"19":{"loc":{"start":{"line":365,"column":6},"end":{"line":368,"column":7}},"type":"if","locations":[{"start":{"line":365,"column":6},"end":{"line":368,"column":7}},{"start":{"line":365,"column":6},"end":{"line":368,"column":7}}],"line":365},"20":{"loc":{"start":{"line":375,"column":6},"end":{"line":378,"column":7}},"type":"if","locations":[{"start":{"line":375,"column":6},"end":{"line":378,"column":7}},{"start":{"line":375,"column":6},"end":{"line":378,"column":7}}],"line":375},"21":{"loc":{"start":{"line":401,"column":4},"end":{"line":404,"column":5}},"type":"if","locations":[{"start":{"line":401,"column":4},"end":{"line":404,"column":5}},{"start":{"line":401,"column":4},"end":{"line":404,"column":5}}],"line":401},"22":{"loc":{"start":{"line":417,"column":6},"end":{"line":420,"column":7}},"type":"if","locations":[{"start":{"line":417,"column":6},"end":{"line":420,"column":7}},{"start":{"line":417,"column":6},"end":{"line":420,"column":7}}],"line":417},"23":{"loc":{"start":{"line":427,"column":6},"end":{"line":430,"column":7}},"type":"if","locations":[{"start":{"line":427,"column":6},"end":{"line":430,"column":7}},{"start":{"line":427,"column":6},"end":{"line":430,"column":7}}],"line":427}},"s":{"0":1,"1":1,"2":1,"3":2,"4":2,"5":2,"6":0,"7":0,"8":2,"9":2,"10":2,"11":2,"12":0,"13":0,"14":2,"15":2,"16":2,"17":0,"18":0,"19":1,"20":4,"21":4,"22":4,"23":0,"24":0,"25":4,"26":4,"27":4,"28":4,"29":4,"30":0,"31":0,"32":4,"33":4,"34":4,"35":0,"36":0,"37":1,"38":2,"39":2,"40":2,"41":0,"42":0,"43":2,"44":2,"45":2,"46":0,"47":0,"48":2,"49":2,"50":2,"51":0,"52":0,"53":1,"54":2,"55":2,"56":2,"57":0,"58":0,"59":2,"60":2,"61":2,"62":2,"63":0,"64":0,"65":2,"66":2,"67":2,"68":0,"69":0,"70":1,"71":2,"72":2,"73":2,"74":0,"75":0,"76":2,"77":2,"78":2,"79":2,"80":0,"81":0,"82":2,"83":2,"84":2,"85":0,"86":0,"87":1,"88":6,"89":6,"90":6,"91":0,"92":0,"93":6,"94":6,"95":6,"96":6,"97":4,"98":4,"99":2,"100":6,"101":6,"102":0,"103":0,"104":1,"105":6,"106":6,"107":6,"108":0,"109":0,"110":6,"111":6,"112":6,"113":6,"114":6,"115":0,"116":0,"117":6,"118":6,"119":6,"120":0,"121":0,"122":1,"123":6,"124":6,"125":6,"126":0,"127":0,"128":6,"129":6,"130":6,"131":6,"132":6,"133":4,"134":4,"135":2,"136":6,"137":6,"138":0,"139":0},"f":{"0":2,"1":2,"2":2,"3":2,"4":4,"5":4,"6":4,"7":4,"8":2,"9":2,"10":2,"11":2,"12":2,"13":2,"14":2,"15":2,"16":2,"17":2,"18":2,"19":2,"20":6,"21":6,"22":6,"23":6,"24":6,"25":6,"26":6,"27":6,"28":6,"29":6,"30":6,"31":6},"b":{"0":[0,2],"1":[0,2],"2":[0,2],"3":[0,4],"4":[0,4],"5":[0,4],"6":[0,2],"7":[0,2],"8":[0,2],"9":[0,2],"10":[0,2],"11":[0,2],"12":[0,2],"13":[0,2],"14":[0,2],"15":[0,6],"16":[4,2],"17":[0,6],"18":[0,6],"19":[0,6],"20":[0,6],"21":[0,6],"22":[4,2],"23":[0,6]},"_coverageSchema":"1a1c01bbd47fc00a2c39e90264f33305004495a9","hash":"55a1b8659332109e2c3b489733521ac912ac9bc1"}
,"C:\\Users\\suned\\Desktop\\321projectlocal\\321-project\\server\\dbInterface\\userDB.js": {"path":"C:\\Users\\suned\\Desktop\\321projectlocal\\321-project\\server\\dbInterface\\userDB.js","statementMap":{"0":{"start":{"line":8,"column":12},"end":{"line":8,"column":28}},"1":{"start":{"line":9,"column":15},"end":{"line":9,"column":36}},"2":{"start":{"line":22,"column":0},"end":{"line":77,"column":2}},"3":{"start":{"line":27,"column":15},"end":{"line":27,"column":54}},"4":{"start":{"line":30,"column":2},"end":{"line":75,"column":5}},"5":{"start":{"line":31,"column":4},"end":{"line":34,"column":5}},"6":{"start":{"line":32,"column":6},"end":{"line":32,"column":54}},"7":{"start":{"line":33,"column":6},"end":{"line":33,"column":13}},"8":{"start":{"line":38,"column":17},"end":{"line":42,"column":5}},"9":{"start":{"line":45,"column":16},"end":{"line":45,"column":85}},"10":{"start":{"line":47,"column":4},"end":{"line":62,"column":7}},"11":{"start":{"line":48,"column":6},"end":{"line":54,"column":7}},"12":{"start":{"line":49,"column":8},"end":{"line":49,"column":56}},"13":{"start":{"line":50,"column":13},"end":{"line":54,"column":7}},"14":{"start":{"line":52,"column":8},"end":{"line":52,"column":56}},"15":{"start":{"line":53,"column":8},"end":{"line":53,"column":15}},"16":{"start":{"line":58,"column":6},"end":{"line":61,"column":9}},"17":{"start":{"line":66,"column":4},"end":{"line":73,"column":7}},"18":{"start":{"line":67,"column":6},"end":{"line":70,"column":7}},"19":{"start":{"line":68,"column":8},"end":{"line":68,"column":56}},"20":{"start":{"line":69,"column":8},"end":{"line":69,"column":15}},"21":{"start":{"line":91,"column":0},"end":{"line":131,"column":2}},"22":{"start":{"line":94,"column":15},"end":{"line":94,"column":54}},"23":{"start":{"line":97,"column":2},"end":{"line":129,"column":5}},"24":{"start":{"line":98,"column":4},"end":{"line":101,"column":5}},"25":{"start":{"line":99,"column":6},"end":{"line":99,"column":54}},"26":{"start":{"line":100,"column":6},"end":{"line":100,"column":13}},"27":{"start":{"line":106,"column":16},"end":{"line":106,"column":71}},"28":{"start":{"line":110,"column":4},"end":{"line":117,"column":7}},"29":{"start":{"line":111,"column":6},"end":{"line":114,"column":7}},"30":{"start":{"line":112,"column":8},"end":{"line":112,"column":56}},"31":{"start":{"line":113,"column":8},"end":{"line":113,"column":15}},"32":{"start":{"line":116,"column":6},"end":{"line":116,"column":23}},"33":{"start":{"line":120,"column":4},"end":{"line":127,"column":7}},"34":{"start":{"line":121,"column":6},"end":{"line":124,"column":7}},"35":{"start":{"line":122,"column":8},"end":{"line":122,"column":56}},"36":{"start":{"line":123,"column":8},"end":{"line":123,"column":15}},"37":{"start":{"line":145,"column":0},"end":{"line":188,"column":2}},"38":{"start":{"line":147,"column":15},"end":{"line":147,"column":54}},"39":{"start":{"line":150,"column":2},"end":{"line":186,"column":5}},"40":{"start":{"line":151,"column":4},"end":{"line":154,"column":5}},"41":{"start":{"line":152,"column":6},"end":{"line":152,"column":54}},"42":{"start":{"line":153,"column":6},"end":{"line":153,"column":13}},"43":{"start":{"line":156,"column":17},"end":{"line":160,"column":5}},"44":{"start":{"line":163,"column":16},"end":{"line":163,"column":119}},"45":{"start":{"line":165,"column":4},"end":{"line":175,"column":7}},"46":{"start":{"line":166,"column":6},"end":{"line":169,"column":7}},"47":{"start":{"line":167,"column":8},"end":{"line":167,"column":56}},"48":{"start":{"line":168,"column":8},"end":{"line":168,"column":15}},"49":{"start":{"line":171,"column":6},"end":{"line":174,"column":9}},"50":{"start":{"line":179,"column":4},"end":{"line":184,"column":7}},"51":{"start":{"line":180,"column":6},"end":{"line":183,"column":7}},"52":{"start":{"line":181,"column":8},"end":{"line":181,"column":56}},"53":{"start":{"line":182,"column":8},"end":{"line":182,"column":15}},"54":{"start":{"line":191,"column":0},"end":{"line":241,"column":2}},"55":{"start":{"line":196,"column":15},"end":{"line":196,"column":54}},"56":{"start":{"line":199,"column":2},"end":{"line":239,"column":5}},"57":{"start":{"line":200,"column":4},"end":{"line":203,"column":5}},"58":{"start":{"line":201,"column":6},"end":{"line":201,"column":54}},"59":{"start":{"line":202,"column":6},"end":{"line":202,"column":13}},"60":{"start":{"line":208,"column":17},"end":{"line":208,"column":89}},"61":{"start":{"line":209,"column":4},"end":{"line":220,"column":7}},"62":{"start":{"line":210,"column":6},"end":{"line":213,"column":7}},"63":{"start":{"line":211,"column":8},"end":{"line":211,"column":56}},"64":{"start":{"line":212,"column":8},"end":{"line":212,"column":15}},"65":{"start":{"line":215,"column":6},"end":{"line":219,"column":7}},"66":{"start":{"line":216,"column":8},"end":{"line":216,"column":79}},"67":{"start":{"line":218,"column":8},"end":{"line":218,"column":88}},"68":{"start":{"line":222,"column":17},"end":{"line":222,"column":126}},"69":{"start":{"line":223,"column":4},"end":{"line":228,"column":7}},"70":{"start":{"line":224,"column":6},"end":{"line":227,"column":7}},"71":{"start":{"line":225,"column":8},"end":{"line":225,"column":56}},"72":{"start":{"line":226,"column":8},"end":{"line":226,"column":15}},"73":{"start":{"line":232,"column":4},"end":{"line":237,"column":7}},"74":{"start":{"line":233,"column":6},"end":{"line":236,"column":7}},"75":{"start":{"line":234,"column":8},"end":{"line":234,"column":56}},"76":{"start":{"line":235,"column":8},"end":{"line":235,"column":15}},"77":{"start":{"line":252,"column":0},"end":{"line":284,"column":2}},"78":{"start":{"line":254,"column":15},"end":{"line":254,"column":54}},"79":{"start":{"line":257,"column":2},"end":{"line":283,"column":5}},"80":{"start":{"line":258,"column":4},"end":{"line":261,"column":5}},"81":{"start":{"line":259,"column":6},"end":{"line":259,"column":54}},"82":{"start":{"line":260,"column":6},"end":{"line":260,"column":13}},"83":{"start":{"line":265,"column":17},"end":{"line":265,"column":73}},"84":{"start":{"line":267,"column":4},"end":{"line":274,"column":7}},"85":{"start":{"line":268,"column":6},"end":{"line":273,"column":7}},"86":{"start":{"line":269,"column":8},"end":{"line":269,"column":56}},"87":{"start":{"line":270,"column":8},"end":{"line":270,"column":15}},"88":{"start":{"line":272,"column":8},"end":{"line":272,"column":29}},"89":{"start":{"line":276,"column":4},"end":{"line":281,"column":7}},"90":{"start":{"line":277,"column":6},"end":{"line":280,"column":7}},"91":{"start":{"line":278,"column":8},"end":{"line":278,"column":56}},"92":{"start":{"line":279,"column":8},"end":{"line":279,"column":15}}},"fnMap":{"0":{"name":"(anonymous_0)","decl":{"start":{"line":22,"column":21},"end":{"line":22,"column":22}},"loc":{"start":{"line":22,"column":47},"end":{"line":77,"column":1}},"line":22},"1":{"name":"(anonymous_1)","decl":{"start":{"line":30,"column":17},"end":{"line":30,"column":18}},"loc":{"start":{"line":30,"column":32},"end":{"line":75,"column":3}},"line":30},"2":{"name":"(anonymous_2)","decl":{"start":{"line":47,"column":32},"end":{"line":47,"column":33}},"loc":{"start":{"line":47,"column":58},"end":{"line":62,"column":5}},"line":47},"3":{"name":"(anonymous_3)","decl":{"start":{"line":66,"column":15},"end":{"line":66,"column":16}},"loc":{"start":{"line":66,"column":30},"end":{"line":73,"column":5}},"line":66},"4":{"name":"(anonymous_4)","decl":{"start":{"line":91,"column":24},"end":{"line":91,"column":25}},"loc":{"start":{"line":91,"column":53},"end":{"line":131,"column":1}},"line":91},"5":{"name":"(anonymous_5)","decl":{"start":{"line":97,"column":17},"end":{"line":97,"column":18}},"loc":{"start":{"line":97,"column":32},"end":{"line":129,"column":3}},"line":97},"6":{"name":"(anonymous_6)","decl":{"start":{"line":110,"column":24},"end":{"line":110,"column":25}},"loc":{"start":{"line":110,"column":49},"end":{"line":117,"column":5}},"line":110},"7":{"name":"(anonymous_7)","decl":{"start":{"line":120,"column":15},"end":{"line":120,"column":16}},"loc":{"start":{"line":120,"column":30},"end":{"line":127,"column":5}},"line":120},"8":{"name":"(anonymous_8)","decl":{"start":{"line":145,"column":24},"end":{"line":145,"column":25}},"loc":{"start":{"line":145,"column":51},"end":{"line":188,"column":1}},"line":145},"9":{"name":"(anonymous_9)","decl":{"start":{"line":150,"column":17},"end":{"line":150,"column":18}},"loc":{"start":{"line":150,"column":32},"end":{"line":186,"column":3}},"line":150},"10":{"name":"(anonymous_10)","decl":{"start":{"line":165,"column":32},"end":{"line":165,"column":33}},"loc":{"start":{"line":165,"column":58},"end":{"line":175,"column":5}},"line":165},"11":{"name":"(anonymous_11)","decl":{"start":{"line":179,"column":15},"end":{"line":179,"column":16}},"loc":{"start":{"line":179,"column":30},"end":{"line":184,"column":5}},"line":179},"12":{"name":"(anonymous_12)","decl":{"start":{"line":191,"column":28},"end":{"line":191,"column":29}},"loc":{"start":{"line":191,"column":59},"end":{"line":241,"column":1}},"line":191},"13":{"name":"(anonymous_13)","decl":{"start":{"line":199,"column":17},"end":{"line":199,"column":18}},"loc":{"start":{"line":199,"column":32},"end":{"line":239,"column":3}},"line":199},"14":{"name":"(anonymous_14)","decl":{"start":{"line":209,"column":25},"end":{"line":209,"column":26}},"loc":{"start":{"line":209,"column":51},"end":{"line":220,"column":5}},"line":209},"15":{"name":"(anonymous_15)","decl":{"start":{"line":223,"column":25},"end":{"line":223,"column":26}},"loc":{"start":{"line":223,"column":51},"end":{"line":228,"column":5}},"line":223},"16":{"name":"(anonymous_16)","decl":{"start":{"line":232,"column":15},"end":{"line":232,"column":16}},"loc":{"start":{"line":232,"column":30},"end":{"line":237,"column":5}},"line":232},"17":{"name":"(anonymous_17)","decl":{"start":{"line":252,"column":21},"end":{"line":252,"column":22}},"loc":{"start":{"line":252,"column":50},"end":{"line":284,"column":1}},"line":252},"18":{"name":"(anonymous_18)","decl":{"start":{"line":257,"column":17},"end":{"line":257,"column":18}},"loc":{"start":{"line":257,"column":32},"end":{"line":283,"column":3}},"line":257},"19":{"name":"(anonymous_19)","decl":{"start":{"line":267,"column":25},"end":{"line":267,"column":26}},"loc":{"start":{"line":267,"column":51},"end":{"line":274,"column":5}},"line":267},"20":{"name":"(anonymous_20)","decl":{"start":{"line":276,"column":15},"end":{"line":276,"column":16}},"loc":{"start":{"line":276,"column":30},"end":{"line":281,"column":5}},"line":276}},"branchMap":{"0":{"loc":{"start":{"line":31,"column":4},"end":{"line":34,"column":5}},"type":"if","locations":[{"start":{"line":31,"column":4},"end":{"line":34,"column":5}},{"start":{"line":31,"column":4},"end":{"line":34,"column":5}}],"line":31},"1":{"loc":{"start":{"line":48,"column":6},"end":{"line":54,"column":7}},"type":"if","locations":[{"start":{"line":48,"column":6},"end":{"line":54,"column":7}},{"start":{"line":48,"column":6},"end":{"line":54,"column":7}}],"line":48},"2":{"loc":{"start":{"line":48,"column":10},"end":{"line":48,"column":44}},"type":"binary-expr","locations":[{"start":{"line":48,"column":10},"end":{"line":48,"column":13}},{"start":{"line":48,"column":17},"end":{"line":48,"column":44}}],"line":48},"3":{"loc":{"start":{"line":50,"column":13},"end":{"line":54,"column":7}},"type":"if","locations":[{"start":{"line":50,"column":13},"end":{"line":54,"column":7}},{"start":{"line":50,"column":13},"end":{"line":54,"column":7}}],"line":50},"4":{"loc":{"start":{"line":67,"column":6},"end":{"line":70,"column":7}},"type":"if","locations":[{"start":{"line":67,"column":6},"end":{"line":70,"column":7}},{"start":{"line":67,"column":6},"end":{"line":70,"column":7}}],"line":67},"5":{"loc":{"start":{"line":98,"column":4},"end":{"line":101,"column":5}},"type":"if","locations":[{"start":{"line":98,"column":4},"end":{"line":101,"column":5}},{"start":{"line":98,"column":4},"end":{"line":101,"column":5}}],"line":98},"6":{"loc":{"start":{"line":111,"column":6},"end":{"line":114,"column":7}},"type":"if","locations":[{"start":{"line":111,"column":6},"end":{"line":114,"column":7}},{"start":{"line":111,"column":6},"end":{"line":114,"column":7}}],"line":111},"7":{"loc":{"start":{"line":121,"column":6},"end":{"line":124,"column":7}},"type":"if","locations":[{"start":{"line":121,"column":6},"end":{"line":124,"column":7}},{"start":{"line":121,"column":6},"end":{"line":124,"column":7}}],"line":121},"8":{"loc":{"start":{"line":151,"column":4},"end":{"line":154,"column":5}},"type":"if","locations":[{"start":{"line":151,"column":4},"end":{"line":154,"column":5}},{"start":{"line":151,"column":4},"end":{"line":154,"column":5}}],"line":151},"9":{"loc":{"start":{"line":166,"column":6},"end":{"line":169,"column":7}},"type":"if","locations":[{"start":{"line":166,"column":6},"end":{"line":169,"column":7}},{"start":{"line":166,"column":6},"end":{"line":169,"column":7}}],"line":166},"10":{"loc":{"start":{"line":180,"column":6},"end":{"line":183,"column":7}},"type":"if","locations":[{"start":{"line":180,"column":6},"end":{"line":183,"column":7}},{"start":{"line":180,"column":6},"end":{"line":183,"column":7}}],"line":180},"11":{"loc":{"start":{"line":200,"column":4},"end":{"line":203,"column":5}},"type":"if","locations":[{"start":{"line":200,"column":4},"end":{"line":203,"column":5}},{"start":{"line":200,"column":4},"end":{"line":203,"column":5}}],"line":200},"12":{"loc":{"start":{"line":210,"column":6},"end":{"line":213,"column":7}},"type":"if","locations":[{"start":{"line":210,"column":6},"end":{"line":213,"column":7}},{"start":{"line":210,"column":6},"end":{"line":213,"column":7}}],"line":210},"13":{"loc":{"start":{"line":215,"column":6},"end":{"line":219,"column":7}},"type":"if","locations":[{"start":{"line":215,"column":6},"end":{"line":219,"column":7}},{"start":{"line":215,"column":6},"end":{"line":219,"column":7}}],"line":215},"14":{"loc":{"start":{"line":215,"column":10},"end":{"line":215,"column":66}},"type":"binary-expr","locations":[{"start":{"line":215,"column":10},"end":{"line":215,"column":20}},{"start":{"line":215,"column":24},"end":{"line":215,"column":66}}],"line":215},"15":{"loc":{"start":{"line":224,"column":6},"end":{"line":227,"column":7}},"type":"if","locations":[{"start":{"line":224,"column":6},"end":{"line":227,"column":7}},{"start":{"line":224,"column":6},"end":{"line":227,"column":7}}],"line":224},"16":{"loc":{"start":{"line":233,"column":6},"end":{"line":236,"column":7}},"type":"if","locations":[{"start":{"line":233,"column":6},"end":{"line":236,"column":7}},{"start":{"line":233,"column":6},"end":{"line":236,"column":7}}],"line":233},"17":{"loc":{"start":{"line":258,"column":4},"end":{"line":261,"column":5}},"type":"if","locations":[{"start":{"line":258,"column":4},"end":{"line":261,"column":5}},{"start":{"line":258,"column":4},"end":{"line":261,"column":5}}],"line":258},"18":{"loc":{"start":{"line":268,"column":6},"end":{"line":273,"column":7}},"type":"if","locations":[{"start":{"line":268,"column":6},"end":{"line":273,"column":7}},{"start":{"line":268,"column":6},"end":{"line":273,"column":7}}],"line":268},"19":{"loc":{"start":{"line":277,"column":6},"end":{"line":280,"column":7}},"type":"if","locations":[{"start":{"line":277,"column":6},"end":{"line":280,"column":7}},{"start":{"line":277,"column":6},"end":{"line":280,"column":7}}],"line":277}},"s":{"0":1,"1":1,"2":1,"3":5,"4":5,"5":5,"6":0,"7":0,"8":5,"9":5,"10":5,"11":5,"12":1,"13":4,"14":0,"15":0,"16":5,"17":5,"18":5,"19":0,"20":0,"21":1,"22":2,"23":2,"24":2,"25":0,"26":0,"27":2,"28":2,"29":2,"30":0,"31":0,"32":2,"33":2,"34":2,"35":0,"36":0,"37":1,"38":4,"39":4,"40":4,"41":0,"42":0,"43":4,"44":4,"45":4,"46":4,"47":0,"48":0,"49":4,"50":4,"51":4,"52":0,"53":0,"54":1,"55":4,"56":4,"57":4,"58":0,"59":0,"60":4,"61":4,"62":4,"63":0,"64":0,"65":4,"66":2,"67":2,"68":4,"69":4,"70":4,"71":0,"72":0,"73":4,"74":4,"75":0,"76":0,"77":1,"78":0,"79":0,"80":0,"81":0,"82":0,"83":0,"84":0,"85":0,"86":0,"87":0,"88":0,"89":0,"90":0,"91":0,"92":0},"f":{"0":5,"1":5,"2":5,"3":5,"4":2,"5":2,"6":2,"7":2,"8":4,"9":4,"10":4,"11":4,"12":4,"13":4,"14":4,"15":4,"16":4,"17":0,"18":0,"19":0,"20":0},"b":{"0":[0,5],"1":[1,4],"2":[5,1],"3":[0,4],"4":[0,5],"5":[0,2],"6":[0,2],"7":[0,2],"8":[0,4],"9":[0,4],"10":[0,4],"11":[0,4],"12":[0,4],"13":[2,2],"14":[4,4],"15":[0,4],"16":[0,4],"17":[0,0],"18":[0,0],"19":[0,0]},"_coverageSchema":"1a1c01bbd47fc00a2c39e90264f33305004495a9","hash":"620b1c32d2e1ddba5119e325957dc3c8c1e39697"}
,"C:\\Users\\suned\\Desktop\\321projectlocal\\321-project\\server\\serviceHandler\\requestData.js": {"path":"C:\\Users\\suned\\Desktop\\321projectlocal\\321-project\\server\\serviceHandler\\requestData.js","statementMap":{"0":{"start":{"line":2,"column":24},"end":{"line":2,"column":103}},"1":{"start":{"line":3,"column":23},"end":{"line":3,"column":93}},"2":{"start":{"line":4,"column":23},"end":{"line":4,"column":86}},"3":{"start":{"line":5,"column":23},"end":{"line":5,"column":45}},"4":{"start":{"line":6,"column":25},"end":{"line":6,"column":63}},"5":{"start":{"line":7,"column":17},"end":{"line":7,"column":31}},"6":{"start":{"line":15,"column":20},"end":{"line":25,"column":1}},"7":{"start":{"line":17,"column":2},"end":{"line":21,"column":3}},"8":{"start":{"line":18,"column":4},"end":{"line":18,"column":80}},"9":{"start":{"line":19,"column":9},"end":{"line":21,"column":3}},"10":{"start":{"line":20,"column":4},"end":{"line":20,"column":80}},"11":{"start":{"line":23,"column":2},"end":{"line":23,"column":14}},"12":{"start":{"line":33,"column":21},"end":{"line":48,"column":1}},"13":{"start":{"line":35,"column":15},"end":{"line":35,"column":35}},"14":{"start":{"line":36,"column":2},"end":{"line":44,"column":3}},"15":{"start":{"line":38,"column":4},"end":{"line":40,"column":5}},"16":{"start":{"line":39,"column":6},"end":{"line":39,"column":54}},"17":{"start":{"line":42,"column":4},"end":{"line":42,"column":45}},"18":{"start":{"line":46,"column":2},"end":{"line":46,"column":14}},"19":{"start":{"line":50,"column":0},"end":{"line":50,"column":47}},"20":{"start":{"line":53,"column":0},"end":{"line":70,"column":2}},"21":{"start":{"line":56,"column":2},"end":{"line":60,"column":3}},"22":{"start":{"line":57,"column":4},"end":{"line":57,"column":31}},"23":{"start":{"line":59,"column":4},"end":{"line":59,"column":19}},"24":{"start":{"line":62,"column":2},"end":{"line":64,"column":3}},"25":{"start":{"line":63,"column":4},"end":{"line":63,"column":22}},"26":{"start":{"line":66,"column":2},"end":{"line":68,"column":3}},"27":{"start":{"line":67,"column":4},"end":{"line":67,"column":19}},"28":{"start":{"line":72,"column":22},"end":{"line":84,"column":1}},"29":{"start":{"line":76,"column":2},"end":{"line":80,"column":3}},"30":{"start":{"line":77,"column":4},"end":{"line":77,"column":55}},"31":{"start":{"line":79,"column":4},"end":{"line":79,"column":66}},"32":{"start":{"line":82,"column":2},"end":{"line":82,"column":13}},"33":{"start":{"line":86,"column":22},"end":{"line":98,"column":1}},"34":{"start":{"line":90,"column":2},"end":{"line":94,"column":3}},"35":{"start":{"line":91,"column":4},"end":{"line":91,"column":55}},"36":{"start":{"line":93,"column":4},"end":{"line":93,"column":66}},"37":{"start":{"line":96,"column":2},"end":{"line":96,"column":13}},"38":{"start":{"line":105,"column":28},"end":{"line":121,"column":1}},"39":{"start":{"line":108,"column":14},"end":{"line":108,"column":28}},"40":{"start":{"line":109,"column":18},"end":{"line":109,"column":26}},"41":{"start":{"line":111,"column":2},"end":{"line":117,"column":3}},"42":{"start":{"line":112,"column":4},"end":{"line":112,"column":59}},"43":{"start":{"line":113,"column":9},"end":{"line":117,"column":3}},"44":{"start":{"line":114,"column":4},"end":{"line":114,"column":54}},"45":{"start":{"line":115,"column":9},"end":{"line":117,"column":3}},"46":{"start":{"line":116,"column":4},"end":{"line":116,"column":54}},"47":{"start":{"line":119,"column":2},"end":{"line":119,"column":13}},"48":{"start":{"line":124,"column":25},"end":{"line":134,"column":1}},"49":{"start":{"line":126,"column":2},"end":{"line":130,"column":3}},"50":{"start":{"line":127,"column":4},"end":{"line":127,"column":55}},"51":{"start":{"line":128,"column":9},"end":{"line":130,"column":3}},"52":{"start":{"line":129,"column":4},"end":{"line":129,"column":76}},"53":{"start":{"line":132,"column":2},"end":{"line":132,"column":14}},"54":{"start":{"line":137,"column":21},"end":{"line":143,"column":1}},"55":{"start":{"line":138,"column":2},"end":{"line":140,"column":3}},"56":{"start":{"line":139,"column":4},"end":{"line":139,"column":80}},"57":{"start":{"line":142,"column":2},"end":{"line":142,"column":14}},"58":{"start":{"line":146,"column":23},"end":{"line":155,"column":1}},"59":{"start":{"line":148,"column":14},"end":{"line":148,"column":34}},"60":{"start":{"line":149,"column":2},"end":{"line":151,"column":3}},"61":{"start":{"line":150,"column":4},"end":{"line":150,"column":53}},"62":{"start":{"line":153,"column":2},"end":{"line":153,"column":72}},"63":{"start":{"line":164,"column":28},"end":{"line":181,"column":1}},"64":{"start":{"line":166,"column":15},"end":{"line":166,"column":38}},"65":{"start":{"line":168,"column":22},"end":{"line":168,"column":24}},"66":{"start":{"line":170,"column":2},"end":{"line":177,"column":3}},"67":{"start":{"line":172,"column":4},"end":{"line":175,"column":5}},"68":{"start":{"line":173,"column":16},"end":{"line":173,"column":54}},"69":{"start":{"line":174,"column":6},"end":{"line":174,"column":30}},"70":{"start":{"line":179,"column":2},"end":{"line":179,"column":23}},"71":{"start":{"line":184,"column":0},"end":{"line":184,"column":62}}},"fnMap":{"0":{"name":"(anonymous_0)","decl":{"start":{"line":15,"column":20},"end":{"line":15,"column":21}},"loc":{"start":{"line":15,"column":42},"end":{"line":25,"column":1}},"line":15},"1":{"name":"(anonymous_1)","decl":{"start":{"line":33,"column":21},"end":{"line":33,"column":22}},"loc":{"start":{"line":33,"column":40},"end":{"line":48,"column":1}},"line":33},"2":{"name":"(anonymous_2)","decl":{"start":{"line":53,"column":35},"end":{"line":53,"column":36}},"loc":{"start":{"line":53,"column":50},"end":{"line":70,"column":1}},"line":53},"3":{"name":"(anonymous_3)","decl":{"start":{"line":72,"column":22},"end":{"line":72,"column":23}},"loc":{"start":{"line":72,"column":60},"end":{"line":84,"column":1}},"line":72},"4":{"name":"(anonymous_4)","decl":{"start":{"line":86,"column":22},"end":{"line":86,"column":23}},"loc":{"start":{"line":86,"column":60},"end":{"line":98,"column":1}},"line":86},"5":{"name":"(anonymous_5)","decl":{"start":{"line":105,"column":28},"end":{"line":105,"column":29}},"loc":{"start":{"line":105,"column":53},"end":{"line":121,"column":1}},"line":105},"6":{"name":"(anonymous_6)","decl":{"start":{"line":124,"column":25},"end":{"line":124,"column":26}},"loc":{"start":{"line":124,"column":41},"end":{"line":134,"column":1}},"line":124},"7":{"name":"(anonymous_7)","decl":{"start":{"line":137,"column":21},"end":{"line":137,"column":22}},"loc":{"start":{"line":137,"column":43},"end":{"line":143,"column":1}},"line":137},"8":{"name":"(anonymous_8)","decl":{"start":{"line":146,"column":23},"end":{"line":146,"column":24}},"loc":{"start":{"line":146,"column":51},"end":{"line":155,"column":1}},"line":146},"9":{"name":"(anonymous_9)","decl":{"start":{"line":164,"column":28},"end":{"line":164,"column":29}},"loc":{"start":{"line":164,"column":50},"end":{"line":181,"column":1}},"line":164}},"branchMap":{"0":{"loc":{"start":{"line":17,"column":2},"end":{"line":21,"column":3}},"type":"if","locations":[{"start":{"line":17,"column":2},"end":{"line":21,"column":3}},{"start":{"line":17,"column":2},"end":{"line":21,"column":3}}],"line":17},"1":{"loc":{"start":{"line":17,"column":6},"end":{"line":17,"column":65}},"type":"binary-expr","locations":[{"start":{"line":17,"column":6},"end":{"line":17,"column":36}},{"start":{"line":17,"column":40},"end":{"line":17,"column":65}}],"line":17},"2":{"loc":{"start":{"line":19,"column":9},"end":{"line":21,"column":3}},"type":"if","locations":[{"start":{"line":19,"column":9},"end":{"line":21,"column":3}},{"start":{"line":19,"column":9},"end":{"line":21,"column":3}}],"line":19},"3":{"loc":{"start":{"line":19,"column":13},"end":{"line":19,"column":72}},"type":"binary-expr","locations":[{"start":{"line":19,"column":13},"end":{"line":19,"column":43}},{"start":{"line":19,"column":47},"end":{"line":19,"column":72}}],"line":19},"4":{"loc":{"start":{"line":38,"column":4},"end":{"line":40,"column":5}},"type":"if","locations":[{"start":{"line":38,"column":4},"end":{"line":40,"column":5}},{"start":{"line":38,"column":4},"end":{"line":40,"column":5}}],"line":38},"5":{"loc":{"start":{"line":56,"column":2},"end":{"line":60,"column":3}},"type":"if","locations":[{"start":{"line":56,"column":2},"end":{"line":60,"column":3}},{"start":{"line":56,"column":2},"end":{"line":60,"column":3}}],"line":56},"6":{"loc":{"start":{"line":62,"column":2},"end":{"line":64,"column":3}},"type":"if","locations":[{"start":{"line":62,"column":2},"end":{"line":64,"column":3}},{"start":{"line":62,"column":2},"end":{"line":64,"column":3}}],"line":62},"7":{"loc":{"start":{"line":66,"column":2},"end":{"line":68,"column":3}},"type":"if","locations":[{"start":{"line":66,"column":2},"end":{"line":68,"column":3}},{"start":{"line":66,"column":2},"end":{"line":68,"column":3}}],"line":66},"8":{"loc":{"start":{"line":76,"column":2},"end":{"line":80,"column":3}},"type":"if","locations":[{"start":{"line":76,"column":2},"end":{"line":80,"column":3}},{"start":{"line":76,"column":2},"end":{"line":80,"column":3}}],"line":76},"9":{"loc":{"start":{"line":90,"column":2},"end":{"line":94,"column":3}},"type":"if","locations":[{"start":{"line":90,"column":2},"end":{"line":94,"column":3}},{"start":{"line":90,"column":2},"end":{"line":94,"column":3}}],"line":90},"10":{"loc":{"start":{"line":111,"column":2},"end":{"line":117,"column":3}},"type":"if","locations":[{"start":{"line":111,"column":2},"end":{"line":117,"column":3}},{"start":{"line":111,"column":2},"end":{"line":117,"column":3}}],"line":111},"11":{"loc":{"start":{"line":113,"column":9},"end":{"line":117,"column":3}},"type":"if","locations":[{"start":{"line":113,"column":9},"end":{"line":117,"column":3}},{"start":{"line":113,"column":9},"end":{"line":117,"column":3}}],"line":113},"12":{"loc":{"start":{"line":115,"column":9},"end":{"line":117,"column":3}},"type":"if","locations":[{"start":{"line":115,"column":9},"end":{"line":117,"column":3}},{"start":{"line":115,"column":9},"end":{"line":117,"column":3}}],"line":115},"13":{"loc":{"start":{"line":126,"column":2},"end":{"line":130,"column":3}},"type":"if","locations":[{"start":{"line":126,"column":2},"end":{"line":130,"column":3}},{"start":{"line":126,"column":2},"end":{"line":130,"column":3}}],"line":126},"14":{"loc":{"start":{"line":126,"column":5},"end":{"line":126,"column":66}},"type":"binary-expr","locations":[{"start":{"line":126,"column":5},"end":{"line":126,"column":23}},{"start":{"line":126,"column":27},"end":{"line":126,"column":66}}],"line":126},"15":{"loc":{"start":{"line":128,"column":9},"end":{"line":130,"column":3}},"type":"if","locations":[{"start":{"line":128,"column":9},"end":{"line":130,"column":3}},{"start":{"line":128,"column":9},"end":{"line":130,"column":3}}],"line":128},"16":{"loc":{"start":{"line":128,"column":13},"end":{"line":128,"column":64}},"type":"binary-expr","locations":[{"start":{"line":128,"column":13},"end":{"line":128,"column":30}},{"start":{"line":128,"column":34},"end":{"line":128,"column":64}}],"line":128},"17":{"loc":{"start":{"line":138,"column":2},"end":{"line":140,"column":3}},"type":"if","locations":[{"start":{"line":138,"column":2},"end":{"line":140,"column":3}},{"start":{"line":138,"column":2},"end":{"line":140,"column":3}}],"line":138},"18":{"loc":{"start":{"line":138,"column":6},"end":{"line":138,"column":60}},"type":"binary-expr","locations":[{"start":{"line":138,"column":6},"end":{"line":138,"column":36}},{"start":{"line":138,"column":40},"end":{"line":138,"column":60}}],"line":138},"19":{"loc":{"start":{"line":149,"column":2},"end":{"line":151,"column":3}},"type":"if","locations":[{"start":{"line":149,"column":2},"end":{"line":151,"column":3}},{"start":{"line":149,"column":2},"end":{"line":151,"column":3}}],"line":149},"20":{"loc":{"start":{"line":153,"column":10},"end":{"line":153,"column":70}},"type":"binary-expr","locations":[{"start":{"line":153,"column":10},"end":{"line":153,"column":35}},{"start":{"line":153,"column":39},"end":{"line":153,"column":70}}],"line":153},"21":{"loc":{"start":{"line":172,"column":4},"end":{"line":175,"column":5}},"type":"if","locations":[{"start":{"line":172,"column":4},"end":{"line":175,"column":5}},{"start":{"line":172,"column":4},"end":{"line":175,"column":5}}],"line":172}},"s":{"0":1,"1":1,"2":1,"3":1,"4":1,"5":1,"6":1,"7":46,"8":2,"9":44,"10":1,"11":43,"12":1,"13":13,"14":13,"15":52,"16":6,"17":46,"18":4,"19":1,"20":1,"21":7,"22":0,"23":7,"24":7,"25":7,"26":7,"27":2,"28":1,"29":6,"30":4,"31":2,"32":6,"33":1,"34":6,"35":4,"36":2,"37":6,"38":1,"39":16,"40":16,"41":16,"42":4,"43":12,"44":6,"45":6,"46":6,"47":16,"48":1,"49":22,"50":2,"51":20,"52":3,"53":17,"54":1,"55":17,"56":1,"57":16,"58":1,"59":25,"60":25,"61":3,"62":22,"63":1,"64":13,"65":13,"66":13,"67":25,"68":16,"69":16,"70":4,"71":1},"f":{"0":46,"1":13,"2":7,"3":6,"4":6,"5":16,"6":22,"7":17,"8":25,"9":13},"b":{"0":[2,44],"1":[46,37],"2":[1,43],"3":[44,9],"4":[6,46],"5":[0,7],"6":[7,0],"7":[2,0],"8":[4,2],"9":[4,2],"10":[4,12],"11":[6,6],"12":[6,0],"13":[2,20],"14":[22,6],"15":[3,17],"16":[20,16],"17":[1,16],"18":[17,9],"19":[3,22],"20":[22,17],"21":[16,0]},"_coverageSchema":"1a1c01bbd47fc00a2c39e90264f33305004495a9","hash":"0e39a902d88cfad3e3c57b0c68a4bc8fe4af7034"}
,"C:\\Users\\suned\\Desktop\\321projectlocal\\321-project\\server\\serviceHandler\\serviceHandler.js": {"path":"C:\\Users\\suned\\Desktop\\321projectlocal\\321-project\\server\\serviceHandler\\serviceHandler.js","statementMap":{"0":{"start":{"line":9,"column":9},"end":{"line":9,"column":47}},"1":{"start":{"line":10,"column":14},"end":{"line":10,"column":41}},"2":{"start":{"line":12,"column":0},"end":{"line":33,"column":2}},"3":{"start":{"line":14,"column":2},"end":{"line":19,"column":3}},"4":{"start":{"line":15,"column":21},"end":{"line":15,"column":62}},"5":{"start":{"line":17,"column":4},"end":{"line":17,"column":52}},"6":{"start":{"line":18,"column":4},"end":{"line":18,"column":11}},"7":{"start":{"line":21,"column":2},"end":{"line":31,"column":5}},"8":{"start":{"line":23,"column":4},"end":{"line":29,"column":5}},"9":{"start":{"line":24,"column":6},"end":{"line":24,"column":37}},"10":{"start":{"line":25,"column":6},"end":{"line":25,"column":13}},"11":{"start":{"line":27,"column":6},"end":{"line":27,"column":25}},"12":{"start":{"line":28,"column":6},"end":{"line":28,"column":13}},"13":{"start":{"line":37,"column":0},"end":{"line":66,"column":2}},"14":{"start":{"line":39,"column":2},"end":{"line":44,"column":3}},"15":{"start":{"line":40,"column":18},"end":{"line":40,"column":53}},"16":{"start":{"line":42,"column":4},"end":{"line":42,"column":52}},"17":{"start":{"line":43,"column":4},"end":{"line":43,"column":11}},"18":{"start":{"line":46,"column":2},"end":{"line":64,"column":5}},"19":{"start":{"line":47,"column":4},"end":{"line":62,"column":5}},"20":{"start":{"line":48,"column":6},"end":{"line":48,"column":37}},"21":{"start":{"line":49,"column":6},"end":{"line":49,"column":13}},"22":{"start":{"line":52,"column":6},"end":{"line":60,"column":9}},"23":{"start":{"line":53,"column":8},"end":{"line":59,"column":9}},"24":{"start":{"line":54,"column":10},"end":{"line":54,"column":41}},"25":{"start":{"line":55,"column":10},"end":{"line":55,"column":17}},"26":{"start":{"line":57,"column":10},"end":{"line":57,"column":23}},"27":{"start":{"line":58,"column":10},"end":{"line":58,"column":17}},"28":{"start":{"line":69,"column":0},"end":{"line":95,"column":2}},"29":{"start":{"line":71,"column":13},"end":{"line":71,"column":22}},"30":{"start":{"line":72,"column":15},"end":{"line":72,"column":30}},"31":{"start":{"line":73,"column":2},"end":{"line":77,"column":3}},"32":{"start":{"line":75,"column":4},"end":{"line":75,"column":101}},"33":{"start":{"line":76,"column":4},"end":{"line":76,"column":11}},"34":{"start":{"line":81,"column":14},"end":{"line":81,"column":38}},"35":{"start":{"line":83,"column":2},"end":{"line":93,"column":5}},"36":{"start":{"line":85,"column":4},"end":{"line":91,"column":5}},"37":{"start":{"line":86,"column":6},"end":{"line":86,"column":37}},"38":{"start":{"line":87,"column":6},"end":{"line":87,"column":13}},"39":{"start":{"line":89,"column":6},"end":{"line":89,"column":19}},"40":{"start":{"line":90,"column":6},"end":{"line":90,"column":13}},"41":{"start":{"line":98,"column":0},"end":{"line":131,"column":2}},"42":{"start":{"line":100,"column":22},"end":{"line":100,"column":30}},"43":{"start":{"line":101,"column":15},"end":{"line":101,"column":37}},"44":{"start":{"line":102,"column":2},"end":{"line":105,"column":3}},"45":{"start":{"line":103,"column":4},"end":{"line":103,"column":97}},"46":{"start":{"line":104,"column":4},"end":{"line":104,"column":11}},"47":{"start":{"line":107,"column":18},"end":{"line":107,"column":41}},"48":{"start":{"line":109,"column":2},"end":{"line":115,"column":3}},"49":{"start":{"line":110,"column":4},"end":{"line":110,"column":41}},"50":{"start":{"line":112,"column":4},"end":{"line":112,"column":21}},"51":{"start":{"line":113,"column":4},"end":{"line":113,"column":52}},"52":{"start":{"line":114,"column":4},"end":{"line":114,"column":11}},"53":{"start":{"line":117,"column":2},"end":{"line":129,"column":5}},"54":{"start":{"line":119,"column":4},"end":{"line":127,"column":5}},"55":{"start":{"line":120,"column":6},"end":{"line":120,"column":37}},"56":{"start":{"line":121,"column":6},"end":{"line":121,"column":13}},"57":{"start":{"line":125,"column":6},"end":{"line":125,"column":24}},"58":{"start":{"line":126,"column":6},"end":{"line":126,"column":13}},"59":{"start":{"line":134,"column":0},"end":{"line":150,"column":2}},"60":{"start":{"line":136,"column":20},"end":{"line":136,"column":28}},"61":{"start":{"line":138,"column":2},"end":{"line":148,"column":5}},"62":{"start":{"line":140,"column":4},"end":{"line":146,"column":5}},"63":{"start":{"line":141,"column":6},"end":{"line":141,"column":37}},"64":{"start":{"line":142,"column":6},"end":{"line":142,"column":13}},"65":{"start":{"line":144,"column":6},"end":{"line":144,"column":38}},"66":{"start":{"line":145,"column":6},"end":{"line":145,"column":13}},"67":{"start":{"line":153,"column":0},"end":{"line":187,"column":2}},"68":{"start":{"line":155,"column":19},"end":{"line":155,"column":97}},"69":{"start":{"line":158,"column":2},"end":{"line":158,"column":25}},"70":{"start":{"line":160,"column":2},"end":{"line":185,"column":5}},"71":{"start":{"line":162,"column":4},"end":{"line":183,"column":5}},"72":{"start":{"line":163,"column":6},"end":{"line":163,"column":37}},"73":{"start":{"line":164,"column":6},"end":{"line":164,"column":13}},"74":{"start":{"line":166,"column":23},"end":{"line":166,"column":25}},"75":{"start":{"line":168,"column":6},"end":{"line":170,"column":7}},"76":{"start":{"line":169,"column":8},"end":{"line":169,"column":51}},"77":{"start":{"line":171,"column":6},"end":{"line":181,"column":9}},"78":{"start":{"line":173,"column":8},"end":{"line":179,"column":9}},"79":{"start":{"line":174,"column":10},"end":{"line":174,"column":41}},"80":{"start":{"line":175,"column":10},"end":{"line":175,"column":17}},"81":{"start":{"line":177,"column":10},"end":{"line":177,"column":29}},"82":{"start":{"line":178,"column":10},"end":{"line":178,"column":17}}},"fnMap":{"0":{"name":"(anonymous_0)","decl":{"start":{"line":12,"column":29},"end":{"line":12,"column":30}},"loc":{"start":{"line":12,"column":49},"end":{"line":33,"column":1}},"line":12},"1":{"name":"(anonymous_1)","decl":{"start":{"line":21,"column":21},"end":{"line":21,"column":22}},"loc":{"start":{"line":21,"column":40},"end":{"line":31,"column":3}},"line":21},"2":{"name":"(anonymous_2)","decl":{"start":{"line":37,"column":28},"end":{"line":37,"column":29}},"loc":{"start":{"line":37,"column":48},"end":{"line":66,"column":1}},"line":37},"3":{"name":"(anonymous_3)","decl":{"start":{"line":46,"column":18},"end":{"line":46,"column":19}},"loc":{"start":{"line":46,"column":31},"end":{"line":64,"column":3}},"line":46},"4":{"name":"(anonymous_4)","decl":{"start":{"line":52,"column":38},"end":{"line":52,"column":39}},"loc":{"start":{"line":52,"column":47},"end":{"line":60,"column":7}},"line":52},"5":{"name":"(anonymous_5)","decl":{"start":{"line":69,"column":31},"end":{"line":69,"column":32}},"loc":{"start":{"line":69,"column":51},"end":{"line":95,"column":1}},"line":69},"6":{"name":"(anonymous_6)","decl":{"start":{"line":83,"column":19},"end":{"line":83,"column":20}},"loc":{"start":{"line":83,"column":32},"end":{"line":93,"column":3}},"line":83},"7":{"name":"(anonymous_7)","decl":{"start":{"line":98,"column":31},"end":{"line":98,"column":32}},"loc":{"start":{"line":98,"column":51},"end":{"line":131,"column":1}},"line":98},"8":{"name":"(anonymous_8)","decl":{"start":{"line":117,"column":38},"end":{"line":117,"column":39}},"loc":{"start":{"line":117,"column":56},"end":{"line":129,"column":3}},"line":117},"9":{"name":"(anonymous_9)","decl":{"start":{"line":134,"column":32},"end":{"line":134,"column":33}},"loc":{"start":{"line":134,"column":52},"end":{"line":150,"column":1}},"line":134},"10":{"name":"(anonymous_10)","decl":{"start":{"line":138,"column":59},"end":{"line":138,"column":60}},"loc":{"start":{"line":138,"column":76},"end":{"line":148,"column":3}},"line":138},"11":{"name":"(anonymous_11)","decl":{"start":{"line":153,"column":37},"end":{"line":153,"column":38}},"loc":{"start":{"line":153,"column":57},"end":{"line":187,"column":1}},"line":153},"12":{"name":"(anonymous_12)","decl":{"start":{"line":160,"column":32},"end":{"line":160,"column":33}},"loc":{"start":{"line":160,"column":51},"end":{"line":185,"column":3}},"line":160},"13":{"name":"(anonymous_13)","decl":{"start":{"line":171,"column":41},"end":{"line":171,"column":42}},"loc":{"start":{"line":171,"column":60},"end":{"line":181,"column":7}},"line":171}},"branchMap":{"0":{"loc":{"start":{"line":23,"column":4},"end":{"line":29,"column":5}},"type":"if","locations":[{"start":{"line":23,"column":4},"end":{"line":29,"column":5}},{"start":{"line":23,"column":4},"end":{"line":29,"column":5}}],"line":23},"1":{"loc":{"start":{"line":47,"column":4},"end":{"line":62,"column":5}},"type":"if","locations":[{"start":{"line":47,"column":4},"end":{"line":62,"column":5}},{"start":{"line":47,"column":4},"end":{"line":62,"column":5}}],"line":47},"2":{"loc":{"start":{"line":53,"column":8},"end":{"line":59,"column":9}},"type":"if","locations":[{"start":{"line":53,"column":8},"end":{"line":59,"column":9}},{"start":{"line":53,"column":8},"end":{"line":59,"column":9}}],"line":53},"3":{"loc":{"start":{"line":73,"column":2},"end":{"line":77,"column":3}},"type":"if","locations":[{"start":{"line":73,"column":2},"end":{"line":77,"column":3}},{"start":{"line":73,"column":2},"end":{"line":77,"column":3}}],"line":73},"4":{"loc":{"start":{"line":73,"column":5},"end":{"line":73,"column":38}},"type":"binary-expr","locations":[{"start":{"line":73,"column":5},"end":{"line":73,"column":20}},{"start":{"line":73,"column":24},"end":{"line":73,"column":38}}],"line":73},"5":{"loc":{"start":{"line":85,"column":4},"end":{"line":91,"column":5}},"type":"if","locations":[{"start":{"line":85,"column":4},"end":{"line":91,"column":5}},{"start":{"line":85,"column":4},"end":{"line":91,"column":5}}],"line":85},"6":{"loc":{"start":{"line":102,"column":2},"end":{"line":105,"column":3}},"type":"if","locations":[{"start":{"line":102,"column":2},"end":{"line":105,"column":3}},{"start":{"line":102,"column":2},"end":{"line":105,"column":3}}],"line":102},"7":{"loc":{"start":{"line":102,"column":5},"end":{"line":102,"column":38}},"type":"binary-expr","locations":[{"start":{"line":102,"column":5},"end":{"line":102,"column":20}},{"start":{"line":102,"column":24},"end":{"line":102,"column":38}}],"line":102},"8":{"loc":{"start":{"line":119,"column":4},"end":{"line":127,"column":5}},"type":"if","locations":[{"start":{"line":119,"column":4},"end":{"line":127,"column":5}},{"start":{"line":119,"column":4},"end":{"line":127,"column":5}}],"line":119},"9":{"loc":{"start":{"line":140,"column":4},"end":{"line":146,"column":5}},"type":"if","locations":[{"start":{"line":140,"column":4},"end":{"line":146,"column":5}},{"start":{"line":140,"column":4},"end":{"line":146,"column":5}}],"line":140},"10":{"loc":{"start":{"line":162,"column":4},"end":{"line":183,"column":5}},"type":"if","locations":[{"start":{"line":162,"column":4},"end":{"line":183,"column":5}},{"start":{"line":162,"column":4},"end":{"line":183,"column":5}}],"line":162},"11":{"loc":{"start":{"line":173,"column":8},"end":{"line":179,"column":9}},"type":"if","locations":[{"start":{"line":173,"column":8},"end":{"line":179,"column":9}},{"start":{"line":173,"column":8},"end":{"line":179,"column":9}}],"line":173}},"s":{"0":1,"1":1,"2":1,"3":13,"4":13,"5":9,"6":9,"7":4,"8":4,"9":0,"10":0,"11":4,"12":4,"13":1,"14":7,"15":7,"16":5,"17":5,"18":2,"19":2,"20":0,"21":0,"22":2,"23":2,"24":0,"25":0,"26":2,"27":2,"28":1,"29":4,"30":4,"31":4,"32":2,"33":2,"34":2,"35":2,"36":2,"37":0,"38":0,"39":2,"40":2,"41":1,"42":8,"43":8,"44":8,"45":2,"46":2,"47":6,"48":6,"49":6,"50":4,"51":4,"52":4,"53":2,"54":2,"55":0,"56":0,"57":2,"58":2,"59":1,"60":6,"61":6,"62":6,"63":4,"64":4,"65":2,"66":2,"67":1,"68":6,"69":6,"70":6,"71":6,"72":0,"73":0,"74":6,"75":6,"76":3,"77":6,"78":6,"79":4,"80":4,"81":2,"82":2},"f":{"0":13,"1":4,"2":7,"3":2,"4":2,"5":4,"6":2,"7":8,"8":2,"9":6,"10":6,"11":6,"12":6,"13":6},"b":{"0":[0,4],"1":[0,2],"2":[0,2],"3":[2,2],"4":[4,4],"5":[0,2],"6":[2,6],"7":[8,8],"8":[0,2],"9":[4,2],"10":[0,6],"11":[4,2]},"_coverageSchema":"1a1c01bbd47fc00a2c39e90264f33305004495a9","hash":"dd0290136716def37e0d7350a32aba00f05d610b"}
,"C:\\Users\\suned\\Desktop\\321projectlocal\\321-project\\server\\userHandler\\userHandler.js": {"path":"C:\\Users\\suned\\Desktop\\321projectlocal\\321-project\\server\\userHandler\\userHandler.js","statementMap":{"0":{"start":{"line":10,"column":9},"end":{"line":10,"column":44}},"1":{"start":{"line":11,"column":16},"end":{"line":11,"column":45}},"2":{"start":{"line":14,"column":0},"end":{"line":39,"column":2}},"3":{"start":{"line":16,"column":13},"end":{"line":16,"column":21}},"4":{"start":{"line":18,"column":2},"end":{"line":24,"column":3}},"5":{"start":{"line":19,"column":4},"end":{"line":19,"column":34}},"6":{"start":{"line":21,"column":4},"end":{"line":21,"column":21}},"7":{"start":{"line":22,"column":4},"end":{"line":22,"column":52}},"8":{"start":{"line":23,"column":4},"end":{"line":23,"column":11}},"9":{"start":{"line":26,"column":2},"end":{"line":28,"column":3}},"10":{"start":{"line":27,"column":4},"end":{"line":27,"column":26}},"11":{"start":{"line":30,"column":2},"end":{"line":38,"column":5}},"12":{"start":{"line":31,"column":4},"end":{"line":37,"column":5}},"13":{"start":{"line":32,"column":6},"end":{"line":32,"column":37}},"14":{"start":{"line":33,"column":6},"end":{"line":33,"column":13}},"15":{"start":{"line":35,"column":6},"end":{"line":35,"column":25}},"16":{"start":{"line":36,"column":6},"end":{"line":36,"column":13}},"17":{"start":{"line":42,"column":0},"end":{"line":62,"column":2}},"18":{"start":{"line":44,"column":19},"end":{"line":44,"column":28}},"19":{"start":{"line":45,"column":15},"end":{"line":45,"column":36}},"20":{"start":{"line":46,"column":2},"end":{"line":49,"column":3}},"21":{"start":{"line":47,"column":4},"end":{"line":47,"column":90}},"22":{"start":{"line":48,"column":4},"end":{"line":48,"column":11}},"23":{"start":{"line":52,"column":2},"end":{"line":60,"column":5}},"24":{"start":{"line":53,"column":4},"end":{"line":59,"column":5}},"25":{"start":{"line":54,"column":6},"end":{"line":54,"column":37}},"26":{"start":{"line":55,"column":6},"end":{"line":55,"column":13}},"27":{"start":{"line":57,"column":6},"end":{"line":57,"column":21}},"28":{"start":{"line":58,"column":6},"end":{"line":58,"column":13}},"29":{"start":{"line":65,"column":0},"end":{"line":91,"column":2}},"30":{"start":{"line":67,"column":19},"end":{"line":67,"column":27}},"31":{"start":{"line":69,"column":2},"end":{"line":75,"column":3}},"32":{"start":{"line":70,"column":4},"end":{"line":70,"column":40}},"33":{"start":{"line":72,"column":4},"end":{"line":72,"column":21}},"34":{"start":{"line":73,"column":4},"end":{"line":73,"column":52}},"35":{"start":{"line":74,"column":4},"end":{"line":74,"column":11}},"36":{"start":{"line":77,"column":2},"end":{"line":79,"column":3}},"37":{"start":{"line":78,"column":4},"end":{"line":78,"column":32}},"38":{"start":{"line":81,"column":2},"end":{"line":89,"column":5}},"39":{"start":{"line":82,"column":4},"end":{"line":88,"column":5}},"40":{"start":{"line":83,"column":6},"end":{"line":83,"column":37}},"41":{"start":{"line":84,"column":6},"end":{"line":84,"column":13}},"42":{"start":{"line":86,"column":6},"end":{"line":86,"column":21}},"43":{"start":{"line":87,"column":6},"end":{"line":87,"column":13}},"44":{"start":{"line":94,"column":0},"end":{"line":117,"column":2}},"45":{"start":{"line":98,"column":18},"end":{"line":98,"column":26}},"46":{"start":{"line":100,"column":2},"end":{"line":106,"column":3}},"47":{"start":{"line":101,"column":4},"end":{"line":101,"column":39}},"48":{"start":{"line":103,"column":4},"end":{"line":103,"column":21}},"49":{"start":{"line":104,"column":4},"end":{"line":104,"column":52}},"50":{"start":{"line":105,"column":4},"end":{"line":105,"column":11}},"51":{"start":{"line":108,"column":2},"end":{"line":115,"column":5}},"52":{"start":{"line":109,"column":4},"end":{"line":114,"column":5}},"53":{"start":{"line":110,"column":6},"end":{"line":110,"column":37}},"54":{"start":{"line":111,"column":6},"end":{"line":111,"column":13}},"55":{"start":{"line":113,"column":6},"end":{"line":113,"column":23}}},"fnMap":{"0":{"name":"(anonymous_0)","decl":{"start":{"line":14,"column":25},"end":{"line":14,"column":26}},"loc":{"start":{"line":14,"column":45},"end":{"line":39,"column":1}},"line":14},"1":{"name":"(anonymous_1)","decl":{"start":{"line":30,"column":15},"end":{"line":30,"column":16}},"loc":{"start":{"line":30,"column":34},"end":{"line":38,"column":3}},"line":30},"2":{"name":"(anonymous_2)","decl":{"start":{"line":42,"column":28},"end":{"line":42,"column":29}},"loc":{"start":{"line":42,"column":48},"end":{"line":62,"column":1}},"line":42},"3":{"name":"(anonymous_3)","decl":{"start":{"line":52,"column":31},"end":{"line":52,"column":32}},"loc":{"start":{"line":52,"column":46},"end":{"line":60,"column":3}},"line":52},"4":{"name":"(anonymous_4)","decl":{"start":{"line":65,"column":28},"end":{"line":65,"column":29}},"loc":{"start":{"line":65,"column":48},"end":{"line":91,"column":1}},"line":65},"5":{"name":"(anonymous_5)","decl":{"start":{"line":81,"column":24},"end":{"line":81,"column":25}},"loc":{"start":{"line":81,"column":39},"end":{"line":89,"column":3}},"line":81},"6":{"name":"(anonymous_6)","decl":{"start":{"line":94,"column":28},"end":{"line":94,"column":29}},"loc":{"start":{"line":94,"column":48},"end":{"line":117,"column":1}},"line":94},"7":{"name":"(anonymous_7)","decl":{"start":{"line":108,"column":28},"end":{"line":108,"column":29}},"loc":{"start":{"line":108,"column":45},"end":{"line":115,"column":3}},"line":108}},"branchMap":{"0":{"loc":{"start":{"line":26,"column":2},"end":{"line":28,"column":3}},"type":"if","locations":[{"start":{"line":26,"column":2},"end":{"line":28,"column":3}},{"start":{"line":26,"column":2},"end":{"line":28,"column":3}}],"line":26},"1":{"loc":{"start":{"line":31,"column":4},"end":{"line":37,"column":5}},"type":"if","locations":[{"start":{"line":31,"column":4},"end":{"line":37,"column":5}},{"start":{"line":31,"column":4},"end":{"line":37,"column":5}}],"line":31},"2":{"loc":{"start":{"line":46,"column":2},"end":{"line":49,"column":3}},"type":"if","locations":[{"start":{"line":46,"column":2},"end":{"line":49,"column":3}},{"start":{"line":46,"column":2},"end":{"line":49,"column":3}}],"line":46},"3":{"loc":{"start":{"line":46,"column":5},"end":{"line":46,"column":44}},"type":"binary-expr","locations":[{"start":{"line":46,"column":5},"end":{"line":46,"column":20}},{"start":{"line":46,"column":24},"end":{"line":46,"column":44}}],"line":46},"4":{"loc":{"start":{"line":53,"column":4},"end":{"line":59,"column":5}},"type":"if","locations":[{"start":{"line":53,"column":4},"end":{"line":59,"column":5}},{"start":{"line":53,"column":4},"end":{"line":59,"column":5}}],"line":53},"5":{"loc":{"start":{"line":77,"column":2},"end":{"line":79,"column":3}},"type":"if","locations":[{"start":{"line":77,"column":2},"end":{"line":79,"column":3}},{"start":{"line":77,"column":2},"end":{"line":79,"column":3}}],"line":77},"6":{"loc":{"start":{"line":82,"column":4},"end":{"line":88,"column":5}},"type":"if","locations":[{"start":{"line":82,"column":4},"end":{"line":88,"column":5}},{"start":{"line":82,"column":4},"end":{"line":88,"column":5}}],"line":82},"7":{"loc":{"start":{"line":109,"column":4},"end":{"line":114,"column":5}},"type":"if","locations":[{"start":{"line":109,"column":4},"end":{"line":114,"column":5}},{"start":{"line":109,"column":4},"end":{"line":114,"column":5}}],"line":109}},"s":{"0":1,"1":1,"2":1,"3":9,"4":9,"5":9,"6":4,"7":4,"8":4,"9":5,"10":1,"11":5,"12":6,"13":1,"14":1,"15":5,"16":4,"17":1,"18":4,"19":4,"20":4,"21":2,"22":2,"23":2,"24":2,"25":0,"26":0,"27":2,"28":2,"29":1,"30":8,"31":8,"32":8,"33":4,"34":4,"35":4,"36":4,"37":1,"38":4,"39":4,"40":0,"41":0,"42":4,"43":4,"44":1,"45":7,"46":7,"47":7,"48":3,"49":3,"50":3,"51":4,"52":4,"53":2,"54":2,"55":2},"f":{"0":9,"1":6,"2":4,"3":2,"4":8,"5":4,"6":7,"7":4},"b":{"0":[1,4],"1":[1,5],"2":[2,2],"3":[4,4],"4":[0,2],"5":[1,3],"6":[0,4],"7":[2,2]},"_coverageSchema":"1a1c01bbd47fc00a2c39e90264f33305004495a9","hash":"2c0dbf48d3ef20cbb3f981d6cab05be1921d8fb8"}
,"C:\\Users\\suned\\Desktop\\321projectlocal\\321-project\\server\\userHandler\\userInfoCheck.js": {"path":"C:\\Users\\suned\\Desktop\\321projectlocal\\321-project\\server\\userHandler\\userInfoCheck.js","statementMap":{"0":{"start":{"line":1,"column":23},"end":{"line":1,"column":60}},"1":{"start":{"line":2,"column":29},"end":{"line":2,"column":66}},"2":{"start":{"line":6,"column":16},"end":{"line":11,"column":1}},"3":{"start":{"line":7,"column":2},"end":{"line":9,"column":3}},"4":{"start":{"line":8,"column":4},"end":{"line":8,"column":74}},"5":{"start":{"line":10,"column":2},"end":{"line":10,"column":14}},"6":{"start":{"line":15,"column":0},"end":{"line":26,"column":2}},"7":{"start":{"line":17,"column":13},"end":{"line":17,"column":30}},"8":{"start":{"line":18,"column":2},"end":{"line":24,"column":3}},"9":{"start":{"line":19,"column":4},"end":{"line":21,"column":5}},"10":{"start":{"line":20,"column":6},"end":{"line":20,"column":40}},"11":{"start":{"line":23,"column":4},"end":{"line":23,"column":38}},"12":{"start":{"line":25,"column":2},"end":{"line":25,"column":14}}},"fnMap":{"0":{"name":"(anonymous_0)","decl":{"start":{"line":6,"column":16},"end":{"line":6,"column":17}},"loc":{"start":{"line":6,"column":36},"end":{"line":11,"column":1}},"line":6},"1":{"name":"(anonymous_1)","decl":{"start":{"line":15,"column":31},"end":{"line":15,"column":32}},"loc":{"start":{"line":15,"column":46},"end":{"line":26,"column":1}},"line":15}},"branchMap":{"0":{"loc":{"start":{"line":7,"column":2},"end":{"line":9,"column":3}},"type":"if","locations":[{"start":{"line":7,"column":2},"end":{"line":9,"column":3}},{"start":{"line":7,"column":2},"end":{"line":9,"column":3}}],"line":7},"1":{"loc":{"start":{"line":7,"column":5},"end":{"line":7,"column":69}},"type":"binary-expr","locations":[{"start":{"line":7,"column":5},"end":{"line":7,"column":39}},{"start":{"line":7,"column":43},"end":{"line":7,"column":69}}],"line":7},"2":{"loc":{"start":{"line":19,"column":4},"end":{"line":21,"column":5}},"type":"if","locations":[{"start":{"line":19,"column":4},"end":{"line":21,"column":5}},{"start":{"line":19,"column":4},"end":{"line":21,"column":5}}],"line":19}},"s":{"0":1,"1":1,"2":1,"3":45,"4":6,"5":39,"6":1,"7":24,"8":24,"9":50,"10":5,"11":45,"12":13},"f":{"0":45,"1":24},"b":{"0":[6,39],"1":[45,45],"2":[5,45]},"_coverageSchema":"1a1c01bbd47fc00a2c39e90264f33305004495a9","hash":"6b0920260c5803896c7ebd75ccfbd03ee9557ac8"}
}
