TN:
SF:..\dbInterface\serviceDB.js
FN:23,(anonymous_0)
FN:30,(anonymous_1)
FN:53,(anonymous_2)
FN:62,(anonymous_3)
FN:83,(anonymous_4)
FN:89,(anonymous_5)
FN:105,(anonymous_6)
FN:115,(anonymous_7)
FN:137,(anonymous_8)
FN:143,(anonymous_9)
FN:157,(anonymous_10)
FN:167,(anonymous_11)
FN:190,(anonymous_12)
FN:198,(anonymous_13)
FN:220,(anonymous_14)
FN:231,(anonymous_15)
FN:244,(anonymous_16)
FN:252,(anonymous_17)
FN:269,(anonymous_18)
FN:279,(anonymous_19)
FN:291,(anonymous_20)
FN:298,(anonymous_21)
FN:318,(anonymous_22)
FN:329,(anonymous_23)
FN:341,(anonymous_24)
FN:348,(anonymous_25)
FN:364,(anonymous_26)
FN:374,(anonymous_27)
FN:394,(anonymous_28)
FN:400,(anonymous_29)
FN:416,(anonymous_30)
FN:426,(anonymous_31)
FNF:32
FNH:32
FNDA:2,(anonymous_0)
FNDA:2,(anonymous_1)
FNDA:2,(anonymous_2)
FNDA:2,(anonymous_3)
FNDA:4,(anonymous_4)
FNDA:4,(anonymous_5)
FNDA:4,(anonymous_6)
FNDA:4,(anonymous_7)
FNDA:2,(anonymous_8)
FNDA:2,(anonymous_9)
FNDA:2,(anonymous_10)
FNDA:2,(anonymous_11)
FNDA:2,(anonymous_12)
FNDA:2,(anonymous_13)
FNDA:2,(anonymous_14)
FNDA:2,(anonymous_15)
FNDA:2,(anonymous_16)
FNDA:2,(anonymous_17)
FNDA:2,(anonymous_18)
FNDA:2,(anonymous_19)
FNDA:6,(anonymous_20)
FNDA:6,(anonymous_21)
FNDA:6,(anonymous_22)
FNDA:6,(anonymous_23)
FNDA:6,(anonymous_24)
FNDA:6,(anonymous_25)
FNDA:6,(anonymous_26)
FNDA:6,(anonymous_27)
FNDA:6,(anonymous_28)
FNDA:6,(anonymous_29)
FNDA:6,(anonymous_30)
FNDA:6,(anonymous_31)
DA:9,1
DA:10,1
DA:23,1
DA:27,2
DA:30,2
DA:31,2
DA:32,0
DA:33,0
DA:39,2
DA:50,2
DA:53,2
DA:54,2
DA:55,0
DA:56,0
DA:58,2
DA:62,2
DA:63,2
DA:64,0
DA:65,0
DA:83,1
DA:86,4
DA:89,4
DA:90,4
DA:91,0
DA:92,0
DA:98,4
DA:100,4
DA:102,4
DA:105,4
DA:106,4
DA:107,0
DA:108,0
DA:111,4
DA:115,4
DA:116,4
DA:117,0
DA:118,0
DA:137,1
DA:140,2
DA:143,2
DA:144,2
DA:145,0
DA:146,0
DA:152,2
DA:157,2
DA:158,2
DA:159,0
DA:160,0
DA:162,2
DA:167,2
DA:168,2
DA:169,0
DA:170,0
DA:190,1
DA:195,2
DA:198,2
DA:199,2
DA:200,0
DA:201,0
DA:207,2
DA:217,2
DA:220,2
DA:221,2
DA:222,0
DA:223,0
DA:226,2
DA:231,2
DA:232,2
DA:233,0
DA:234,0
DA:244,1
DA:249,2
DA:252,2
DA:253,2
DA:254,0
DA:255,0
DA:260,2
DA:267,2
DA:269,2
DA:270,2
DA:271,0
DA:272,0
DA:274,2
DA:279,2
DA:280,2
DA:281,0
DA:282,0
DA:291,1
DA:295,6
DA:298,6
DA:299,6
DA:300,0
DA:301,0
DA:307,6
DA:316,6
DA:318,6
DA:319,6
DA:320,4
DA:321,4
DA:324,2
DA:329,6
DA:330,6
DA:331,0
DA:332,0
DA:341,1
DA:345,6
DA:348,6
DA:349,6
DA:350,0
DA:351,0
DA:357,6
DA:359,6
DA:361,6
DA:364,6
DA:365,6
DA:366,0
DA:367,0
DA:370,6
DA:374,6
DA:375,6
DA:376,0
DA:377,0
DA:394,1
DA:397,6
DA:400,6
DA:401,6
DA:402,0
DA:403,0
DA:409,6
DA:411,6
DA:413,6
DA:416,6
DA:417,6
DA:418,4
DA:419,4
DA:422,2
DA:426,6
DA:427,6
DA:428,0
DA:429,0
LF:140
LH:96
BRDA:31,0,0,0
BRDA:31,0,1,2
BRDA:54,1,0,0
BRDA:54,1,1,2
BRDA:63,2,0,0
BRDA:63,2,1,2
BRDA:90,3,0,0
BRDA:90,3,1,4
BRDA:106,4,0,0
BRDA:106,4,1,4
BRDA:116,5,0,0
BRDA:116,5,1,4
BRDA:144,6,0,0
BRDA:144,6,1,2
BRDA:158,7,0,0
BRDA:158,7,1,2
BRDA:168,8,0,0
BRDA:168,8,1,2
BRDA:199,9,0,0
BRDA:199,9,1,2
BRDA:221,10,0,0
BRDA:221,10,1,2
BRDA:232,11,0,0
BRDA:232,11,1,2
BRDA:253,12,0,0
BRDA:253,12,1,2
BRDA:270,13,0,0
BRDA:270,13,1,2
BRDA:280,14,0,0
BRDA:280,14,1,2
BRDA:299,15,0,0
BRDA:299,15,1,6
BRDA:319,16,0,4
BRDA:319,16,1,2
BRDA:330,17,0,0
BRDA:330,17,1,6
BRDA:349,18,0,0
BRDA:349,18,1,6
BRDA:365,19,0,0
BRDA:365,19,1,6
BRDA:375,20,0,0
BRDA:375,20,1,6
BRDA:401,21,0,0
BRDA:401,21,1,6
BRDA:417,22,0,4
BRDA:417,22,1,2
BRDA:427,23,0,0
BRDA:427,23,1,6
BRF:48
BRH:26
end_of_record
TN:
SF:..\dbInterface\userDB.js
FN:22,(anonymous_0)
FN:30,(anonymous_1)
FN:47,(anonymous_2)
FN:66,(anonymous_3)
FN:91,(anonymous_4)
FN:97,(anonymous_5)
FN:110,(anonymous_6)
FN:120,(anonymous_7)
FN:145,(anonymous_8)
FN:150,(anonymous_9)
FN:165,(anonymous_10)
FN:179,(anonymous_11)
FN:191,(anonymous_12)
FN:199,(anonymous_13)
FN:209,(anonymous_14)
FN:223,(anonymous_15)
FN:232,(anonymous_16)
FN:252,(anonymous_17)
FN:257,(anonymous_18)
FN:267,(anonymous_19)
FN:276,(anonymous_20)
FNF:21
FNH:17
FNDA:5,(anonymous_0)
FNDA:5,(anonymous_1)
FNDA:5,(anonymous_2)
FNDA:5,(anonymous_3)
FNDA:2,(anonymous_4)
FNDA:2,(anonymous_5)
FNDA:2,(anonymous_6)
FNDA:2,(anonymous_7)
FNDA:4,(anonymous_8)
FNDA:4,(anonymous_9)
FNDA:4,(anonymous_10)
FNDA:4,(anonymous_11)
FNDA:4,(anonymous_12)
FNDA:4,(anonymous_13)
FNDA:4,(anonymous_14)
FNDA:4,(anonymous_15)
FNDA:4,(anonymous_16)
FNDA:0,(anonymous_17)
FNDA:0,(anonymous_18)
FNDA:0,(anonymous_19)
FNDA:0,(anonymous_20)
DA:8,1
DA:9,1
DA:22,1
DA:27,5
DA:30,5
DA:31,5
DA:32,0
DA:33,0
DA:38,5
DA:45,5
DA:47,5
DA:48,5
DA:49,1
DA:50,4
DA:52,0
DA:53,0
DA:58,5
DA:66,5
DA:67,5
DA:68,0
DA:69,0
DA:91,1
DA:94,2
DA:97,2
DA:98,2
DA:99,0
DA:100,0
DA:106,2
DA:110,2
DA:111,2
DA:112,0
DA:113,0
DA:116,2
DA:120,2
DA:121,2
DA:122,0
DA:123,0
DA:145,1
DA:147,4
DA:150,4
DA:151,4
DA:152,0
DA:153,0
DA:156,4
DA:163,4
DA:165,4
DA:166,4
DA:167,0
DA:168,0
DA:171,4
DA:179,4
DA:180,4
DA:181,0
DA:182,0
DA:191,1
DA:196,4
DA:199,4
DA:200,4
DA:201,0
DA:202,0
DA:208,4
DA:209,4
DA:210,4
DA:211,0
DA:212,0
DA:215,4
DA:216,2
DA:218,2
DA:222,4
DA:223,4
DA:224,4
DA:225,0
DA:226,0
DA:232,4
DA:233,4
DA:234,0
DA:235,0
DA:252,1
DA:254,0
DA:257,0
DA:258,0
DA:259,0
DA:260,0
DA:265,0
DA:267,0
DA:268,0
DA:269,0
DA:270,0
DA:272,0
DA:276,0
DA:277,0
DA:278,0
DA:279,0
LF:93
LH:52
BRDA:31,0,0,0
BRDA:31,0,1,5
BRDA:48,1,0,1
BRDA:48,1,1,4
BRDA:48,2,0,5
BRDA:48,2,1,1
BRDA:50,3,0,0
BRDA:50,3,1,4
BRDA:67,4,0,0
BRDA:67,4,1,5
BRDA:98,5,0,0
BRDA:98,5,1,2
BRDA:111,6,0,0
BRDA:111,6,1,2
BRDA:121,7,0,0
BRDA:121,7,1,2
BRDA:151,8,0,0
BRDA:151,8,1,4
BRDA:166,9,0,0
BRDA:166,9,1,4
BRDA:180,10,0,0
BRDA:180,10,1,4
BRDA:200,11,0,0
BRDA:200,11,1,4
BRDA:210,12,0,0
BRDA:210,12,1,4
BRDA:215,13,0,2
BRDA:215,13,1,2
BRDA:215,14,0,4
BRDA:215,14,1,4
BRDA:224,15,0,0
BRDA:224,15,1,4
BRDA:233,16,0,0
BRDA:233,16,1,4
BRDA:258,17,0,0
BRDA:258,17,1,0
BRDA:268,18,0,0
BRDA:268,18,1,0
BRDA:277,19,0,0
BRDA:277,19,1,0
BRF:40
BRH:21
end_of_record
TN:
SF:..\serviceHandler\requestData.js
FN:15,(anonymous_0)
FN:33,(anonymous_1)
FN:53,(anonymous_2)
FN:72,(anonymous_3)
FN:86,(anonymous_4)
FN:105,(anonymous_5)
FN:124,(anonymous_6)
FN:137,(anonymous_7)
FN:146,(anonymous_8)
FN:164,(anonymous_9)
FNF:10
FNH:10
FNDA:46,(anonymous_0)
FNDA:13,(anonymous_1)
FNDA:7,(anonymous_2)
FNDA:6,(anonymous_3)
FNDA:6,(anonymous_4)
FNDA:16,(anonymous_5)
FNDA:22,(anonymous_6)
FNDA:17,(anonymous_7)
FNDA:25,(anonymous_8)
FNDA:13,(anonymous_9)
DA:2,1
DA:3,1
DA:4,1
DA:5,1
DA:6,1
DA:7,1
DA:15,1
DA:17,46
DA:18,2
DA:19,44
DA:20,1
DA:23,43
DA:33,1
DA:35,13
DA:36,13
DA:38,52
DA:39,6
DA:42,46
DA:46,4
DA:50,1
DA:53,1
DA:56,7
DA:57,0
DA:59,7
DA:62,7
DA:63,7
DA:66,7
DA:67,2
DA:72,1
DA:76,6
DA:77,4
DA:79,2
DA:82,6
DA:86,1
DA:90,6
DA:91,4
DA:93,2
DA:96,6
DA:105,1
DA:108,16
DA:109,16
DA:111,16
DA:112,4
DA:113,12
DA:114,6
DA:115,6
DA:116,6
DA:119,16
DA:124,1
DA:126,22
DA:127,2
DA:128,20
DA:129,3
DA:132,17
DA:137,1
DA:138,17
DA:139,1
DA:142,16
DA:146,1
DA:148,25
DA:149,25
DA:150,3
DA:153,22
DA:164,1
DA:166,13
DA:168,13
DA:170,13
DA:172,25
DA:173,16
DA:174,16
DA:179,4
DA:184,1
LF:72
LH:71
BRDA:17,0,0,2
BRDA:17,0,1,44
BRDA:17,1,0,46
BRDA:17,1,1,37
BRDA:19,2,0,1
BRDA:19,2,1,43
BRDA:19,3,0,44
BRDA:19,3,1,9
BRDA:38,4,0,6
BRDA:38,4,1,46
BRDA:56,5,0,0
BRDA:56,5,1,7
BRDA:62,6,0,7
BRDA:62,6,1,0
BRDA:66,7,0,2
BRDA:66,7,1,0
BRDA:76,8,0,4
BRDA:76,8,1,2
BRDA:90,9,0,4
BRDA:90,9,1,2
BRDA:111,10,0,4
BRDA:111,10,1,12
BRDA:113,11,0,6
BRDA:113,11,1,6
BRDA:115,12,0,6
BRDA:115,12,1,0
BRDA:126,13,0,2
BRDA:126,13,1,20
BRDA:126,14,0,22
BRDA:126,14,1,6
BRDA:128,15,0,3
BRDA:128,15,1,17
BRDA:128,16,0,20
BRDA:128,16,1,16
BRDA:138,17,0,1
BRDA:138,17,1,16
BRDA:138,18,0,17
BRDA:138,18,1,9
BRDA:149,19,0,3
BRDA:149,19,1,22
BRDA:153,20,0,22
BRDA:153,20,1,17
BRDA:172,21,0,16
BRDA:172,21,1,0
BRF:44
BRH:39
end_of_record
TN:
SF:..\serviceHandler\serviceHandler.js
FN:12,(anonymous_0)
FN:21,(anonymous_1)
FN:37,(anonymous_2)
FN:46,(anonymous_3)
FN:52,(anonymous_4)
FN:69,(anonymous_5)
FN:83,(anonymous_6)
FN:98,(anonymous_7)
FN:117,(anonymous_8)
FN:134,(anonymous_9)
FN:138,(anonymous_10)
FN:153,(anonymous_11)
FN:160,(anonymous_12)
FN:171,(anonymous_13)
FNF:14
FNH:14
FNDA:13,(anonymous_0)
FNDA:4,(anonymous_1)
FNDA:7,(anonymous_2)
FNDA:2,(anonymous_3)
FNDA:2,(anonymous_4)
FNDA:4,(anonymous_5)
FNDA:2,(anonymous_6)
FNDA:8,(anonymous_7)
FNDA:2,(anonymous_8)
FNDA:6,(anonymous_9)
FNDA:6,(anonymous_10)
FNDA:6,(anonymous_11)
FNDA:6,(anonymous_12)
FNDA:6,(anonymous_13)
DA:9,1
DA:10,1
DA:12,1
DA:14,13
DA:15,13
DA:17,9
DA:18,9
DA:21,4
DA:23,4
DA:24,0
DA:25,0
DA:27,4
DA:28,4
DA:37,1
DA:39,7
DA:40,7
DA:42,5
DA:43,5
DA:46,2
DA:47,2
DA:48,0
DA:49,0
DA:52,2
DA:53,2
DA:54,0
DA:55,0
DA:57,2
DA:58,2
DA:69,1
DA:71,4
DA:72,4
DA:73,4
DA:75,2
DA:76,2
DA:81,2
DA:83,2
DA:85,2
DA:86,0
DA:87,0
DA:89,2
DA:90,2
DA:98,1
DA:100,8
DA:101,8
DA:102,8
DA:103,2
DA:104,2
DA:107,6
DA:109,6
DA:110,6
DA:112,4
DA:113,4
DA:114,4
DA:117,2
DA:119,2
DA:120,0
DA:121,0
DA:125,2
DA:126,2
DA:134,1
DA:136,6
DA:138,6
DA:140,6
DA:141,4
DA:142,4
DA:144,2
DA:145,2
DA:153,1
DA:155,6
DA:158,6
DA:160,6
DA:162,6
DA:163,0
DA:164,0
DA:166,6
DA:168,6
DA:169,3
DA:171,6
DA:173,6
DA:174,4
DA:175,4
DA:177,2
DA:178,2
LF:83
LH:71
BRDA:23,0,0,0
BRDA:23,0,1,4
BRDA:47,1,0,0
BRDA:47,1,1,2
BRDA:53,2,0,0
BRDA:53,2,1,2
BRDA:73,3,0,2
BRDA:73,3,1,2
BRDA:73,4,0,4
BRDA:73,4,1,4
BRDA:85,5,0,0
BRDA:85,5,1,2
BRDA:102,6,0,2
BRDA:102,6,1,6
BRDA:102,7,0,8
BRDA:102,7,1,8
BRDA:119,8,0,0
BRDA:119,8,1,2
BRDA:140,9,0,4
BRDA:140,9,1,2
BRDA:162,10,0,0
BRDA:162,10,1,6
BRDA:173,11,0,4
BRDA:173,11,1,2
BRF:24
BRH:18
end_of_record
TN:
SF:..\userHandler\userHandler.js
FN:14,(anonymous_0)
FN:30,(anonymous_1)
FN:42,(anonymous_2)
FN:52,(anonymous_3)
FN:65,(anonymous_4)
FN:81,(anonymous_5)
FN:94,(anonymous_6)
FN:108,(anonymous_7)
FNF:8
FNH:8
FNDA:9,(anonymous_0)
FNDA:6,(anonymous_1)
FNDA:4,(anonymous_2)
FNDA:2,(anonymous_3)
FNDA:8,(anonymous_4)
FNDA:4,(anonymous_5)
FNDA:7,(anonymous_6)
FNDA:4,(anonymous_7)
DA:10,1
DA:11,1
DA:14,1
DA:16,9
DA:18,9
DA:19,9
DA:21,4
DA:22,4
DA:23,4
DA:26,5
DA:27,1
DA:30,5
DA:31,6
DA:32,1
DA:33,1
DA:35,5
DA:36,4
DA:42,1
DA:44,4
DA:45,4
DA:46,4
DA:47,2
DA:48,2
DA:52,2
DA:53,2
DA:54,0
DA:55,0
DA:57,2
DA:58,2
DA:65,1
DA:67,8
DA:69,8
DA:70,8
DA:72,4
DA:73,4
DA:74,4
DA:77,4
DA:78,1
DA:81,4
DA:82,4
DA:83,0
DA:84,0
DA:86,4
DA:87,4
DA:94,1
DA:98,7
DA:100,7
DA:101,7
DA:103,3
DA:104,3
DA:105,3
DA:108,4
DA:109,4
DA:110,2
DA:111,2
DA:113,2
LF:56
LH:52
BRDA:26,0,0,1
BRDA:26,0,1,4
BRDA:31,1,0,1
BRDA:31,1,1,5
BRDA:46,2,0,2
BRDA:46,2,1,2
BRDA:46,3,0,4
BRDA:46,3,1,4
BRDA:53,4,0,0
BRDA:53,4,1,2
BRDA:77,5,0,1
BRDA:77,5,1,3
BRDA:82,6,0,0
BRDA:82,6,1,4
BRDA:109,7,0,2
BRDA:109,7,1,2
BRF:16
BRH:14
end_of_record
TN:
SF:..\userHandler\userInfoCheck.js
FN:6,(anonymous_0)
FN:15,(anonymous_1)
FNF:2
FNH:2
FNDA:45,(anonymous_0)
FNDA:24,(anonymous_1)
DA:1,1
DA:2,1
DA:6,1
DA:7,45
DA:8,6
DA:10,39
DA:15,1
DA:17,24
DA:18,24
DA:19,50
DA:20,5
DA:23,45
DA:25,13
LF:13
LH:13
BRDA:7,0,0,6
BRDA:7,0,1,39
BRDA:7,1,0,45
BRDA:7,1,1,45
BRDA:19,2,0,5
BRDA:19,2,1,45
BRF:6
BRH:6
end_of_record
